2019-07-18 21:32:36.0420 [DEBUG] Validating model...
2019-07-18 21:32:36.2215 [DEBUG] Model updated
2019-07-18 21:32:36.2215 [DEBUG] Authenticating with server...
2019-07-18 21:32:36.7141 [DEBUG] Connected to room. (99957:SceneFusion:SceneFusion)
2019-07-18 21:32:36.7235 [INFO] Connected to server.
2019-07-18 21:32:36.7240 [DEBUG] OS : Microsoft Windows NT 10.0.17763.0
2019-07-18 21:32:36.7240 [DEBUG] Unity Version : 2019.1.8f1
2019-07-18 21:32:36.7240 [DEBUG] Pro License : False
2019-07-18 21:32:36.7240 [DEBUG] Platform : WindowsEditor
2019-07-18 21:32:36.7245 [DEBUG] Build Target : StandaloneWindows64
2019-07-18 21:32:36.7245 [DEBUG] Scene Fusion version : 1.8.2
2019-07-18 21:32:37.2043 [DEBUG] Scene Fusion client build : 3
2019-07-18 21:32:37.2043 [DEBUG] User : hamish@pageland.co.nz
2019-07-18 21:32:37.2043 [DEBUG] Waiting for server response
2019-07-18 21:32:37.3431 [DEBUG] Tier: Scene Fusion - Free, Permissions: 00006402
2019-07-18 21:32:37.3431 [DEBUG] User Permissions: FFFFFFFF
2019-07-18 21:32:37.6789 [DEBUG] No stand-in for UnityEngine.LocalizationAsset
2019-07-18 21:32:37.6789 [DEBUG] No stand-in for UnityEngine.ProceduralMaterial
2019-07-18 21:32:37.6789 [DEBUG] No stand-in for UnityEngine.ProceduralTexture
2019-07-18 21:32:37.6789 [DEBUG] No stand-in for UnityEngine.TerrainLayer
2019-07-18 21:32:37.6794 [DEBUG] No stand-in for UnityEngine.Experimental.VFX.VisualEffectAsset
2019-07-18 21:32:37.9413 [DEBUG] Uploading scene 'Greece Scene'
2019-07-18 21:32:38.0053 [WARNING] Cannot sync 'Sprites/Default' (Material) because it is not in Unity's asset database.
2019-07-18 21:32:46.8352 [DEBUG] Compressing scene data
2019-07-18 21:32:50.1291 [DEBUG] Spawn request. (Objects: 456)
2019-07-18 21:32:50.1321 [DEBUG] Room RPC. (Id: 75, Size: 20006, Reporting Threshold: 10000)
2019-07-18 21:32:50.1341 [DEBUG] Room RPC. (Id: 75, Size: 20006, Reporting Threshold: 10000)
2019-07-18 21:32:50.1361 [DEBUG] Room RPC. (Id: 75, Size: 20006, Reporting Threshold: 10000)
2019-07-18 21:32:50.1455 [DEBUG] batch size: 61117
2019-07-18 21:32:50.3970 [DEBUG] Upload
2019-07-18 21:32:50.5919 [DEBUG] Waitng for server to process scene data
2019-07-18 21:32:51.0145 [DEBUG] Loading complete
2019-07-18 21:33:33.6083 [DEBUG] Spawn request. (Objects: 2)
2019-07-18 21:34:14.1828 [DEBUG] Spawn request. (Objects: 1)
2019-07-18 21:34:31.1013 [DEBUG] Spawn request. (Objects: 1)
2019-07-18 21:34:43.6345 [DEBUG] Spawn request. (Objects: 1)
2019-07-18 21:34:48.6043 [DEBUG] Spawn request. (Objects: 1)
2019-07-18 21:35:30.4774 [DEBUG] Spawn request. (Objects: 1)
2019-07-18 21:39:57.8401 [DEBUG] Spawn request. (Objects: 9)
2019-07-18 21:40:45.5553 [WARNING] Expected 4 prefab components on prefab 'Assets/Prefabs/Greece Prefabs/Small Parts/3X3 Lattice.prefab-0' but found 3.
2019-07-18 21:40:45.5653 [WARNING] Expected 4 prefab components on prefab 'Assets/Prefabs/Greece Prefabs/Small Parts/3X3 Lattice.prefab-1' but found 3.
2019-07-18 21:40:45.6550 [WARNING] Expected 4 prefab components on prefab 'Assets/Prefabs/Greece Prefabs/Small Parts/3X3 Lattice.prefab-2' but found 3.
2019-07-18 21:40:45.6650 [WARNING] Expected 4 prefab components on prefab 'Assets/Prefabs/Greece Prefabs/Small Parts/3X3 Lattice.prefab-3' but found 3.
2019-07-18 21:40:45.6744 [WARNING] Expected 4 prefab components on prefab 'Assets/Prefabs/Greece Prefabs/Small Parts/3X3 Lattice.prefab-4' but found 3.
2019-07-18 21:40:45.7151 [WARNING] Expected 4 prefab components on prefab 'Assets/Prefabs/Greece Prefabs/Small Parts/3X3 Lattice.prefab-5' but found 3.
2019-07-18 21:40:45.7240 [WARNING] Expected 4 prefab components on prefab 'Assets/Prefabs/Greece Prefabs/Small Parts/3X3 Lattice.prefab-6' but found 3.
2019-07-18 21:40:45.7329 [WARNING] Expected 4 prefab components on prefab 'Assets/Prefabs/Greece Prefabs/Small Parts/3X3 Lattice.prefab-7' but found 3.
2019-07-18 21:43:21.3586 [DEBUG] Spawn request. (Objects: 1)
2019-07-18 21:44:17.7472 [DEBUG] Spawn request. (Objects: 1)
2019-07-18 21:45:19.9162 [DEBUG] Spawn request. (Objects: 1)
2019-07-18 21:45:50.1603 [DEBUG] Spawn request. (Objects: 1)
2019-07-18 21:46:49.6702 [DEBUG] Spawn request. (Objects: 1)
2019-07-18 21:48:30.7186 [DEBUG] Spawn request. (Objects: 1)
2019-07-18 21:48:36.4300 [WARNING] Expected 4 prefab components on prefab 'Assets/Prefabs/Greece Prefabs/Building/3X3 Tall Tower.prefab-0-0' but found 3.
2019-07-18 21:48:36.4394 [WARNING] Expected 4 prefab components on prefab 'Assets/Prefabs/Greece Prefabs/Building/3X3 Tall Tower.prefab-0-1' but found 3.
2019-07-18 21:48:36.4488 [WARNING] Expected 4 prefab components on prefab 'Assets/Prefabs/Greece Prefabs/Building/3X3 Tall Tower.prefab-0-2' but found 3.
2019-07-18 21:48:36.4811 [WARNING] Expected 4 prefab components on prefab 'Assets/Prefabs/Greece Prefabs/Building/3X3 Tall Tower.prefab-0-3' but found 3.
2019-07-18 21:48:36.4905 [WARNING] Expected 4 prefab components on prefab 'Assets/Prefabs/Greece Prefabs/Building/3X3 Tall Tower.prefab-0-4' but found 3.
2019-07-18 21:48:36.4999 [WARNING] Expected 4 prefab components on prefab 'Assets/Prefabs/Greece Prefabs/Building/3X3 Tall Tower.prefab-0-5' but found 3.
2019-07-18 21:48:36.5386 [WARNING] Expected 4 prefab components on prefab 'Assets/Prefabs/Greece Prefabs/Building/3X3 Tall Tower.prefab-0-6' but found 3.
2019-07-18 21:48:36.5480 [WARNING] Expected 4 prefab components on prefab 'Assets/Prefabs/Greece Prefabs/Building/3X3 Tall Tower.prefab-0-7' but found 3.
2019-07-18 21:48:36.5589 [WARNING] Expected 4 prefab components on prefab 'Assets/Prefabs/Greece Prefabs/Building/3X3 Tall Tower.prefab-1-0' but found 3.
2019-07-18 21:48:36.5857 [WARNING] Expected 4 prefab components on prefab 'Assets/Prefabs/Greece Prefabs/Building/3X3 Tall Tower.prefab-1-1' but found 3.
2019-07-18 21:48:36.5951 [WARNING] Expected 4 prefab components on prefab 'Assets/Prefabs/Greece Prefabs/Building/3X3 Tall Tower.prefab-1-2' but found 3.
2019-07-18 21:48:36.6046 [WARNING] Expected 4 prefab components on prefab 'Assets/Prefabs/Greece Prefabs/Building/3X3 Tall Tower.prefab-1-3' but found 3.
2019-07-18 21:48:36.6378 [WARNING] Expected 4 prefab components on prefab 'Assets/Prefabs/Greece Prefabs/Building/3X3 Tall Tower.prefab-1-4' but found 3.
2019-07-18 21:48:36.6472 [WARNING] Expected 4 prefab components on prefab 'Assets/Prefabs/Greece Prefabs/Building/3X3 Tall Tower.prefab-1-5' but found 3.
2019-07-18 21:48:36.6562 [WARNING] Expected 4 prefab components on prefab 'Assets/Prefabs/Greece Prefabs/Building/3X3 Tall Tower.prefab-1-6' but found 3.
2019-07-18 21:48:36.6869 [WARNING] Expected 4 prefab components on prefab 'Assets/Prefabs/Greece Prefabs/Building/3X3 Tall Tower.prefab-1-7' but found 3.
2019-07-18 21:48:36.6993 [WARNING] Expected 4 prefab components on prefab 'Assets/Prefabs/Greece Prefabs/Building/3X3 Tall Tower.prefab-2' but found 3.
2019-07-18 21:48:36.7266 [WARNING] Expected 4 prefab components on prefab 'Assets/Prefabs/Greece Prefabs/Building/3X3 Tall Tower.prefab-3' but found 3.
2019-07-18 21:48:36.7390 [WARNING] Expected 4 prefab components on prefab 'Assets/Prefabs/Greece Prefabs/Building/3X3 Tall Tower.prefab-4' but found 3.
2019-07-18 21:48:36.7727 [WARNING] Expected 4 prefab components on prefab 'Assets/Prefabs/Greece Prefabs/Building/3X3 Tall Tower.prefab-5' but found 3.
2019-07-18 21:48:36.8134 [WARNING] Expected 4 prefab components on prefab 'Assets/Prefabs/Greece Prefabs/Building/3X3 Tall Tower.prefab-6' but found 3.
2019-07-18 21:48:47.8058 [WARNING] Expected 4 prefab components on prefab 'Assets/Prefabs/Greece Prefabs/Building/2X2 Tower.prefab-0-0' but found 3.
2019-07-18 21:48:47.8147 [WARNING] Expected 4 prefab components on prefab 'Assets/Prefabs/Greece Prefabs/Building/2X2 Tower.prefab-0-1' but found 3.
2019-07-18 21:48:47.8439 [WARNING] Expected 4 prefab components on prefab 'Assets/Prefabs/Greece Prefabs/Building/2X2 Tower.prefab-0-2' but found 3.
2019-07-18 21:48:47.8528 [WARNING] Expected 4 prefab components on prefab 'Assets/Prefabs/Greece Prefabs/Building/2X2 Tower.prefab-0-3' but found 3.
2019-07-18 21:48:47.8613 [WARNING] Expected 4 prefab components on prefab 'Assets/Prefabs/Greece Prefabs/Building/2X2 Tower.prefab-0-4' but found 3.
2019-07-18 21:48:47.8905 [WARNING] Expected 4 prefab components on prefab 'Assets/Prefabs/Greece Prefabs/Building/2X2 Tower.prefab-0-5' but found 3.
2019-07-18 21:48:47.9000 [WARNING] Expected 4 prefab components on prefab 'Assets/Prefabs/Greece Prefabs/Building/2X2 Tower.prefab-0-6' but found 3.
2019-07-18 21:48:47.9089 [WARNING] Expected 4 prefab components on prefab 'Assets/Prefabs/Greece Prefabs/Building/2X2 Tower.prefab-0-7' but found 3.
2019-07-18 21:49:53.2468 [WARNING] Expected 4 prefab components on prefab 'Assets/Prefabs/Greece Prefabs/Building/3X3 House With Balcony.prefab-0-0' but found 3.
2019-07-18 21:49:53.2557 [WARNING] Expected 4 prefab components on prefab 'Assets/Prefabs/Greece Prefabs/Building/3X3 House With Balcony.prefab-0-1' but found 3.
2019-07-18 21:49:53.2646 [WARNING] Expected 4 prefab components on prefab 'Assets/Prefabs/Greece Prefabs/Building/3X3 House With Balcony.prefab-0-2' but found 3.
2019-07-18 21:49:53.3018 [WARNING] Expected 4 prefab components on prefab 'Assets/Prefabs/Greece Prefabs/Building/3X3 House With Balcony.prefab-0-3' but found 3.
2019-07-18 21:49:53.3113 [WARNING] Expected 4 prefab components on prefab 'Assets/Prefabs/Greece Prefabs/Building/3X3 House With Balcony.prefab-0-4' but found 3.
2019-07-18 21:49:53.3202 [WARNING] Expected 4 prefab components on prefab 'Assets/Prefabs/Greece Prefabs/Building/3X3 House With Balcony.prefab-0-5' but found 3.
2019-07-18 21:49:53.3638 [WARNING] Expected 4 prefab components on prefab 'Assets/Prefabs/Greece Prefabs/Building/3X3 House With Balcony.prefab-0-6' but found 3.
2019-07-18 21:49:53.3727 [WARNING] Expected 4 prefab components on prefab 'Assets/Prefabs/Greece Prefabs/Building/3X3 House With Balcony.prefab-0-7' but found 3.
2019-07-18 21:54:05.0074 [DEBUG] Spawn request. (Objects: 10)
2019-07-18 21:54:23.1138 [DEBUG] Spawn request. (Objects: 1)
2019-07-18 21:57:21.5800 [DEBUG] Spawn request. (Objects: 1)
2019-07-18 21:58:45.1059 [DEBUG] Spawn request. (Objects: 1)
2019-07-18 21:58:48.2096 [DEBUG] Spawn request. (Objects: 1)
2019-07-18 21:58:56.6186 [DEBUG] Spawn request. (Objects: 1)
2019-07-18 21:59:31.2761 [WARNING] Expected 4 prefab components on prefab 'Assets/Prefabs/Greece Prefabs/Building/3X3 House.prefab-0' but found 3.
2019-07-18 21:59:31.3059 [WARNING] Expected 4 prefab components on prefab 'Assets/Prefabs/Greece Prefabs/Building/3X3 House.prefab-1-0' but found 3.
2019-07-18 21:59:31.3148 [WARNING] Expected 4 prefab components on prefab 'Assets/Prefabs/Greece Prefabs/Building/3X3 House.prefab-1-1' but found 3.
2019-07-18 21:59:31.3237 [WARNING] Expected 4 prefab components on prefab 'Assets/Prefabs/Greece Prefabs/Building/3X3 House.prefab-1-2' but found 3.
2019-07-18 21:59:31.3615 [WARNING] Expected 4 prefab components on prefab 'Assets/Prefabs/Greece Prefabs/Building/3X3 House.prefab-1-3' but found 3.
2019-07-18 21:59:31.3704 [WARNING] Expected 4 prefab components on prefab 'Assets/Prefabs/Greece Prefabs/Building/3X3 House.prefab-1-4' but found 3.
2019-07-18 21:59:31.3798 [WARNING] Expected 4 prefab components on prefab 'Assets/Prefabs/Greece Prefabs/Building/3X3 House.prefab-1-5' but found 3.
2019-07-18 21:59:31.4046 [WARNING] Expected 4 prefab components on prefab 'Assets/Prefabs/Greece Prefabs/Building/3X3 House.prefab-1-6' but found 3.
2019-07-18 21:59:31.4140 [WARNING] Expected 4 prefab components on prefab 'Assets/Prefabs/Greece Prefabs/Building/3X3 House.prefab-1-7' but found 3.
2019-07-18 21:59:31.4264 [WARNING] Expected 4 prefab components on prefab 'Assets/Prefabs/Greece Prefabs/Building/3X3 House.prefab-2' but found 3.
2019-07-18 21:59:31.4596 [WARNING] Expected 4 prefab components on prefab 'Assets/Prefabs/Greece Prefabs/Building/3X3 House.prefab-3' but found 3.
2019-07-18 22:00:37.4909 [DEBUG] Spawn request. (Objects: 1)
2019-07-18 22:00:53.1743 [DEBUG] Spawn request. (Objects: 1)
2019-07-18 22:01:10.4207 [DEBUG] Spawn request. (Objects: 1)
2019-07-18 22:01:30.2042 [DEBUG] Spawn request. (Objects: 1)
2019-07-18 22:04:47.8887 [DEBUG] Spawn request. (Objects: 1)
2019-07-18 22:05:56.2962 [DEBUG] Spawn request. (Objects: 1)
2019-07-18 22:06:11.2171 [DEBUG] Spawn request. (Objects: 1)
2019-07-18 22:07:15.0691 [DEBUG] Spawn request. (Objects: 1)
2019-07-18 22:07:29.2948 [DEBUG] Disconnecting from room (99957:SceneFusion:SceneFusion)
2019-07-18 22:07:29.2988 [INFO] Disconnected from server.
2019-07-18 22:07:29.2988 [DEBUG] Disconnect. (Duration: 2092)
