2019-07-18 19:00:06.3763 [DEBUG] Validating model...
2019-07-18 19:00:06.5961 [DEBUG] Model updated
2019-07-18 19:00:06.5961 [DEBUG] Authenticating with server...
2019-07-18 19:00:08.9169 [DEBUG] Connected to room. (99950:SceneFusion:SceneFusion)
2019-07-18 19:00:08.9327 [INFO] Connected to server.
2019-07-18 19:00:08.9332 [DEBUG] OS : Microsoft Windows NT 10.0.17763.0
2019-07-18 19:00:08.9332 [DEBUG] Unity Version : 2019.1.8f1
2019-07-18 19:00:08.9332 [DEBUG] Pro License : False
2019-07-18 19:00:08.9337 [DEBUG] Platform : WindowsEditor
2019-07-18 19:00:08.9337 [DEBUG] Build Target : StandaloneWindows64
2019-07-18 19:00:08.9337 [DEBUG] Scene Fusion version : 1.8.2
2019-07-18 19:00:08.9357 [DEBUG] Scene Fusion client build : 3
2019-07-18 19:00:08.9362 [DEBUG] User : hamish@pageland.co.nz
2019-07-18 19:00:08.9362 [DEBUG] Waiting for server response
2019-07-18 19:00:09.1048 [DEBUG] Tier: Scene Fusion - Free, Permissions: 00006402
2019-07-18 19:00:09.1048 [DEBUG] User Permissions: FFFFFFFF
2019-07-18 19:00:09.6876 [DEBUG] No stand-in for UnityEngine.LocalizationAsset
2019-07-18 19:00:09.6876 [DEBUG] No stand-in for UnityEngine.ProceduralMaterial
2019-07-18 19:00:09.6881 [DEBUG] No stand-in for UnityEngine.ProceduralTexture
2019-07-18 19:00:09.6881 [DEBUG] No stand-in for UnityEngine.TerrainLayer
2019-07-18 19:00:09.6881 [DEBUG] No stand-in for UnityEngine.Experimental.VFX.VisualEffectAsset
2019-07-18 19:00:10.0919 [DEBUG] Uploading scene 'Greece Scene'
2019-07-18 19:00:12.2237 [WARNING] Cannot sync 'Sprites/Default' (Material) because it is not in Unity's asset database.
2019-07-18 19:00:19.9451 [DEBUG] Compressing scene data
2019-07-18 19:00:22.8204 [DEBUG] Spawn request. (Objects: 384)
2019-07-18 19:00:22.8264 [DEBUG] Entity RPC. (Id: 1, Size: 58318, Reporting Threshold: 10000)
2019-07-18 19:00:22.8363 [DEBUG] batch size: 58324
2019-07-18 19:00:23.8581 [DEBUG] Loading complete
2019-07-18 19:01:21.0384 [DEBUG] Disconnecting temporarily to enter play mode.
2019-07-18 19:01:21.0389 [DEBUG] Disconnecting from room (99950:SceneFusion:SceneFusion)
2019-07-18 19:01:21.0513 [INFO] Disconnected from server.
2019-07-18 19:01:21.0518 [DEBUG] Disconnect. (Duration: 72)
2019-07-18 19:01:21.2413 [INFO] Static batching in play mode is not supported in a Scene Fusion session and will be temporarily disabled.
2019-07-18 19:01:26.1537 [DEBUG] Scene Fusion version 1.8.2-3
2019-07-18 19:01:26.3476 [DEBUG] Play mode: True, sync in play mode: True
2019-07-18 19:01:26.5068 [DEBUG] Connecting
2019-07-18 19:01:26.5296 [DEBUG] Connecting to room (99950:SceneFusion:SceneFusion) via TCP at roommanager-vps230018.kinematicsoup.com:21312
2019-07-18 19:01:26.5351 [DEBUG] Host connection. (Session: 99950)
2019-07-18 19:01:26.7528 [DEBUG] Validating model...
2019-07-18 19:01:26.9750 [DEBUG] Model updated
2019-07-18 19:01:26.9750 [DEBUG] Authenticating with server...
2019-07-18 19:01:28.6852 [DEBUG] Connected to room. (99950:SceneFusion:SceneFusion)
2019-07-18 19:01:28.9873 [INFO] Connected to server.
2019-07-18 19:01:28.9878 [DEBUG] OS : Microsoft Windows NT 10.0.17763.0
2019-07-18 19:01:28.9878 [DEBUG] Unity Version : 2019.1.8f1
2019-07-18 19:01:28.9878 [DEBUG] Pro License : False
2019-07-18 19:01:28.9878 [DEBUG] Platform : WindowsEditor
2019-07-18 19:01:28.9878 [DEBUG] Build Target : StandaloneWindows64
2019-07-18 19:01:28.9878 [DEBUG] Scene Fusion version : 1.8.2
2019-07-18 19:01:28.9878 [DEBUG] Scene Fusion client build : 3
2019-07-18 19:01:28.9883 [DEBUG] User : hamish@pageland.co.nz
2019-07-18 19:01:28.9883 [DEBUG] Waiting for server response
2019-07-18 19:01:31.6340 [DEBUG] frame size: 67736
2019-07-18 19:01:31.6409 [DEBUG] Download
2019-07-18 19:01:33.4349 [DEBUG] Tier: Scene Fusion - Free, Permissions: 00006402
2019-07-18 19:01:33.4349 [DEBUG] User Permissions: FFFFFFFF
2019-07-18 19:01:33.7102 [DEBUG] No stand-in for UnityEngine.LocalizationAsset
2019-07-18 19:01:33.7107 [DEBUG] No stand-in for UnityEngine.ProceduralMaterial
2019-07-18 19:01:33.7107 [DEBUG] No stand-in for UnityEngine.ProceduralTexture
2019-07-18 19:01:33.7107 [DEBUG] No stand-in for UnityEngine.TerrainLayer
2019-07-18 19:01:33.7107 [DEBUG] No stand-in for UnityEngine.Experimental.VFX.VisualEffectAsset
2019-07-18 19:01:33.9359 [DEBUG] Loading complete
2019-07-18 19:01:37.0830 [DEBUG] Play mode: False
2019-07-18 19:01:37.1510 [WARNING] Failed to restore deleted prefab component at index 3 on '2X2 House (1)'.
2019-07-18 19:01:37.1966 [WARNING] Failed to restore deleted prefab component at index 3 on 'Circular Window (1)'.
2019-07-18 19:01:37.2060 [WARNING] Failed to restore deleted prefab component at index 3 on '2X2 House'.
2019-07-18 19:01:37.2512 [WARNING] Failed to restore deleted prefab component at index 3 on 'Circular Window (1)'.
2019-07-18 19:01:37.2596 [WARNING] Failed to restore deleted prefab component at index 3 on '2X2 House (2)'.
2019-07-18 19:01:37.3052 [WARNING] Failed to restore deleted prefab component at index 3 on 'Circular Window (1)'.
2019-07-18 19:01:37.3151 [WARNING] Failed to restore deleted prefab component at index 3 on '2X2 House (3)'.
2019-07-18 19:01:37.3598 [WARNING] Failed to restore deleted prefab component at index 3 on 'Circular Window (1)'.
2019-07-18 19:01:37.3826 [WARNING] Failed to restore deleted prefab component at index 3 on 'Door (1)'.
2019-07-18 19:01:37.3950 [WARNING] Failed to restore deleted prefab component at index 3 on 'Door (1)'.
2019-07-18 19:01:37.4148 [WARNING] Failed to restore deleted prefab component at index 3 on 'Mesh'.
2019-07-18 19:01:37.4178 [WARNING] Failed to restore deleted prefab component at index 3 on 'Mesh'.
2019-07-18 19:01:37.4302 [WARNING] Failed to restore deleted prefab component at index 3 on 'Door (1)'.
2019-07-18 19:01:37.4486 [WARNING] Failed to restore deleted prefab component at index 3 on 'Door (1)'.
2019-07-18 19:01:37.4620 [WARNING] Failed to restore deleted prefab component at index 3 on 'Door'.
2019-07-18 19:01:37.4753 [WARNING] Failed to restore deleted prefab component at index 3 on 'Door'.
2019-07-18 19:01:37.4877 [WARNING] Failed to restore deleted prefab component at index 3 on 'Door'.
2019-07-18 19:01:37.5001 [WARNING] Failed to restore deleted prefab component at index 3 on 'Door'.
2019-07-18 19:01:37.5091 [WARNING] Failed to restore deleted prefab component at index 3 on 'Cube (8)'.
2019-07-18 19:01:37.5185 [WARNING] Failed to restore deleted prefab component at index 3 on '3X3 House (2)'.
2019-07-18 19:01:37.5279 [WARNING] Failed to restore deleted prefab component at index 3 on 'Cube (8)'.
2019-07-18 19:01:37.6351 [WARNING] Failed to restore deleted prefab component at index 3 on '3X3 Tall Tower'.
2019-07-18 19:01:37.6440 [WARNING] Failed to restore deleted prefab component at index 3 on 'Cube (8)'.
2019-07-18 19:01:37.6534 [WARNING] Failed to restore deleted prefab component at index 3 on 'Cube (8)'.
2019-07-18 19:01:37.6663 [WARNING] Failed to restore deleted prefab component at index 3 on '3X3 House With Stairs (1)'.
2019-07-18 19:01:37.6747 [WARNING] Failed to restore deleted prefab component at index 3 on 'Cube (8)'.
2019-07-18 19:01:37.6837 [WARNING] Failed to restore deleted prefab component at index 3 on '3X3 House'.
2019-07-18 19:01:37.6931 [WARNING] Failed to restore deleted prefab component at index 3 on 'Cube (8)'.
2019-07-18 19:01:37.7020 [WARNING] Failed to restore deleted prefab component at index 3 on '3X3 House (1)'.
2019-07-18 19:01:37.7105 [WARNING] Failed to restore deleted prefab component at index 3 on 'Cube (8)'.
2019-07-18 19:01:37.8181 [WARNING] Failed to restore deleted prefab component at index 3 on '3X3 Tall Tower (4)'.
2019-07-18 19:01:37.8280 [WARNING] Failed to restore deleted prefab component at index 3 on 'Cube (8)'.
2019-07-18 19:01:37.8379 [WARNING] Failed to restore deleted prefab component at index 3 on 'Cube (14)'.
2019-07-18 19:01:37.8464 [WARNING] Failed to restore deleted prefab component at index 3 on 'Cube (14)'.
2019-07-18 19:01:37.8558 [WARNING] Failed to restore deleted prefab component at index 3 on 'Cube (14)'.
2019-07-18 19:01:37.8657 [WARNING] Failed to restore deleted prefab component at index 3 on 'Cube (14)'.
2019-07-18 19:01:37.8751 [WARNING] Failed to restore deleted prefab component at index 3 on 'Cube (14)'.
2019-07-18 19:01:37.8846 [WARNING] Failed to restore deleted prefab component at index 3 on 'Cube (14)'.
2019-07-18 19:01:37.8935 [WARNING] Failed to restore deleted prefab component at index 3 on 'Cube (14)'.
2019-07-18 19:01:37.9034 [WARNING] Failed to restore deleted prefab component at index 3 on 'Cube (8)'.
2019-07-18 19:01:38.0086 [WARNING] Failed to restore deleted prefab component at index 3 on '3X3 Tall Tower (2)'.
2019-07-18 19:01:38.0185 [WARNING] Failed to restore deleted prefab component at index 3 on 'Cube (8)'.
2019-07-18 19:01:38.0279 [WARNING] Failed to restore deleted prefab component at index 3 on 'Cube (8)'.
2019-07-18 19:01:38.0368 [WARNING] Failed to restore deleted prefab component at index 3 on '3X3 House (3)'.
2019-07-18 19:01:38.0462 [WARNING] Failed to restore deleted prefab component at index 3 on 'Cube (8)'.
2019-07-18 19:01:38.1549 [WARNING] Failed to restore deleted prefab component at index 3 on '3X3 Tall Tower (3)'.
2019-07-18 19:01:38.3285 [WARNING] Failed to restore deleted prefab component at index 3 on 'Cube (8)'.
2019-07-18 19:01:38.3384 [WARNING] Failed to restore deleted prefab component at index 3 on 'Cube (8)'.
2019-07-18 19:01:38.3478 [WARNING] Failed to restore deleted prefab component at index 3 on 'Cube (14)'.
2019-07-18 19:01:38.3577 [WARNING] Failed to restore deleted prefab component at index 3 on 'Cube (14)'.
2019-07-18 19:01:38.3676 [WARNING] Failed to restore deleted prefab component at index 3 on 'Cube (14)'.
2019-07-18 19:01:38.3776 [WARNING] Failed to restore deleted prefab component at index 3 on 'Cube (14)'.
2019-07-18 19:01:38.3875 [WARNING] Failed to restore deleted prefab component at index 3 on 'Cube (14)'.
2019-07-18 19:01:38.3979 [WARNING] Failed to restore deleted prefab component at index 3 on 'Cube (14)'.
2019-07-18 19:01:38.4068 [WARNING] Failed to restore deleted prefab component at index 3 on 'Cube (14)'.
2019-07-18 19:01:38.4539 [WARNING] Failed to restore deleted prefab component at index 3 on '3X3 House With Balcony'.
2019-07-18 19:01:38.4634 [WARNING] Failed to restore deleted prefab component at index 3 on 'Cube (8)'.
2019-07-18 19:01:38.4753 [WARNING] Failed to restore deleted prefab component at index 3 on '3X3 House With Stairs'.
2019-07-18 19:01:38.4847 [WARNING] Failed to restore deleted prefab component at index 3 on 'Cube (8)'.
2019-07-18 19:01:38.5928 [WARNING] Failed to restore deleted prefab component at index 3 on '3X3 Tall Tower (1)'.
2019-07-18 19:01:38.6032 [WARNING] Failed to restore deleted prefab component at index 3 on 'Cube (8)'.
2019-07-18 19:01:38.6132 [WARNING] Failed to restore deleted prefab component at index 3 on 'Cube (8)'.
2019-07-18 19:01:38.6226 [WARNING] Failed to restore deleted prefab component at index 3 on 'Cube (14)'.
2019-07-18 19:01:38.6335 [WARNING] Failed to restore deleted prefab component at index 3 on 'Cube (14)'.
2019-07-18 19:01:38.6429 [WARNING] Failed to restore deleted prefab component at index 3 on 'Cube (14)'.
2019-07-18 19:01:38.6523 [WARNING] Failed to restore deleted prefab component at index 3 on 'Cube (14)'.
2019-07-18 19:01:38.6618 [WARNING] Failed to restore deleted prefab component at index 3 on 'Cube (11)'.
2019-07-18 19:01:38.6707 [WARNING] Failed to restore deleted prefab component at index 3 on 'Cube (11)'.
2019-07-18 19:01:38.6796 [WARNING] Failed to restore deleted prefab component at index 3 on 'Cube (11)'.
2019-07-18 19:01:38.6886 [WARNING] Failed to restore deleted prefab component at index 3 on 'Cube (11)'.
2019-07-18 19:01:38.6980 [WARNING] Failed to restore deleted prefab component at index 3 on 'Cube (11)'.
2019-07-18 19:01:38.7064 [WARNING] Failed to restore deleted prefab component at index 3 on 'Cube (11)'.
2019-07-18 19:01:38.7153 [WARNING] Failed to restore deleted prefab component at index 3 on 'Cube (11)'.
2019-07-18 19:01:38.7243 [WARNING] Failed to restore deleted prefab component at index 3 on 'Cube (12)'.
2019-07-18 19:01:38.7347 [WARNING] Failed to restore deleted prefab component at index 3 on 'Cube (12)'.
2019-07-18 19:01:38.7436 [WARNING] Failed to restore deleted prefab component at index 3 on 'Cube (12)'.
2019-07-18 19:01:38.7535 [WARNING] Failed to restore deleted prefab component at index 3 on 'Cube (12)'.
2019-07-18 19:01:38.7625 [WARNING] Failed to restore deleted prefab component at index 3 on 'Cube (12)'.
2019-07-18 19:01:38.7719 [WARNING] Failed to restore deleted prefab component at index 3 on 'Cube (12)'.
2019-07-18 19:01:38.7813 [WARNING] Failed to restore deleted prefab component at index 3 on 'Cube (12)'.
2019-07-18 19:01:38.7912 [WARNING] Failed to restore deleted prefab component at index 3 on 'Cube (11)'.
2019-07-18 19:01:38.8007 [WARNING] Failed to restore deleted prefab component at index 3 on 'Cube (11)'.
2019-07-18 19:01:38.8096 [WARNING] Failed to restore deleted prefab component at index 3 on 'Cube (11)'.
2019-07-18 19:01:38.8190 [WARNING] Failed to restore deleted prefab component at index 3 on 'Cube (11)'.
2019-07-18 19:01:38.8289 [WARNING] Failed to restore deleted prefab component at index 3 on 'Cube (11)'.
2019-07-18 19:01:38.8393 [WARNING] Failed to restore deleted prefab component at index 3 on 'Cube (11)'.
2019-07-18 19:01:38.8483 [WARNING] Failed to restore deleted prefab component at index 3 on 'Cube (11)'.
2019-07-18 19:01:38.8577 [WARNING] Failed to restore deleted prefab component at index 3 on 'Cube (12)'.
2019-07-18 19:01:38.8671 [WARNING] Failed to restore deleted prefab component at index 3 on 'Cube (12)'.
2019-07-18 19:01:38.8760 [WARNING] Failed to restore deleted prefab component at index 3 on 'Cube (12)'.
2019-07-18 19:01:38.8850 [WARNING] Failed to restore deleted prefab component at index 3 on 'Cube (12)'.
2019-07-18 19:01:38.8949 [WARNING] Failed to restore deleted prefab component at index 3 on 'Cube (12)'.
2019-07-18 19:01:38.9043 [WARNING] Failed to restore deleted prefab component at index 3 on 'Cube (12)'.
2019-07-18 19:01:38.9127 [WARNING] Failed to restore deleted prefab component at index 3 on 'Cube (12)'.
2019-07-18 19:01:38.9227 [WARNING] Failed to restore deleted prefab component at index 3 on 'Cube (11)'.
2019-07-18 19:01:38.9331 [WARNING] Failed to restore deleted prefab component at index 3 on 'Cube (11)'.
2019-07-18 19:01:38.9430 [WARNING] Failed to restore deleted prefab component at index 3 on 'Cube (11)'.
2019-07-18 19:01:38.9519 [WARNING] Failed to restore deleted prefab component at index 3 on 'Cube (11)'.
2019-07-18 19:01:38.9623 [WARNING] Failed to restore deleted prefab component at index 3 on 'Cube (12)'.
2019-07-18 19:01:38.9718 [WARNING] Failed to restore deleted prefab component at index 3 on 'Cube (12)'.
2019-07-18 19:01:38.9807 [WARNING] Failed to restore deleted prefab component at index 3 on 'Cube (12)'.
2019-07-18 19:01:38.9906 [WARNING] Failed to restore deleted prefab component at index 3 on 'Cube (12)'.
2019-07-18 19:01:38.9995 [WARNING] Failed to restore deleted prefab component at index 3 on 'Cube (10)'.
2019-07-18 19:01:39.0090 [WARNING] Failed to restore deleted prefab component at index 3 on 'Cube (10)'.
2019-07-18 19:01:39.0184 [WARNING] Failed to restore deleted prefab component at index 3 on 'Cube (10)'.
2019-07-18 19:01:39.0293 [WARNING] Failed to restore deleted prefab component at index 3 on 'Cube (10)'.
2019-07-18 19:01:39.0392 [WARNING] Failed to restore deleted prefab component at index 3 on 'Cube (10)'.
2019-07-18 19:01:39.0487 [WARNING] Failed to restore deleted prefab component at index 3 on 'Cube (10)'.
2019-07-18 19:01:39.0586 [WARNING] Failed to restore deleted prefab component at index 3 on 'Cube (10)'.
2019-07-18 19:01:39.0685 [WARNING] Failed to restore deleted prefab component at index 3 on 'Cube (10)'.
2019-07-18 19:01:39.0769 [WARNING] Failed to restore deleted prefab component at index 3 on 'Cube (10)'.
2019-07-18 19:01:39.0863 [WARNING] Failed to restore deleted prefab component at index 3 on 'Cube (10)'.
2019-07-18 19:01:39.0958 [WARNING] Failed to restore deleted prefab component at index 3 on 'Cube (10)'.
2019-07-18 19:01:39.1047 [WARNING] Failed to restore deleted prefab component at index 3 on 'Cube (10)'.
2019-07-18 19:01:39.1136 [WARNING] Failed to restore deleted prefab component at index 3 on 'Cube (10)'.
2019-07-18 19:01:39.1245 [WARNING] Failed to restore deleted prefab component at index 3 on 'Cube (10)'.
2019-07-18 19:01:39.1369 [WARNING] Failed to restore deleted prefab component at index 3 on 'Cube (10)'.
2019-07-18 19:01:39.1459 [WARNING] Failed to restore deleted prefab component at index 3 on 'Cube (10)'.
2019-07-18 19:01:39.1548 [WARNING] Failed to restore deleted prefab component at index 3 on 'Cube (10)'.
2019-07-18 19:01:39.1652 [WARNING] Failed to restore deleted prefab component at index 3 on 'Cube (10)'.
2019-07-18 19:01:39.1736 [WARNING] Failed to restore deleted prefab component at index 3 on 'Cube (10)'.
2019-07-18 19:01:39.1831 [WARNING] Failed to restore deleted prefab component at index 3 on 'Cube (10)'.
2019-07-18 19:01:39.1925 [WARNING] Failed to restore deleted prefab component at index 3 on 'Cube (10)'.
2019-07-18 19:01:39.2019 [WARNING] Failed to restore deleted prefab component at index 3 on 'Cube (10)'.
2019-07-18 19:01:39.2103 [WARNING] Failed to restore deleted prefab component at index 3 on 'Cube'.
2019-07-18 19:01:39.2198 [WARNING] Failed to restore deleted prefab component at index 3 on 'Cube'.
2019-07-18 19:01:39.2332 [WARNING] Failed to restore deleted prefab component at index 3 on 'Door'.
2019-07-18 19:01:39.2456 [WARNING] Failed to restore deleted prefab component at index 3 on 'Door'.
2019-07-18 19:01:39.2590 [WARNING] Failed to restore deleted prefab component at index 3 on 'Door'.
2019-07-18 19:01:39.2719 [WARNING] Failed to restore deleted prefab component at index 3 on 'Door'.
2019-07-18 19:01:39.2847 [WARNING] Failed to restore deleted prefab component at index 3 on 'Window (1)'.
2019-07-18 19:01:39.2981 [WARNING] Failed to restore deleted prefab component at index 3 on 'Window (1)'.
2019-07-18 19:01:39.3105 [WARNING] Failed to restore deleted prefab component at index 3 on 'Window (1)'.
2019-07-18 19:01:39.3244 [WARNING] Failed to restore deleted prefab component at index 3 on 'Window (1)'.
2019-07-18 19:01:39.4187 [WARNING] Failed to restore deleted prefab component at index 3 on 'Window'.
2019-07-18 19:01:39.4350 [WARNING] Failed to restore deleted prefab component at index 3 on 'Window'.
2019-07-18 19:01:39.4474 [WARNING] Failed to restore deleted prefab component at index 3 on 'Window'.
2019-07-18 19:01:39.4613 [WARNING] Failed to restore deleted prefab component at index 3 on 'Window'.
2019-07-18 19:01:39.4757 [WARNING] Failed to restore deleted prefab component at index 3 on 'Window (1)'.
2019-07-18 19:01:39.4891 [WARNING] Failed to restore deleted prefab component at index 3 on 'Window (1)'.
2019-07-18 19:01:39.5030 [WARNING] Failed to restore deleted prefab component at index 3 on 'Window (1)'.
2019-07-18 19:01:39.5154 [WARNING] Failed to restore deleted prefab component at index 3 on 'Window (1)'.
2019-07-18 19:01:39.5283 [WARNING] Failed to restore deleted prefab component at index 3 on 'Window'.
2019-07-18 19:01:39.5422 [WARNING] Failed to restore deleted prefab component at index 3 on 'Window'.
2019-07-18 19:01:39.5561 [WARNING] Failed to restore deleted prefab component at index 3 on 'Window'.
2019-07-18 19:01:39.6052 [WARNING] Failed to restore deleted prefab component at index 3 on 'ScafoldingPlatform (1)'.
2019-07-18 19:01:39.6632 [WARNING] Failed to restore deleted prefab component at index 3 on 'ScafoldingHalfPlatform'.
2019-07-18 19:01:39.6721 [WARNING] Failed to restore deleted prefab component at index 3 on 'Cube (11)'.
2019-07-18 19:01:39.6815 [WARNING] Failed to restore deleted prefab component at index 3 on 'Cube (11)'.
2019-07-18 19:01:39.6905 [WARNING] Failed to restore deleted prefab component at index 3 on 'Cube (11)'.
2019-07-18 19:01:39.7034 [WARNING] Failed to restore deleted prefab component at index 3 on 'Cube (11)'.
2019-07-18 19:01:39.7128 [WARNING] Failed to restore deleted prefab component at index 3 on 'Cube (13)'.
2019-07-18 19:01:39.7227 [WARNING] Failed to restore deleted prefab component at index 3 on 'Cube (13)'.
2019-07-18 19:01:39.7326 [WARNING] Failed to restore deleted prefab component at index 3 on 'Cube (13)'.
2019-07-18 19:01:39.7431 [WARNING] Failed to restore deleted prefab component at index 3 on 'Cube (13)'.
2019-07-18 19:01:39.7535 [WARNING] Failed to restore deleted prefab component at index 3 on 'Cube (13)'.
2019-07-18 19:01:39.7629 [WARNING] Failed to restore deleted prefab component at index 3 on 'Cube (13)'.
2019-07-18 19:01:39.7728 [WARNING] Failed to restore deleted prefab component at index 3 on 'Cube (13)'.
2019-07-18 19:01:39.7822 [WARNING] Failed to restore deleted prefab component at index 3 on 'Cube (13)'.
2019-07-18 19:01:39.7917 [WARNING] Failed to restore deleted prefab component at index 3 on 'Cube (13)'.
2019-07-18 19:01:39.8011 [WARNING] Failed to restore deleted prefab component at index 3 on 'Cube (13)'.
2019-07-18 19:01:39.8100 [WARNING] Failed to restore deleted prefab component at index 3 on 'Cube (13)'.
2019-07-18 19:01:39.8199 [WARNING] Failed to restore deleted prefab component at index 3 on 'Cube (13)'.
2019-07-18 19:01:39.9176 [WARNING] Failed to restore deleted prefab component at index 3 on 'Cube (13)'.
2019-07-18 19:01:39.9291 [WARNING] Failed to restore deleted prefab component at index 3 on 'Cube (13)'.
2019-07-18 19:01:39.9464 [WARNING] Failed to restore deleted prefab component at index 3 on 'Cube (13)'.
2019-07-18 19:01:39.9573 [WARNING] Failed to restore deleted prefab component at index 3 on 'Cube (13)'.
2019-07-18 19:01:39.9702 [WARNING] Failed to restore deleted prefab component at index 3 on 'Cube (13)'.
2019-07-18 19:01:39.9901 [WARNING] Failed to restore deleted prefab component at index 3 on 'Cube (13)'.
2019-07-18 19:01:40.0084 [WARNING] Failed to restore deleted prefab component at index 3 on 'Cube (13)'.
2019-07-18 19:01:40.0178 [WARNING] Failed to restore deleted prefab component at index 3 on 'Cube (13)'.
2019-07-18 19:01:40.0387 [WARNING] Failed to restore deleted prefab component at index 3 on 'Cube (13)'.
2019-07-18 19:01:40.0491 [WARNING] Failed to restore deleted prefab component at index 3 on 'Cube (13)'.
2019-07-18 19:01:40.1165 [WARNING] Failed to restore deleted prefab component at index 3 on 'ScafoldingLegs'.
2019-07-18 19:01:40.1944 [WARNING] Failed to restore deleted prefab component at index 3 on 'ScafoldingLegs (1)'.
2019-07-18 19:01:40.2038 [WARNING] Failed to restore deleted prefab component at index 3 on 'Cube (15)'.
2019-07-18 19:01:40.2133 [WARNING] Failed to restore deleted prefab component at index 3 on 'Cube (15)'.
2019-07-18 19:01:40.2217 [WARNING] Failed to restore deleted prefab component at index 3 on 'Cube (15)'.
2019-07-18 19:01:40.2311 [WARNING] Failed to restore deleted prefab component at index 3 on 'Cube (15)'.
2019-07-18 19:01:40.2405 [WARNING] Failed to restore deleted prefab component at index 3 on 'Cube (15)'.
2019-07-18 19:01:40.2500 [WARNING] Failed to restore deleted prefab component at index 3 on 'Cube (15)'.
2019-07-18 19:01:40.2584 [WARNING] Failed to restore deleted prefab component at index 3 on 'Cube (15)'.
2019-07-18 19:01:40.2678 [WARNING] Failed to restore deleted prefab component at index 3 on 'Cube (15)'.
2019-07-18 19:01:40.2772 [WARNING] Failed to restore deleted prefab component at index 3 on 'Cube (15)'.
2019-07-18 19:01:40.2872 [WARNING] Failed to restore deleted prefab component at index 3 on 'Cube (15)'.
2019-07-18 19:01:40.2966 [WARNING] Failed to restore deleted prefab component at index 3 on 'Cube (15)'.
2019-07-18 19:01:40.3065 [WARNING] Failed to restore deleted prefab component at index 3 on 'Cube (15)'.
2019-07-18 19:01:40.3164 [WARNING] Failed to restore deleted prefab component at index 3 on 'Cube (15)'.
2019-07-18 19:01:40.3259 [WARNING] Failed to restore deleted prefab component at index 3 on 'Cube (15)'.
2019-07-18 19:01:40.3363 [WARNING] Failed to restore deleted prefab component at index 3 on 'Cube (15)'.
2019-07-18 19:01:40.3457 [WARNING] Failed to restore deleted prefab component at index 3 on 'Cube (15)'.
2019-07-18 19:01:40.3556 [WARNING] Failed to restore deleted prefab component at index 3 on 'Cube (15)'.
2019-07-18 19:01:40.3645 [WARNING] Failed to restore deleted prefab component at index 3 on 'Cube (15)'.
2019-07-18 19:01:40.3735 [WARNING] Failed to restore deleted prefab component at index 3 on 'Cube (15)'.
2019-07-18 19:01:40.3844 [WARNING] Failed to restore deleted prefab component at index 3 on 'Cube (15)'.
2019-07-18 19:01:40.3938 [WARNING] Failed to restore deleted prefab component at index 3 on 'Cube (15)'.
2019-07-18 19:01:40.4032 [WARNING] Failed to restore deleted prefab component at index 3 on 'Cube (15)'.
2019-07-18 19:01:40.4171 [WARNING] Failed to restore deleted prefab component at index 3 on 'Window'.
2019-07-18 19:01:40.5188 [WARNING] Failed to restore deleted prefab component at index 3 on 'Cube (9)'.
2019-07-18 19:01:40.5282 [WARNING] Failed to restore deleted prefab component at index 3 on 'Cube (9)'.
2019-07-18 19:01:40.5386 [WARNING] Failed to restore deleted prefab component at index 3 on 'Cube (9)'.
2019-07-18 19:01:40.5481 [WARNING] Failed to restore deleted prefab component at index 3 on 'Cube (9)'.
2019-07-18 19:01:40.5575 [WARNING] Failed to restore deleted prefab component at index 3 on 'Cube (9)'.
2019-07-18 19:01:40.5679 [WARNING] Failed to restore deleted prefab component at index 3 on 'Cube (9)'.
2019-07-18 19:01:40.5763 [WARNING] Failed to restore deleted prefab component at index 3 on 'Cube (9)'.
2019-07-18 19:01:40.5858 [WARNING] Failed to restore deleted prefab component at index 3 on 'Cube (9)'.
2019-07-18 19:01:40.5962 [WARNING] Failed to restore deleted prefab component at index 3 on 'Cube (9)'.
2019-07-18 19:01:40.6056 [WARNING] Failed to restore deleted prefab component at index 3 on 'Cube (9)'.
2019-07-18 19:01:40.6150 [WARNING] Failed to restore deleted prefab component at index 3 on 'Cube (9)'.
2019-07-18 19:01:40.6249 [WARNING] Failed to restore deleted prefab component at index 3 on 'Cube (9)'.
2019-07-18 19:01:40.6349 [WARNING] Failed to restore deleted prefab component at index 3 on 'Cube (9)'.
2019-07-18 19:01:40.6433 [WARNING] Failed to restore deleted prefab component at index 3 on 'Cube (9)'.
2019-07-18 19:01:40.6532 [WARNING] Failed to restore deleted prefab component at index 3 on 'Cube (9)'.
2019-07-18 19:01:40.6631 [WARNING] Failed to restore deleted prefab component at index 3 on 'Cube (9)'.
2019-07-18 19:01:40.6726 [WARNING] Failed to restore deleted prefab component at index 3 on 'Cube (9)'.
2019-07-18 19:01:40.6820 [WARNING] Failed to restore deleted prefab component at index 3 on 'Cube (9)'.
2019-07-18 19:01:41.1234 [WARNING] Failed to restore deleted prefab component at index 3 on 'Cube (9)'.
2019-07-18 19:01:41.1333 [WARNING] Failed to restore deleted prefab component at index 3 on 'Cube (9)'.
2019-07-18 19:01:41.1418 [WARNING] Failed to restore deleted prefab component at index 3 on 'Cube (9)'.
2019-07-18 19:01:41.1502 [WARNING] Failed to restore deleted prefab component at index 3 on 'Cube (9)'.
2019-07-18 19:01:41.1691 [WARNING] Failed to restore deleted prefab component at index 3 on 'Cube (8)'.
2019-07-18 19:01:41.1775 [WARNING] Failed to restore deleted prefab component at index 3 on 'Cube (8)'.
2019-07-18 19:01:41.1859 [WARNING] Failed to restore deleted prefab component at index 3 on 'Cube (8)'.
2019-07-18 19:01:41.1943 [WARNING] Failed to restore deleted prefab component at index 3 on 'Cube (8)'.
2019-07-18 19:01:41.2048 [WARNING] Failed to restore deleted prefab component at index 3 on 'Cube (14)'.
2019-07-18 19:01:41.2137 [WARNING] Failed to restore deleted prefab component at index 3 on 'Cube (14)'.
2019-07-18 19:01:41.2231 [WARNING] Failed to restore deleted prefab component at index 3 on 'Cube (14)'.
2019-07-18 19:01:41.2325 [WARNING] Failed to restore deleted prefab component at index 3 on 'Cube (14)'.
2019-07-18 19:01:41.3079 [WARNING] Failed to restore deleted prefab component at index 3 on '2x1.5 Stairs (1)'.
2019-07-18 19:01:41.3506 [WARNING] Failed to restore deleted prefab component at index 3 on '2x1.5 Stairs (1)'.
2019-07-18 19:01:41.4071 [WARNING] Failed to restore deleted prefab component at index 3 on 'Window (2)'.
2019-07-18 19:01:41.4195 [WARNING] Failed to restore deleted prefab component at index 3 on 'Window (2)'.
2019-07-18 19:01:41.4627 [WARNING] Failed to restore deleted prefab component at index 3 on '2x1.5 Stairs (2)'.
2019-07-18 19:01:41.4756 [WARNING] Failed to restore deleted prefab component at index 3 on 'Window (2)'.
2019-07-18 19:01:41.4880 [WARNING] Failed to restore deleted prefab component at index 3 on 'Window (2)'.
2019-07-18 19:01:41.5014 [WARNING] Failed to restore deleted prefab component at index 3 on 'Window (2)'.
2019-07-18 19:01:41.5138 [WARNING] Failed to restore deleted prefab component at index 3 on 'Window (2)'.
2019-07-18 19:01:42.1110 [WARNING] Failed to restore deleted prefab component at index 3 on '2x1.5 Stairs (3)'.
2019-07-18 19:01:42.1248 [WARNING] Failed to restore deleted prefab component at index 3 on 'Window (3)'.
2019-07-18 19:01:42.1377 [WARNING] Failed to restore deleted prefab component at index 3 on 'Window (3)'.
2019-07-18 19:01:42.1506 [WARNING] Failed to restore deleted prefab component at index 3 on 'Window (3)'.
2019-07-18 19:01:42.1646 [WARNING] Failed to restore deleted prefab component at index 3 on 'Window (3)'.
2019-07-18 19:01:42.1770 [WARNING] Failed to restore deleted prefab component at index 3 on 'Window (3)'.
2019-07-18 19:01:42.2355 [WARNING] Failed to restore deleted prefab component at index 3 on 'ScafoldingHalfPlatform (4)'.
2019-07-18 19:01:42.2836 [WARNING] Failed to restore deleted prefab component at index 3 on 'ScafoldingPlatform (2)'.
2019-07-18 19:01:42.3852 [WARNING] Failed to restore deleted prefab component at index 3 on 'ScafoldingLegs (3)'.
2019-07-18 19:01:42.4274 [WARNING] Failed to restore deleted prefab component at index 3 on 'ScafoldingLegs (5)'.
2019-07-18 19:01:42.4755 [WARNING] Failed to restore deleted prefab component at index 3 on 'ScafoldingPlatform (3)'.
2019-07-18 19:01:42.5162 [WARNING] Failed to restore deleted prefab component at index 3 on '2x1.5 Stairs'.
2019-07-18 19:01:42.5569 [WARNING] Failed to restore deleted prefab component at index 3 on '2x1.5 Stairs'.
2019-07-18 19:01:42.5946 [WARNING] Failed to restore deleted prefab component at index 3 on 'Door (1)'.
2019-07-18 19:01:42.6466 [WARNING] Failed to restore deleted prefab component at index 3 on 'Door'.
2019-07-18 19:01:42.6883 [WARNING] Failed to restore deleted prefab component at index 3 on 'ScafoldingLegs (2)'.
2019-07-18 19:01:42.7329 [WARNING] Failed to restore deleted prefab component at index 3 on 'ScafoldingLegs'.
2019-07-18 19:01:42.7815 [WARNING] Failed to restore deleted prefab component at index 3 on 'ScafoldingPlatform'.
2019-07-18 19:01:43.0241 [WARNING] Failed to restore deleted prefab component at index 3 on '2x1.5 Stairs'.
2019-07-18 19:01:43.0653 [WARNING] Failed to restore deleted prefab component at index 3 on '2x1.5 Stairs (1)'.
2019-07-18 19:01:43.1491 [WARNING] Failed to restore deleted prefab component at index 3 on 'ScafoldingLegs (4)'.
2019-07-18 19:01:43.2066 [WARNING] Failed to restore deleted prefab component at index 3 on 'ScafoldingHalfPlatform (2)'.
2019-07-18 19:01:43.2210 [WARNING] Failed to restore deleted prefab component at index 3 on 'Beam'.
2019-07-18 19:01:43.2800 [WARNING] Failed to restore deleted prefab component at index 3 on 'Circular Window (1)'.
2019-07-18 19:01:43.3242 [WARNING] Failed to restore deleted prefab component at index 3 on 'Circular Window (1)'.
2019-07-18 19:01:43.3673 [WARNING] Failed to restore deleted prefab component at index 3 on 'Circular Window (1)'.
2019-07-18 19:01:43.4105 [WARNING] Failed to restore deleted prefab component at index 3 on 'Circular Window (1)'.
2019-07-18 19:01:43.4546 [WARNING] Failed to restore deleted prefab component at index 3 on 'Circular Window (1)'.
2019-07-18 19:01:43.5270 [WARNING] Failed to restore deleted prefab component at index 3 on 'ScafoldingPlatform (5)'.
2019-07-18 19:01:43.7522 [WARNING] Failed to restore deleted prefab component at index 3 on 'ScafoldingHalfPlatform (3)'.
2019-07-18 19:01:43.7621 [WARNING] Failed to restore deleted prefab component at index 3 on 'Cube (12)'.
2019-07-18 19:01:43.7721 [WARNING] Failed to restore deleted prefab component at index 3 on 'Cube (12)'.
2019-07-18 19:01:43.7820 [WARNING] Failed to restore deleted prefab component at index 3 on 'Cube (12)'.
2019-07-18 19:01:43.7929 [WARNING] Failed to restore deleted prefab component at index 3 on 'Cube (12)'.
2019-07-18 19:01:43.8078 [WARNING] Failed to restore deleted prefab component at index 3 on 'Window (4)'.
2019-07-18 19:01:43.8207 [WARNING] Failed to restore deleted prefab component at index 3 on 'Window (4)'.
2019-07-18 19:01:43.8355 [WARNING] Failed to restore deleted prefab component at index 3 on 'Window (4)'.
2019-07-18 19:01:43.8489 [WARNING] Failed to restore deleted prefab component at index 3 on 'Window (5)'.
2019-07-18 19:01:43.8633 [WARNING] Failed to restore deleted prefab component at index 3 on 'Window (5)'.
2019-07-18 19:01:43.8767 [WARNING] Failed to restore deleted prefab component at index 3 on 'Window (5)'.
2019-07-18 19:01:44.1064 [WARNING] Failed to restore deleted prefab component at index 3 on 'Door (1)'.
2019-07-18 19:01:44.1188 [WARNING] Failed to restore deleted prefab component at index 3 on 'Door (1)'.
2019-07-18 19:01:44.1317 [WARNING] Failed to restore deleted prefab component at index 3 on 'Door (1)'.
2019-07-18 19:01:44.1436 [WARNING] Failed to restore deleted prefab component at index 3 on 'Door (1)'.
2019-07-18 19:01:44.1570 [WARNING] Failed to restore deleted prefab component at index 3 on 'Door (1)'.
2019-07-18 19:01:44.2150 [WARNING] Failed to restore deleted prefab component at index 3 on 'ScafoldingHalfPlatform (1)'.
2019-07-18 19:01:44.2631 [WARNING] Failed to restore deleted prefab component at index 3 on 'ScafoldingPlatform (6)'.
2019-07-18 19:01:44.2765 [WARNING] Failed to restore deleted prefab component at index 3 on 'Window (4)'.
2019-07-18 19:01:44.2894 [WARNING] Failed to restore deleted prefab component at index 3 on 'Window (4)'.
2019-07-18 19:01:44.3033 [WARNING] Failed to restore deleted prefab component at index 3 on 'Window (5)'.
2019-07-18 19:01:44.3152 [WARNING] Failed to restore deleted prefab component at index 3 on 'Window (5)'.
2019-07-18 19:01:44.3276 [DEBUG] Loading complete
2019-07-18 19:03:51.0808 [WARNING] Cannot sync 'Sprites/Default' (Material) because it is not in Unity's asset database.
2019-07-18 19:04:00.1105 [DEBUG] Disconnecting temporarily to enter play mode.
2019-07-18 19:04:00.1110 [DEBUG] Disconnecting from room (99950:SceneFusion:SceneFusion)
2019-07-18 19:04:00.1239 [INFO] Disconnected from server.
2019-07-18 19:04:00.1239 [DEBUG] Disconnect. (Duration: 118)
2019-07-18 19:04:00.1963 [INFO] Static batching in play mode is not supported in a Scene Fusion session and will be temporarily disabled.
2019-07-18 19:04:03.1971 [DEBUG] Scene Fusion version 1.8.2-3
2019-07-18 19:04:03.3459 [DEBUG] Play mode: True, sync in play mode: True
2019-07-18 19:04:03.5135 [DEBUG] Connecting
2019-07-18 19:04:03.5348 [DEBUG] Connecting to room (99950:SceneFusion:SceneFusion) via TCP at roommanager-vps230018.kinematicsoup.com:21312
2019-07-18 19:04:03.5393 [DEBUG] Host connection. (Session: 99950)
2019-07-18 19:04:03.7516 [DEBUG] Validating model...
2019-07-18 19:04:03.9738 [DEBUG] Model updated
2019-07-18 19:04:03.9738 [DEBUG] Authenticating with server...
2019-07-18 19:04:05.6964 [DEBUG] Connected to room. (99950:SceneFusion:SceneFusion)
2019-07-18 19:04:05.7073 [INFO] Connected to server.
2019-07-18 19:04:05.7078 [DEBUG] OS : Microsoft Windows NT 10.0.17763.0
2019-07-18 19:04:05.7078 [DEBUG] Unity Version : 2019.1.8f1
2019-07-18 19:04:05.7078 [DEBUG] Pro License : False
2019-07-18 19:04:05.7083 [DEBUG] Platform : WindowsEditor
2019-07-18 19:04:05.7083 [DEBUG] Build Target : StandaloneWindows64
2019-07-18 19:04:05.7083 [DEBUG] Scene Fusion version : 1.8.2
2019-07-18 19:04:05.7083 [DEBUG] Scene Fusion client build : 3
2019-07-18 19:04:05.7083 [DEBUG] User : hamish@pageland.co.nz
2019-07-18 19:04:05.7083 [DEBUG] Waiting for server response
2019-07-18 19:04:08.4998 [DEBUG] frame size: 73462
2019-07-18 19:04:08.5013 [DEBUG] Download
2019-07-18 19:04:10.4873 [DEBUG] Tier: Scene Fusion - Free, Permissions: 00006402
2019-07-18 19:04:10.4873 [DEBUG] User Permissions: FFFFFFFF
2019-07-18 19:04:10.5681 [DEBUG] No stand-in for UnityEngine.LocalizationAsset
2019-07-18 19:04:10.5681 [DEBUG] No stand-in for UnityEngine.ProceduralMaterial
2019-07-18 19:04:10.5681 [DEBUG] No stand-in for UnityEngine.ProceduralTexture
2019-07-18 19:04:10.5681 [DEBUG] No stand-in for UnityEngine.TerrainLayer
2019-07-18 19:04:10.5681 [DEBUG] No stand-in for UnityEngine.Experimental.VFX.VisualEffectAsset
2019-07-18 19:04:10.8479 [DEBUG] Download finished
2019-07-18 19:04:13.7564 [DEBUG] Loading complete
2019-07-18 19:04:16.0410 [DEBUG] Play mode: False
2019-07-18 19:04:22.6155 [DEBUG] Loading complete
2019-07-18 19:05:27.5006 [DEBUG] Disconnecting temporarily to recompile.
2019-07-18 19:05:27.5011 [DEBUG] Disconnecting from room (99950:SceneFusion:SceneFusion)
2019-07-18 19:05:27.5170 [INFO] Disconnected from server.
2019-07-18 19:05:27.5170 [DEBUG] Disconnect. (Duration: 44)
