2019-07-19 19:18:14.5234 [DEBUG] Scene Fusion version 1.8.2-3
2019-07-19 19:20:42.7967 [DEBUG] Scene Fusion version 1.8.2-3
2019-07-19 21:03:23.5830 [DEBUG] Scene Fusion version 1.8.2-3
2019-07-19 21:20:27.0783 [ERROR] NullReferenceException: Object reference not set to an instance of an object
UnityEditor.GameObjectInspector.ClearPreviewCache () (at C:/buildslave/unity/build/Editor/Mono/Inspector/GameObjectInspector.cs:203)
UnityEditor.GameObjectInspector.OnDisable () (at C:/buildslave/unity/build/Editor/Mono/Inspector/GameObjectInspector.cs:191)

2019-07-19 21:20:29.0792 [DEBUG] Scene Fusion version 1.8.2-3
2019-07-19 21:22:08.5724 [ERROR] NullReferenceException: Object reference not set to an instance of an object
UnityEditor.GameObjectInspector.ClearPreviewCache () (at C:/buildslave/unity/build/Editor/Mono/Inspector/GameObjectInspector.cs:203)
UnityEditor.GameObjectInspector.OnDisable () (at C:/buildslave/unity/build/Editor/Mono/Inspector/GameObjectInspector.cs:191)

2019-07-19 21:22:10.5583 [DEBUG] Scene Fusion version 1.8.2-3
2019-07-19 21:22:19.5509 [ERROR] NullReferenceException: Object reference not set to an instance of an object
UnityEditor.GameObjectInspector.ClearPreviewCache () (at C:/buildslave/unity/build/Editor/Mono/Inspector/GameObjectInspector.cs:203)
UnityEditor.GameObjectInspector.OnDisable () (at C:/buildslave/unity/build/Editor/Mono/Inspector/GameObjectInspector.cs:191)

2019-07-19 21:22:21.5841 [DEBUG] Scene Fusion version 1.8.2-3
2019-07-19 21:22:42.9435 [ERROR] NullReferenceException: Object reference not set to an instance of an object
UnityEditor.GameObjectInspector.ClearPreviewCache () (at C:/buildslave/unity/build/Editor/Mono/Inspector/GameObjectInspector.cs:203)
UnityEditor.GameObjectInspector.OnDisable () (at C:/buildslave/unity/build/Editor/Mono/Inspector/GameObjectInspector.cs:191)

2019-07-19 21:22:44.8992 [DEBUG] Scene Fusion version 1.8.2-3
2019-07-19 21:25:41.3919 [ERROR] NullReferenceException: Object reference not set to an instance of an object
UnityEditor.GameObjectInspector.ClearPreviewCache () (at C:/buildslave/unity/build/Editor/Mono/Inspector/GameObjectInspector.cs:203)
UnityEditor.GameObjectInspector.OnDisable () (at C:/buildslave/unity/build/Editor/Mono/Inspector/GameObjectInspector.cs:191)

2019-07-19 21:25:43.4394 [DEBUG] Scene Fusion version 1.8.2-3
2019-07-19 21:28:01.3551 [ERROR] NullReferenceException: Object reference not set to an instance of an object
UnityEditor.GameObjectInspector.ClearPreviewCache () (at C:/buildslave/unity/build/Editor/Mono/Inspector/GameObjectInspector.cs:203)
UnityEditor.GameObjectInspector.OnDisable () (at C:/buildslave/unity/build/Editor/Mono/Inspector/GameObjectInspector.cs:191)

2019-07-19 21:28:03.2984 [DEBUG] Scene Fusion version 1.8.2-3
2019-07-19 21:31:40.8209 [ERROR] NullReferenceException: Object reference not set to an instance of an object
UnityEditor.GameObjectInspector.ClearPreviewCache () (at C:/buildslave/unity/build/Editor/Mono/Inspector/GameObjectInspector.cs:203)
UnityEditor.GameObjectInspector.OnDisable () (at C:/buildslave/unity/build/Editor/Mono/Inspector/GameObjectInspector.cs:191)

2019-07-19 21:31:43.7582 [DEBUG] Scene Fusion version 1.8.2-3
2019-07-19 21:31:43.8916 [DEBUG] Play mode: True, sync in play mode: True
2019-07-19 21:31:55.2479 [DEBUG] Play mode: False
2019-07-19 21:32:33.9226 [DEBUG] Scene Fusion version 1.8.2-3
2019-07-19 21:32:34.0823 [DEBUG] Play mode: True, sync in play mode: True
2019-07-19 21:32:38.2099 [DEBUG] Play mode: False
2019-07-19 21:32:41.4686 [DEBUG] Scene Fusion version 1.8.2-3
2019-07-19 21:32:41.6159 [DEBUG] Play mode: True, sync in play mode: True
2019-07-19 21:32:44.0151 [DEBUG] Play mode: False
2019-07-19 21:35:00.1503 [DEBUG] Scene Fusion version 1.8.2-3
2019-07-19 21:35:02.2052 [ERROR] NullReferenceException: Object reference not set to an instance of an object
UnityEditor.GameObjectInspector.ClearPreviewCache () (at C:/buildslave/unity/build/Editor/Mono/Inspector/GameObjectInspector.cs:203)
UnityEditor.GameObjectInspector.OnDisable () (at C:/buildslave/unity/build/Editor/Mono/Inspector/GameObjectInspector.cs:191)

2019-07-19 21:35:02.2196 [ERROR] NullReferenceException: Object reference not set to an instance of an object
UnityEditor.GameObjectInspector.ClearPreviewCache () (at C:/buildslave/unity/build/Editor/Mono/Inspector/GameObjectInspector.cs:203)
UnityEditor.GameObjectInspector.OnDisable () (at C:/buildslave/unity/build/Editor/Mono/Inspector/GameObjectInspector.cs:191)

2019-07-19 21:35:04.7487 [DEBUG] Scene Fusion version 1.8.2-3
2019-07-19 21:35:04.9059 [DEBUG] Play mode: True, sync in play mode: True
2019-07-19 21:35:06.1836 [DEBUG] Play mode: False
2019-07-19 21:41:31.2838 [DEBUG] Scene Fusion version 1.8.2-3
2019-07-19 21:41:31.4475 [DEBUG] Play mode: True, sync in play mode: True
2019-07-19 21:41:41.2655 [DEBUG] Play mode: False
2019-07-19 21:41:44.3283 [DEBUG] Scene Fusion version 1.8.2-3
2019-07-19 21:41:44.4835 [DEBUG] Play mode: True, sync in play mode: True
2019-07-19 21:41:48.4016 [DEBUG] Play mode: False
