2019-07-17 01:08:55.7788 [DEBUG] Scene Fusion version 1.8.2-3
2019-07-17 01:19:47.7832 [DEBUG] Scene Fusion version 1.8.2-3
2019-07-17 01:19:48.0774 [DEBUG] Play mode: True, sync in play mode: True
2019-07-17 01:20:23.4817 [DEBUG] Play mode: False
2019-07-17 01:21:42.8759 [DEBUG] Scene Fusion version 1.8.2-3
2019-07-17 01:21:43.1482 [DEBUG] Play mode: True, sync in play mode: True
2019-07-17 01:23:33.8442 [DEBUG] Play mode: False
2019-07-17 01:36:36.6282 [DEBUG] Scene Fusion version 1.8.2-3
2019-07-17 01:36:36.8851 [DEBUG] Play mode: True, sync in play mode: True
2019-07-17 01:39:42.6531 [DEBUG] Play mode: False
2019-07-17 01:41:55.3532 [DEBUG] Scene Fusion version 1.8.2-3
2019-07-17 01:41:55.6204 [DEBUG] Play mode: True, sync in play mode: True
2019-07-17 01:42:13.3178 [DEBUG] Play mode: False
2019-07-17 01:42:39.5251 [DEBUG] Scene Fusion version 1.8.2-3
2019-07-17 01:42:39.8063 [DEBUG] Play mode: True, sync in play mode: True
2019-07-17 01:49:22.5110 [DEBUG] Play mode: False
2019-07-17 01:51:39.4127 [DEBUG] Scene Fusion version 1.8.2-3
2019-07-17 01:51:53.4753 [DEBUG] Scene Fusion version 1.8.2-3
2019-07-17 01:51:53.6289 [DEBUG] Play mode: True, sync in play mode: True
2019-07-17 01:52:49.0542 [DEBUG] Play mode: False
2019-07-17 01:53:00.1534 [DEBUG] Scene Fusion version 1.8.2-3
2019-07-17 01:53:00.4057 [DEBUG] Play mode: True, sync in play mode: True
2019-07-17 01:54:47.8469 [DEBUG] Play mode: False
2019-07-17 01:55:10.4231 [DEBUG] Scene Fusion version 1.8.2-3
2019-07-17 01:55:10.6749 [DEBUG] Play mode: True, sync in play mode: True
2019-07-17 01:56:43.0982 [DEBUG] Play mode: False
2019-07-17 01:57:25.0627 [DEBUG] Scene Fusion version 1.8.2-3
2019-07-17 01:57:25.3439 [DEBUG] Play mode: True, sync in play mode: True
2019-07-17 02:01:11.2995 [DEBUG] Play mode: False
2019-07-17 02:01:51.6118 [DEBUG] Scene Fusion version 1.8.2-3
2019-07-17 02:01:51.8780 [DEBUG] Play mode: True, sync in play mode: True
2019-07-17 02:06:34.6785 [DEBUG] Play mode: False
2019-07-17 02:08:44.8543 [DEBUG] Scene Fusion version 1.8.2-3
2019-07-17 02:08:45.1236 [DEBUG] Play mode: True, sync in play mode: True
2019-07-17 02:11:19.3360 [DEBUG] Play mode: False
2019-07-17 02:12:01.3114 [DEBUG] Scene Fusion version 1.8.2-3
2019-07-17 02:12:01.5911 [DEBUG] Play mode: True, sync in play mode: True
2019-07-17 02:14:52.5967 [DEBUG] Play mode: False
2019-07-17 02:16:34.3743 [DEBUG] Scene Fusion version 1.8.2-3
2019-07-17 02:16:34.6506 [DEBUG] Play mode: True, sync in play mode: True
2019-07-17 02:18:53.6618 [DEBUG] Play mode: False
2019-07-17 02:19:52.5935 [DEBUG] Scene Fusion version 1.8.2-3
2019-07-17 02:19:52.8488 [DEBUG] Play mode: True, sync in play mode: True
2019-07-17 02:19:55.4683 [DEBUG] Play mode: False
2019-07-17 02:20:05.9188 [DEBUG] Scene Fusion version 1.8.2-3
2019-07-17 02:20:06.1930 [DEBUG] Play mode: True, sync in play mode: True
2019-07-17 02:22:01.1012 [DEBUG] Play mode: False
2019-07-17 02:22:42.9592 [DEBUG] Scene Fusion version 1.8.2-3
2019-07-17 02:22:43.2115 [DEBUG] Play mode: True, sync in play mode: True
2019-07-17 02:26:30.2628 [DEBUG] Play mode: False
2019-07-17 17:10:58.3477 [DEBUG] Scene Fusion version 1.8.2-3
2019-07-17 17:11:45.9813 [DEBUG] Invalid token sent as part of a web request token. Token = 5ay2wNJktguKmCDYX1qlfmHXqTuQlo7NYiYXfth7h0mwZ9bn7zLBpBNh44ZUF7l8WIoxpjXSGDRJt3eIct0hYytzuHLafQH0i88pQiwkgha0hYFhSuhSMpj8WEliDkPUckaE3Kch5I20jgDSdWz0m4uygqiWfk9KPOmpzZG4oMSG3GqgKjw7jdweP8JyA1EQWCAmrRqw21RyEUrTyB2j6LufWywbYd61gBegLJWcQ6ihFMnEpZ9a26gzSx5Elhi
2019-07-17 17:27:01.6307 [DEBUG] Scene Fusion version 1.8.2-3
2019-07-17 17:27:27.8467 [DEBUG] Scene Fusion version 1.8.2-3
2019-07-17 17:27:50.7638 [ERROR] NullReferenceException: Object reference not set to an instance of an object
UnityEditor.IMGUI.Controls.TreeViewController.IsItemDragSelectedOrSelected (UnityEditor.IMGUI.Controls.TreeViewItem item) (at C:/buildslave/unity/build/Editor/Mono/GUI/TreeView/TreeViewController.cs:468)
UnityEditor.IMGUI.Controls.TreeViewController.DoItemGUI (UnityEditor.IMGUI.Controls.TreeViewItem item, System.Int32 row, System.Single rowWidth, System.Boolean hasFocus) (at C:/buildslave/unity/build/Editor/Mono/GUI/TreeView/TreeViewController.cs:482)
UnityEditor.IMGUI.Controls.TreeViewController.IterateVisibleItems (System.Int32 firstRow, System.Int32 numVisibleRows, System.Single rowWidth, System.Boolean hasFocus) (at C:/buildslave/unity/build/Editor/Mono/GUI/TreeView/TreeViewController.cs:691)
UnityEditor.IMGUI.Controls.TreeViewController.OnGUI (UnityEngine.Rect rect, System.Int32 keyboardControlID) (at C:/buildslave/unity/build/Editor/Mono/GUI/TreeView/TreeViewController.cs:594)
UnityEditor.SceneHierarchy.DoTreeView (System.Single searchPathHeight) (at C:/buildslave/unity/build/Editor/Mono/SceneHierarchy.cs:783)
UnityEditor.SceneHierarchy.OnGUI (UnityEngine.Rect rect) (at C:/buildslave/unity/build/Editor/Mono/SceneHierarchy.cs:581)
UnityEditor.SceneHierarchyWindow.DoSceneHierarchy () (at C:/buildslave/unity/build/Editor/Mono/SceneHierarchyWindow.cs:150)
UnityEditor.SceneHierarchyWindow.OnGUI () (at C:/buildslave/unity/build/Editor/Mono/SceneHierarchyWindow.cs:133)
System.Reflection.MonoMethod.Invoke (System.Object obj, System.Reflection.BindingFlags invokeAttr, System.Reflection.Binder binder, System.Object[] parameters, System.Globalization.CultureInfo culture) (at <7d97106330684add86d080ecf65bfe69>:0)
Rethrow as TargetInvocationException: Exception has been thrown by the target of an invocation.
System.Reflection.MonoMethod.Invoke (System.Object obj, System.Reflection.BindingFlags invokeAttr, System.Reflection.Binder binder, System.Object[] parameters, System.Globalization.CultureInfo culture) (at <7d97106330684add86d080ecf65bfe69>:0)
System.Reflection.MethodBase.Invoke (System.Object obj, System.Object[] parameters) (at <7d97106330684add86d080ecf65bfe69>:0)
UnityEditor.HostView.Invoke (System.String methodName, System.Object obj) (at C:/buildslave/unity/build/Editor/Mono/HostView.cs:340)
UnityEditor.HostView.Invoke (System.String methodName) (at C:/buildslave/unity/build/Editor/Mono/HostView.cs:334)
UnityEditor.HostView.InvokeOnGUI (UnityEngine.Rect onGUIPosition, UnityEngine.Rect viewRect) (at C:/buildslave/unity/build/Editor/Mono/HostView.cs:310)
UnityEditor.DockArea.DrawView (UnityEngine.Rect viewRect, UnityEngine.Rect dockAreaRect, System.Boolean floatingWindow, System.Boolean isBottomTab) (at C:/buildslave/unity/build/Editor/Mono/GUI/DockArea.cs:373)
UnityEditor.DockArea.OldOnGUI () (at C:/buildslave/unity/build/Editor/Mono/GUI/DockArea.cs:340)
UnityEngine.UIElements.IMGUIContainer.DoOnGUI (UnityEngine.Event evt, UnityEngine.Matrix4x4 parentTransform, UnityEngine.Rect clippingRect, System.Boolean isComputingLayout, UnityEngine.Rect layoutSize) (at C:/buildslave/unity/build/Modules/UIElements/IMGUIContainer.cs:278)
UnityEngine.GUIUtility:ProcessEvent(Int32, IntPtr)

2019-07-17 17:27:50.7718 [ERROR] NullReferenceException: Object reference not set to an instance of an object
UnityEditor.IMGUI.Controls.TreeViewController.IsItemDragSelectedOrSelected (UnityEditor.IMGUI.Controls.TreeViewItem item) (at C:/buildslave/unity/build/Editor/Mono/GUI/TreeView/TreeViewController.cs:468)
UnityEditor.IMGUI.Controls.TreeViewController.DoItemGUI (UnityEditor.IMGUI.Controls.TreeViewItem item, System.Int32 row, System.Single rowWidth, System.Boolean hasFocus) (at C:/buildslave/unity/build/Editor/Mono/GUI/TreeView/TreeViewController.cs:482)
UnityEditor.IMGUI.Controls.TreeViewController.IterateVisibleItems (System.Int32 firstRow, System.Int32 numVisibleRows, System.Single rowWidth, System.Boolean hasFocus) (at C:/buildslave/unity/build/Editor/Mono/GUI/TreeView/TreeViewController.cs:691)
UnityEditor.IMGUI.Controls.TreeViewController.OnGUI (UnityEngine.Rect rect, System.Int32 keyboardControlID) (at C:/buildslave/unity/build/Editor/Mono/GUI/TreeView/TreeViewController.cs:594)
UnityEditor.SceneHierarchy.DoTreeView (System.Single searchPathHeight) (at C:/buildslave/unity/build/Editor/Mono/SceneHierarchy.cs:783)
UnityEditor.SceneHierarchy.OnGUI (UnityEngine.Rect rect) (at C:/buildslave/unity/build/Editor/Mono/SceneHierarchy.cs:581)
UnityEditor.SceneHierarchyWindow.DoSceneHierarchy () (at C:/buildslave/unity/build/Editor/Mono/SceneHierarchyWindow.cs:150)
UnityEditor.SceneHierarchyWindow.OnGUI () (at C:/buildslave/unity/build/Editor/Mono/SceneHierarchyWindow.cs:133)
System.Reflection.MonoMethod.Invoke (System.Object obj, System.Reflection.BindingFlags invokeAttr, System.Reflection.Binder binder, System.Object[] parameters, System.Globalization.CultureInfo culture) (at <7d97106330684add86d080ecf65bfe69>:0)
Rethrow as TargetInvocationException: Exception has been thrown by the target of an invocation.
System.Reflection.MonoMethod.Invoke (System.Object obj, System.Reflection.BindingFlags invokeAttr, System.Reflection.Binder binder, System.Object[] parameters, System.Globalization.CultureInfo culture) (at <7d97106330684add86d080ecf65bfe69>:0)
System.Reflection.MethodBase.Invoke (System.Object obj, System.Object[] parameters) (at <7d97106330684add86d080ecf65bfe69>:0)
UnityEditor.HostView.Invoke (System.String methodName, System.Object obj) (at C:/buildslave/unity/build/Editor/Mono/HostView.cs:340)
UnityEditor.HostView.Invoke (System.String methodName) (at C:/buildslave/unity/build/Editor/Mono/HostView.cs:334)
UnityEditor.HostView.InvokeOnGUI (UnityEngine.Rect onGUIPosition, UnityEngine.Rect viewRect) (at C:/buildslave/unity/build/Editor/Mono/HostView.cs:310)
UnityEditor.DockArea.DrawView (UnityEngine.Rect viewRect, UnityEngine.Rect dockAreaRect, System.Boolean floatingWindow, System.Boolean isBottomTab) (at C:/buildslave/unity/build/Editor/Mono/GUI/DockArea.cs:373)
UnityEditor.DockArea.OldOnGUI () (at C:/buildslave/unity/build/Editor/Mono/GUI/DockArea.cs:340)
UnityEngine.UIElements.IMGUIContainer.DoOnGUI (UnityEngine.Event evt, UnityEngine.Matrix4x4 parentTransform, UnityEngine.Rect clippingRect, System.Boolean isComputingLayout, UnityEngine.Rect layoutSize) (at C:/buildslave/unity/build/Modules/UIElements/IMGUIContainer.cs:295)
UnityEngine.UIElements.IMGUIContainer.HandleIMGUIEvent (UnityEngine.Event e, UnityEngine.Matrix4x4 worldTransform, UnityEngine.Rect clippingRect) (at C:/buildslave/unity/build/Modules/UIElements/IMGUIContainer.cs:481)
UnityEngine.UIElements.IMGUIContainer.HandleIMGUIEvent () (at C:/buildslave/unity/build/Modules/UIElements/IMGUIContainer.cs:455)
UnityEngine.UIElements.UIR.ImmediateRenderer.Draw (UnityEngine.UIElements.UIR.DrawChainState dcs) (at C:/buildslave/unity/build/Modules/UIElements/Renderer/UIRenderer/UIRenderers.cs:447)
UnityEngine.UIElements.UIR.UIRenderDevice.ContinueChain (UnityEngine.UIElements.UIR.RendererBase head, UnityEngine.UIElements.UIR.DrawChainState dcs, System.Boolean outerChainsWithMeshRenderer) (at C:/buildslave/unity/build/Modules/UIElements/Renderer/UIRenderer/UIRenderDevice.cs:865)
UnityEngine.UIElements.UIR.UIRenderDevice.DrawChain (UnityEngine.UIElements.UIR.RendererBase head, UnityEngine.Rect viewport, UnityEngine.Matrix4x4 projection, UnityEngine.Texture atlas) (at C:/buildslave/unity/build/Modules/UIElements/Renderer/UIRenderer/UIRenderDevice.cs:848)
UnityEngine.UIElements.UIRRepaintUpdater.DrawChain (UnityEngine.Rect topRect, UnityEngine.Matrix4x4 projection) (at C:/buildslave/unity/build/Modules/UIElements/Renderer/UIRRepaintUpdater.cs:218)
UnityEngine.UIElements.UIRRepaintUpdater.Update () (at C:/buildslave/unity/build/Modules/UIElements/Renderer/UIRRepaintUpdater.cs:190)
UnityEngine.UIElements.VisualTreeUpdater.UpdateVisualTree () (at C:/buildslave/unity/build/Modules/UIElements/VisualTreeUpdater.cs:70)
UnityEngine.UIElements.Panel.Repaint (UnityEngine.Event e) (at C:/buildslave/unity/build/Modules/UIElements/Panel.cs:589)
UnityEngine.UIElements.UIElementsUtility.DoDispatch (UnityEngine.UIElements.BaseVisualElementPanel panel) (at C:/buildslave/unity/build/Modules/UIElements/UIElementsUtility.cs:240)
UnityEngine.UIElements.UIElementsUtility.ProcessEvent (System.Int32 instanceID, System.IntPtr nativeEventPtr) (at C:/buildslave/unity/build/Modules/UIElements/UIElementsUtility.cs:78)
UnityEngine.GUIUtility.ProcessEvent (System.Int32 instanceID, System.IntPtr nativeEventPtr) (at C:/buildslave/unity/build/Modules/IMGUI/GUIUtility.cs:179)

2019-07-17 17:27:50.7777 [ERROR] NullReferenceException: Object reference not set to an instance of an object
UnityEditor.IMGUI.Controls.TreeViewController.IsItemDragSelectedOrSelected (UnityEditor.IMGUI.Controls.TreeViewItem item) (at C:/buildslave/unity/build/Editor/Mono/GUI/TreeView/TreeViewController.cs:468)
UnityEditor.IMGUI.Controls.TreeViewController.DoItemGUI (UnityEditor.IMGUI.Controls.TreeViewItem item, System.Int32 row, System.Single rowWidth, System.Boolean hasFocus) (at C:/buildslave/unity/build/Editor/Mono/GUI/TreeView/TreeViewController.cs:482)
UnityEditor.IMGUI.Controls.TreeViewController.IterateVisibleItems (System.Int32 firstRow, System.Int32 numVisibleRows, System.Single rowWidth, System.Boolean hasFocus) (at C:/buildslave/unity/build/Editor/Mono/GUI/TreeView/TreeViewController.cs:691)
UnityEditor.IMGUI.Controls.TreeViewController.OnGUI (UnityEngine.Rect rect, System.Int32 keyboardControlID) (at C:/buildslave/unity/build/Editor/Mono/GUI/TreeView/TreeViewController.cs:594)
UnityEditor.SceneHierarchy.DoTreeView (System.Single searchPathHeight) (at C:/buildslave/unity/build/Editor/Mono/SceneHierarchy.cs:783)
UnityEditor.SceneHierarchy.OnGUI (UnityEngine.Rect rect) (at C:/buildslave/unity/build/Editor/Mono/SceneHierarchy.cs:581)
UnityEditor.SceneHierarchyWindow.DoSceneHierarchy () (at C:/buildslave/unity/build/Editor/Mono/SceneHierarchyWindow.cs:150)
UnityEditor.SceneHierarchyWindow.OnGUI () (at C:/buildslave/unity/build/Editor/Mono/SceneHierarchyWindow.cs:133)
System.Reflection.MonoMethod.Invoke (System.Object obj, System.Reflection.BindingFlags invokeAttr, System.Reflection.Binder binder, System.Object[] parameters, System.Globalization.CultureInfo culture) (at <7d97106330684add86d080ecf65bfe69>:0)
Rethrow as TargetInvocationException: Exception has been thrown by the target of an invocation.
System.Reflection.MonoMethod.Invoke (System.Object obj, System.Reflection.BindingFlags invokeAttr, System.Reflection.Binder binder, System.Object[] parameters, System.Globalization.CultureInfo culture) (at <7d97106330684add86d080ecf65bfe69>:0)
System.Reflection.MethodBase.Invoke (System.Object obj, System.Object[] parameters) (at <7d97106330684add86d080ecf65bfe69>:0)
UnityEditor.HostView.Invoke (System.String methodName, System.Object obj) (at C:/buildslave/unity/build/Editor/Mono/HostView.cs:340)
UnityEditor.HostView.Invoke (System.String methodName) (at C:/buildslave/unity/build/Editor/Mono/HostView.cs:334)
UnityEditor.HostView.InvokeOnGUI (UnityEngine.Rect onGUIPosition, UnityEngine.Rect viewRect) (at C:/buildslave/unity/build/Editor/Mono/HostView.cs:310)
UnityEditor.DockArea.DrawView (UnityEngine.Rect viewRect, UnityEngine.Rect dockAreaRect, System.Boolean floatingWindow, System.Boolean isBottomTab) (at C:/buildslave/unity/build/Editor/Mono/GUI/DockArea.cs:373)
UnityEditor.DockArea.OldOnGUI () (at C:/buildslave/unity/build/Editor/Mono/GUI/DockArea.cs:340)
UnityEngine.UIElements.IMGUIContainer.DoOnGUI (UnityEngine.Event evt, UnityEngine.Matrix4x4 parentTransform, UnityEngine.Rect clippingRect, System.Boolean isComputingLayout, UnityEngine.Rect layoutSize) (at C:/buildslave/unity/build/Modules/UIElements/IMGUIContainer.cs:278)
UnityEngine.GUIUtility:ProcessEvent(Int32, IntPtr)

2019-07-17 17:27:50.7846 [ERROR] NullReferenceException: Object reference not set to an instance of an object
UnityEditor.IMGUI.Controls.TreeViewController.IsItemDragSelectedOrSelected (UnityEditor.IMGUI.Controls.TreeViewItem item) (at C:/buildslave/unity/build/Editor/Mono/GUI/TreeView/TreeViewController.cs:468)
UnityEditor.IMGUI.Controls.TreeViewController.DoItemGUI (UnityEditor.IMGUI.Controls.TreeViewItem item, System.Int32 row, System.Single rowWidth, System.Boolean hasFocus) (at C:/buildslave/unity/build/Editor/Mono/GUI/TreeView/TreeViewController.cs:482)
UnityEditor.IMGUI.Controls.TreeViewController.IterateVisibleItems (System.Int32 firstRow, System.Int32 numVisibleRows, System.Single rowWidth, System.Boolean hasFocus) (at C:/buildslave/unity/build/Editor/Mono/GUI/TreeView/TreeViewController.cs:691)
UnityEditor.IMGUI.Controls.TreeViewController.OnGUI (UnityEngine.Rect rect, System.Int32 keyboardControlID) (at C:/buildslave/unity/build/Editor/Mono/GUI/TreeView/TreeViewController.cs:594)
UnityEditor.SceneHierarchy.DoTreeView (System.Single searchPathHeight) (at C:/buildslave/unity/build/Editor/Mono/SceneHierarchy.cs:783)
UnityEditor.SceneHierarchy.OnGUI (UnityEngine.Rect rect) (at C:/buildslave/unity/build/Editor/Mono/SceneHierarchy.cs:581)
UnityEditor.SceneHierarchyWindow.DoSceneHierarchy () (at C:/buildslave/unity/build/Editor/Mono/SceneHierarchyWindow.cs:150)
UnityEditor.SceneHierarchyWindow.OnGUI () (at C:/buildslave/unity/build/Editor/Mono/SceneHierarchyWindow.cs:133)
System.Reflection.MonoMethod.Invoke (System.Object obj, System.Reflection.BindingFlags invokeAttr, System.Reflection.Binder binder, System.Object[] parameters, System.Globalization.CultureInfo culture) (at <7d97106330684add86d080ecf65bfe69>:0)
Rethrow as TargetInvocationException: Exception has been thrown by the target of an invocation.
System.Reflection.MonoMethod.Invoke (System.Object obj, System.Reflection.BindingFlags invokeAttr, System.Reflection.Binder binder, System.Object[] parameters, System.Globalization.CultureInfo culture) (at <7d97106330684add86d080ecf65bfe69>:0)
System.Reflection.MethodBase.Invoke (System.Object obj, System.Object[] parameters) (at <7d97106330684add86d080ecf65bfe69>:0)
UnityEditor.HostView.Invoke (System.String methodName, System.Object obj) (at C:/buildslave/unity/build/Editor/Mono/HostView.cs:340)
UnityEditor.HostView.Invoke (System.String methodName) (at C:/buildslave/unity/build/Editor/Mono/HostView.cs:334)
UnityEditor.HostView.InvokeOnGUI (UnityEngine.Rect onGUIPosition, UnityEngine.Rect viewRect) (at C:/buildslave/unity/build/Editor/Mono/HostView.cs:310)
UnityEditor.DockArea.DrawView (UnityEngine.Rect viewRect, UnityEngine.Rect dockAreaRect, System.Boolean floatingWindow, System.Boolean isBottomTab) (at C:/buildslave/unity/build/Editor/Mono/GUI/DockArea.cs:373)
UnityEditor.DockArea.OldOnGUI () (at C:/buildslave/unity/build/Editor/Mono/GUI/DockArea.cs:340)
UnityEngine.UIElements.IMGUIContainer.DoOnGUI (UnityEngine.Event evt, UnityEngine.Matrix4x4 parentTransform, UnityEngine.Rect clippingRect, System.Boolean isComputingLayout, UnityEngine.Rect layoutSize) (at C:/buildslave/unity/build/Modules/UIElements/IMGUIContainer.cs:295)
UnityEngine.UIElements.IMGUIContainer.HandleIMGUIEvent (UnityEngine.Event e, UnityEngine.Matrix4x4 worldTransform, UnityEngine.Rect clippingRect) (at C:/buildslave/unity/build/Modules/UIElements/IMGUIContainer.cs:481)
UnityEngine.UIElements.IMGUIContainer.HandleIMGUIEvent (UnityEngine.Event e) (at C:/buildslave/unity/build/Modules/UIElements/IMGUIContainer.cs:464)
UnityEngine.UIElements.EventDispatchUtilities.PropagateToIMGUIContainer (UnityEngine.UIElements.VisualElement root, UnityEngine.UIElements.EventBase evt) (at C:/buildslave/unity/build/Modules/UIElements/Events/IEventDispatchingStrategy.cs:119)
UnityEngine.UIElements.EventDispatchUtilities.PropagateToIMGUIContainer (UnityEngine.UIElements.VisualElement root, UnityEngine.UIElements.EventBase evt) (at C:/buildslave/unity/build/Modules/UIElements/Events/IEventDispatchingStrategy.cs:134)
UnityEngine.UIElements.MouseEventDispatchingStrategy.DispatchEvent (UnityEngine.UIElements.EventBase evt, UnityEngine.UIElements.IPanel panel) (at C:/buildslave/unity/build/Modules/UIElements/Events/MouseEventDispatchingStrategy.cs:69)
UnityEngine.UIElements.EventDispatcher.ProcessEvent (UnityEngine.UIElements.EventBase evt, UnityEngine.UIElements.IPanel panel) (at C:/buildslave/unity/build/Modules/UIElements/EventDispatcher.cs:280)
UnityEngine.UIElements.EventDispatcher.Dispatch (UnityEngine.UIElements.EventBase evt, UnityEngine.UIElements.IPanel panel, UnityEngine.UIElements.DispatchMode dispatchMode) (at C:/buildslave/unity/build/Modules/UIElements/EventDispatcher.cs:156)
UnityEngine.UIElements.BaseVisualElementPanel.SendEvent (UnityEngine.UIElements.EventBase e, UnityEngine.UIElements.DispatchMode dispatchMode) (at C:/buildslave/unity/build/Modules/UIElements/Panel.cs:189)
UnityEngine.UIElements.UIElementsUtility.DoDispatch (UnityEngine.UIElements.BaseVisualElementPanel panel) (at C:/buildslave/unity/build/Modules/UIElements/UIElementsUtility.cs:255)
UnityEngine.UIElements.UIElementsUtility.ProcessEvent (System.Int32 instanceID, System.IntPtr nativeEventPtr) (at C:/buildslave/unity/build/Modules/UIElements/UIElementsUtility.cs:78)
UnityEngine.GUIUtility.ProcessEvent (System.Int32 instanceID, System.IntPtr nativeEventPtr) (at C:/buildslave/unity/build/Modules/IMGUI/GUIUtility.cs:179)

2019-07-17 17:27:50.7956 [ERROR] NullReferenceException: Object reference not set to an instance of an object
UnityEditor.IMGUI.Controls.TreeViewController.IsItemDragSelectedOrSelected (UnityEditor.IMGUI.Controls.TreeViewItem item) (at C:/buildslave/unity/build/Editor/Mono/GUI/TreeView/TreeViewController.cs:468)
UnityEditor.IMGUI.Controls.TreeViewController.DoItemGUI (UnityEditor.IMGUI.Controls.TreeViewItem item, System.Int32 row, System.Single rowWidth, System.Boolean hasFocus) (at C:/buildslave/unity/build/Editor/Mono/GUI/TreeView/TreeViewController.cs:482)
UnityEditor.IMGUI.Controls.TreeViewController.IterateVisibleItems (System.Int32 firstRow, System.Int32 numVisibleRows, System.Single rowWidth, System.Boolean hasFocus) (at C:/buildslave/unity/build/Editor/Mono/GUI/TreeView/TreeViewController.cs:691)
UnityEditor.IMGUI.Controls.TreeViewController.OnGUI (UnityEngine.Rect rect, System.Int32 keyboardControlID) (at C:/buildslave/unity/build/Editor/Mono/GUI/TreeView/TreeViewController.cs:594)
UnityEditor.SceneHierarchy.DoTreeView (System.Single searchPathHeight) (at C:/buildslave/unity/build/Editor/Mono/SceneHierarchy.cs:783)
UnityEditor.SceneHierarchy.OnGUI (UnityEngine.Rect rect) (at C:/buildslave/unity/build/Editor/Mono/SceneHierarchy.cs:581)
UnityEditor.SceneHierarchyWindow.DoSceneHierarchy () (at C:/buildslave/unity/build/Editor/Mono/SceneHierarchyWindow.cs:150)
UnityEditor.SceneHierarchyWindow.OnGUI () (at C:/buildslave/unity/build/Editor/Mono/SceneHierarchyWindow.cs:133)
System.Reflection.MonoMethod.Invoke (System.Object obj, System.Reflection.BindingFlags invokeAttr, System.Reflection.Binder binder, System.Object[] parameters, System.Globalization.CultureInfo culture) (at <7d97106330684add86d080ecf65bfe69>:0)
Rethrow as TargetInvocationException: Exception has been thrown by the target of an invocation.
System.Reflection.MonoMethod.Invoke (System.Object obj, System.Reflection.BindingFlags invokeAttr, System.Reflection.Binder binder, System.Object[] parameters, System.Globalization.CultureInfo culture) (at <7d97106330684add86d080ecf65bfe69>:0)
System.Reflection.MethodBase.Invoke (System.Object obj, System.Object[] parameters) (at <7d97106330684add86d080ecf65bfe69>:0)
UnityEditor.HostView.Invoke (System.String methodName, System.Object obj) (at C:/buildslave/unity/build/Editor/Mono/HostView.cs:340)
UnityEditor.HostView.Invoke (System.String methodName) (at C:/buildslave/unity/build/Editor/Mono/HostView.cs:334)
UnityEditor.HostView.InvokeOnGUI (UnityEngine.Rect onGUIPosition, UnityEngine.Rect viewRect) (at C:/buildslave/unity/build/Editor/Mono/HostView.cs:310)
UnityEditor.DockArea.DrawView (UnityEngine.Rect viewRect, UnityEngine.Rect dockAreaRect, System.Boolean floatingWindow, System.Boolean isBottomTab) (at C:/buildslave/unity/build/Editor/Mono/GUI/DockArea.cs:373)
UnityEditor.DockArea.OldOnGUI () (at C:/buildslave/unity/build/Editor/Mono/GUI/DockArea.cs:340)
UnityEngine.UIElements.IMGUIContainer.DoOnGUI (UnityEngine.Event evt, UnityEngine.Matrix4x4 parentTransform, UnityEngine.Rect clippingRect, System.Boolean isComputingLayout, UnityEngine.Rect layoutSize) (at C:/buildslave/unity/build/Modules/UIElements/IMGUIContainer.cs:278)
UnityEngine.GUIUtility:ProcessEvent(Int32, IntPtr)

2019-07-17 17:27:50.8025 [ERROR] NullReferenceException: Object reference not set to an instance of an object
UnityEditor.IMGUI.Controls.TreeViewController.IsItemDragSelectedOrSelected (UnityEditor.IMGUI.Controls.TreeViewItem item) (at C:/buildslave/unity/build/Editor/Mono/GUI/TreeView/TreeViewController.cs:468)
UnityEditor.IMGUI.Controls.TreeViewController.DoItemGUI (UnityEditor.IMGUI.Controls.TreeViewItem item, System.Int32 row, System.Single rowWidth, System.Boolean hasFocus) (at C:/buildslave/unity/build/Editor/Mono/GUI/TreeView/TreeViewController.cs:482)
UnityEditor.IMGUI.Controls.TreeViewController.IterateVisibleItems (System.Int32 firstRow, System.Int32 numVisibleRows, System.Single rowWidth, System.Boolean hasFocus) (at C:/buildslave/unity/build/Editor/Mono/GUI/TreeView/TreeViewController.cs:691)
UnityEditor.IMGUI.Controls.TreeViewController.OnGUI (UnityEngine.Rect rect, System.Int32 keyboardControlID) (at C:/buildslave/unity/build/Editor/Mono/GUI/TreeView/TreeViewController.cs:594)
UnityEditor.SceneHierarchy.DoTreeView (System.Single searchPathHeight) (at C:/buildslave/unity/build/Editor/Mono/SceneHierarchy.cs:783)
UnityEditor.SceneHierarchy.OnGUI (UnityEngine.Rect rect) (at C:/buildslave/unity/build/Editor/Mono/SceneHierarchy.cs:581)
UnityEditor.SceneHierarchyWindow.DoSceneHierarchy () (at C:/buildslave/unity/build/Editor/Mono/SceneHierarchyWindow.cs:150)
UnityEditor.SceneHierarchyWindow.OnGUI () (at C:/buildslave/unity/build/Editor/Mono/SceneHierarchyWindow.cs:133)
System.Reflection.MonoMethod.Invoke (System.Object obj, System.Reflection.BindingFlags invokeAttr, System.Reflection.Binder binder, System.Object[] parameters, System.Globalization.CultureInfo culture) (at <7d97106330684add86d080ecf65bfe69>:0)
Rethrow as TargetInvocationException: Exception has been thrown by the target of an invocation.
System.Reflection.MonoMethod.Invoke (System.Object obj, System.Reflection.BindingFlags invokeAttr, System.Reflection.Binder binder, System.Object[] parameters, System.Globalization.CultureInfo culture) (at <7d97106330684add86d080ecf65bfe69>:0)
System.Reflection.MethodBase.Invoke (System.Object obj, System.Object[] parameters) (at <7d97106330684add86d080ecf65bfe69>:0)
UnityEditor.HostView.Invoke (System.String methodName, System.Object obj) (at C:/buildslave/unity/build/Editor/Mono/HostView.cs:340)
UnityEditor.HostView.Invoke (System.String methodName) (at C:/buildslave/unity/build/Editor/Mono/HostView.cs:334)
UnityEditor.HostView.InvokeOnGUI (UnityEngine.Rect onGUIPosition, UnityEngine.Rect viewRect) (at C:/buildslave/unity/build/Editor/Mono/HostView.cs:310)
UnityEditor.DockArea.DrawView (UnityEngine.Rect viewRect, UnityEngine.Rect dockAreaRect, System.Boolean floatingWindow, System.Boolean isBottomTab) (at C:/buildslave/unity/build/Editor/Mono/GUI/DockArea.cs:373)
UnityEditor.DockArea.OldOnGUI () (at C:/buildslave/unity/build/Editor/Mono/GUI/DockArea.cs:340)
UnityEngine.UIElements.IMGUIContainer.DoOnGUI (UnityEngine.Event evt, UnityEngine.Matrix4x4 parentTransform, UnityEngine.Rect clippingRect, System.Boolean isComputingLayout, UnityEngine.Rect layoutSize) (at C:/buildslave/unity/build/Modules/UIElements/IMGUIContainer.cs:295)
UnityEngine.UIElements.IMGUIContainer.HandleIMGUIEvent (UnityEngine.Event e, UnityEngine.Matrix4x4 worldTransform, UnityEngine.Rect clippingRect) (at C:/buildslave/unity/build/Modules/UIElements/IMGUIContainer.cs:481)
UnityEngine.UIElements.IMGUIContainer.HandleIMGUIEvent () (at C:/buildslave/unity/build/Modules/UIElements/IMGUIContainer.cs:455)
UnityEngine.UIElements.UIR.ImmediateRenderer.Draw (UnityEngine.UIElements.UIR.DrawChainState dcs) (at C:/buildslave/unity/build/Modules/UIElements/Renderer/UIRenderer/UIRenderers.cs:447)
UnityEngine.UIElements.UIR.UIRenderDevice.ContinueChain (UnityEngine.UIElements.UIR.RendererBase head, UnityEngine.UIElements.UIR.DrawChainState dcs, System.Boolean outerChainsWithMeshRenderer) (at C:/buildslave/unity/build/Modules/UIElements/Renderer/UIRenderer/UIRenderDevice.cs:865)
UnityEngine.UIElements.UIR.UIRenderDevice.DrawChain (UnityEngine.UIElements.UIR.RendererBase head, UnityEngine.Rect viewport, UnityEngine.Matrix4x4 projection, UnityEngine.Texture atlas) (at C:/buildslave/unity/build/Modules/UIElements/Renderer/UIRenderer/UIRenderDevice.cs:848)
UnityEngine.UIElements.UIRRepaintUpdater.DrawChain (UnityEngine.Rect topRect, UnityEngine.Matrix4x4 projection) (at C:/buildslave/unity/build/Modules/UIElements/Renderer/UIRRepaintUpdater.cs:218)
UnityEngine.UIElements.UIRRepaintUpdater.Update () (at C:/buildslave/unity/build/Modules/UIElements/Renderer/UIRRepaintUpdater.cs:190)
UnityEngine.UIElements.VisualTreeUpdater.UpdateVisualTree () (at C:/buildslave/unity/build/Modules/UIElements/VisualTreeUpdater.cs:70)
UnityEngine.UIElements.Panel.Repaint (UnityEngine.Event e) (at C:/buildslave/unity/build/Modules/UIElements/Panel.cs:589)
UnityEngine.UIElements.UIElementsUtility.DoDispatch (UnityEngine.UIElements.BaseVisualElementPanel panel) (at C:/buildslave/unity/build/Modules/UIElements/UIElementsUtility.cs:240)
UnityEngine.UIElements.UIElementsUtility.ProcessEvent (System.Int32 instanceID, System.IntPtr nativeEventPtr) (at C:/buildslave/unity/build/Modules/UIElements/UIElementsUtility.cs:78)
UnityEngine.GUIUtility.ProcessEvent (System.Int32 instanceID, System.IntPtr nativeEventPtr) (at C:/buildslave/unity/build/Modules/IMGUI/GUIUtility.cs:179)

2019-07-17 17:27:50.8169 [ERROR] NullReferenceException: Object reference not set to an instance of an object
UnityEditor.IMGUI.Controls.TreeViewController.IsItemDragSelectedOrSelected (UnityEditor.IMGUI.Controls.TreeViewItem item) (at C:/buildslave/unity/build/Editor/Mono/GUI/TreeView/TreeViewController.cs:468)
UnityEditor.IMGUI.Controls.TreeViewController.DoItemGUI (UnityEditor.IMGUI.Controls.TreeViewItem item, System.Int32 row, System.Single rowWidth, System.Boolean hasFocus) (at C:/buildslave/unity/build/Editor/Mono/GUI/TreeView/TreeViewController.cs:482)
UnityEditor.IMGUI.Controls.TreeViewController.IterateVisibleItems (System.Int32 firstRow, System.Int32 numVisibleRows, System.Single rowWidth, System.Boolean hasFocus) (at C:/buildslave/unity/build/Editor/Mono/GUI/TreeView/TreeViewController.cs:691)
UnityEditor.IMGUI.Controls.TreeViewController.OnGUI (UnityEngine.Rect rect, System.Int32 keyboardControlID) (at C:/buildslave/unity/build/Editor/Mono/GUI/TreeView/TreeViewController.cs:594)
UnityEditor.SceneHierarchy.DoTreeView (System.Single searchPathHeight) (at C:/buildslave/unity/build/Editor/Mono/SceneHierarchy.cs:783)
UnityEditor.SceneHierarchy.OnGUI (UnityEngine.Rect rect) (at C:/buildslave/unity/build/Editor/Mono/SceneHierarchy.cs:581)
UnityEditor.SceneHierarchyWindow.DoSceneHierarchy () (at C:/buildslave/unity/build/Editor/Mono/SceneHierarchyWindow.cs:150)
UnityEditor.SceneHierarchyWindow.OnGUI () (at C:/buildslave/unity/build/Editor/Mono/SceneHierarchyWindow.cs:133)
System.Reflection.MonoMethod.Invoke (System.Object obj, System.Reflection.BindingFlags invokeAttr, System.Reflection.Binder binder, System.Object[] parameters, System.Globalization.CultureInfo culture) (at <7d97106330684add86d080ecf65bfe69>:0)
Rethrow as TargetInvocationException: Exception has been thrown by the target of an invocation.
System.Reflection.MonoMethod.Invoke (System.Object obj, System.Reflection.BindingFlags invokeAttr, System.Reflection.Binder binder, System.Object[] parameters, System.Globalization.CultureInfo culture) (at <7d97106330684add86d080ecf65bfe69>:0)
System.Reflection.MethodBase.Invoke (System.Object obj, System.Object[] parameters) (at <7d97106330684add86d080ecf65bfe69>:0)
UnityEditor.HostView.Invoke (System.String methodName, System.Object obj) (at C:/buildslave/unity/build/Editor/Mono/HostView.cs:340)
UnityEditor.HostView.Invoke (System.String methodName) (at C:/buildslave/unity/build/Editor/Mono/HostView.cs:334)
UnityEditor.HostView.InvokeOnGUI (UnityEngine.Rect onGUIPosition, UnityEngine.Rect viewRect) (at C:/buildslave/unity/build/Editor/Mono/HostView.cs:310)
UnityEditor.DockArea.DrawView (UnityEngine.Rect viewRect, UnityEngine.Rect dockAreaRect, System.Boolean floatingWindow, System.Boolean isBottomTab) (at C:/buildslave/unity/build/Editor/Mono/GUI/DockArea.cs:373)
UnityEditor.DockArea.OldOnGUI () (at C:/buildslave/unity/build/Editor/Mono/GUI/DockArea.cs:340)
UnityEngine.UIElements.IMGUIContainer.DoOnGUI (UnityEngine.Event evt, UnityEngine.Matrix4x4 parentTransform, UnityEngine.Rect clippingRect, System.Boolean isComputingLayout, UnityEngine.Rect layoutSize) (at C:/buildslave/unity/build/Modules/UIElements/IMGUIContainer.cs:278)
UnityEngine.GUIUtility:ProcessEvent(Int32, IntPtr)

2019-07-17 17:27:50.8233 [ERROR] NullReferenceException: Object reference not set to an instance of an object
UnityEditor.IMGUI.Controls.TreeViewController.IsItemDragSelectedOrSelected (UnityEditor.IMGUI.Controls.TreeViewItem item) (at C:/buildslave/unity/build/Editor/Mono/GUI/TreeView/TreeViewController.cs:468)
UnityEditor.IMGUI.Controls.TreeViewController.DoItemGUI (UnityEditor.IMGUI.Controls.TreeViewItem item, System.Int32 row, System.Single rowWidth, System.Boolean hasFocus) (at C:/buildslave/unity/build/Editor/Mono/GUI/TreeView/TreeViewController.cs:482)
UnityEditor.IMGUI.Controls.TreeViewController.IterateVisibleItems (System.Int32 firstRow, System.Int32 numVisibleRows, System.Single rowWidth, System.Boolean hasFocus) (at C:/buildslave/unity/build/Editor/Mono/GUI/TreeView/TreeViewController.cs:691)
UnityEditor.IMGUI.Controls.TreeViewController.OnGUI (UnityEngine.Rect rect, System.Int32 keyboardControlID) (at C:/buildslave/unity/build/Editor/Mono/GUI/TreeView/TreeViewController.cs:594)
UnityEditor.SceneHierarchy.DoTreeView (System.Single searchPathHeight) (at C:/buildslave/unity/build/Editor/Mono/SceneHierarchy.cs:783)
UnityEditor.SceneHierarchy.OnGUI (UnityEngine.Rect rect) (at C:/buildslave/unity/build/Editor/Mono/SceneHierarchy.cs:581)
UnityEditor.SceneHierarchyWindow.DoSceneHierarchy () (at C:/buildslave/unity/build/Editor/Mono/SceneHierarchyWindow.cs:150)
UnityEditor.SceneHierarchyWindow.OnGUI () (at C:/buildslave/unity/build/Editor/Mono/SceneHierarchyWindow.cs:133)
System.Reflection.MonoMethod.Invoke (System.Object obj, System.Reflection.BindingFlags invokeAttr, System.Reflection.Binder binder, System.Object[] parameters, System.Globalization.CultureInfo culture) (at <7d97106330684add86d080ecf65bfe69>:0)
Rethrow as TargetInvocationException: Exception has been thrown by the target of an invocation.
System.Reflection.MonoMethod.Invoke (System.Object obj, System.Reflection.BindingFlags invokeAttr, System.Reflection.Binder binder, System.Object[] parameters, System.Globalization.CultureInfo culture) (at <7d97106330684add86d080ecf65bfe69>:0)
System.Reflection.MethodBase.Invoke (System.Object obj, System.Object[] parameters) (at <7d97106330684add86d080ecf65bfe69>:0)
UnityEditor.HostView.Invoke (System.String methodName, System.Object obj) (at C:/buildslave/unity/build/Editor/Mono/HostView.cs:340)
UnityEditor.HostView.Invoke (System.String methodName) (at C:/buildslave/unity/build/Editor/Mono/HostView.cs:334)
UnityEditor.HostView.InvokeOnGUI (UnityEngine.Rect onGUIPosition, UnityEngine.Rect viewRect) (at C:/buildslave/unity/build/Editor/Mono/HostView.cs:310)
UnityEditor.DockArea.DrawView (UnityEngine.Rect viewRect, UnityEngine.Rect dockAreaRect, System.Boolean floatingWindow, System.Boolean isBottomTab) (at C:/buildslave/unity/build/Editor/Mono/GUI/DockArea.cs:373)
UnityEditor.DockArea.OldOnGUI () (at C:/buildslave/unity/build/Editor/Mono/GUI/DockArea.cs:340)
UnityEngine.UIElements.IMGUIContainer.DoOnGUI (UnityEngine.Event evt, UnityEngine.Matrix4x4 parentTransform, UnityEngine.Rect clippingRect, System.Boolean isComputingLayout, UnityEngine.Rect layoutSize) (at C:/buildslave/unity/build/Modules/UIElements/IMGUIContainer.cs:295)
UnityEngine.UIElements.IMGUIContainer.HandleIMGUIEvent (UnityEngine.Event e, UnityEngine.Matrix4x4 worldTransform, UnityEngine.Rect clippingRect) (at C:/buildslave/unity/build/Modules/UIElements/IMGUIContainer.cs:481)
UnityEngine.UIElements.IMGUIContainer.HandleIMGUIEvent () (at C:/buildslave/unity/build/Modules/UIElements/IMGUIContainer.cs:455)
UnityEngine.UIElements.UIR.ImmediateRenderer.Draw (UnityEngine.UIElements.UIR.DrawChainState dcs) (at C:/buildslave/unity/build/Modules/UIElements/Renderer/UIRenderer/UIRenderers.cs:447)
UnityEngine.UIElements.UIR.UIRenderDevice.ContinueChain (UnityEngine.UIElements.UIR.RendererBase head, UnityEngine.UIElements.UIR.DrawChainState dcs, System.Boolean outerChainsWithMeshRenderer) (at C:/buildslave/unity/build/Modules/UIElements/Renderer/UIRenderer/UIRenderDevice.cs:865)
UnityEngine.UIElements.UIR.UIRenderDevice.DrawChain (UnityEngine.UIElements.UIR.RendererBase head, UnityEngine.Rect viewport, UnityEngine.Matrix4x4 projection, UnityEngine.Texture atlas) (at C:/buildslave/unity/build/Modules/UIElements/Renderer/UIRenderer/UIRenderDevice.cs:848)
UnityEngine.UIElements.UIRRepaintUpdater.DrawChain (UnityEngine.Rect topRect, UnityEngine.Matrix4x4 projection) (at C:/buildslave/unity/build/Modules/UIElements/Renderer/UIRRepaintUpdater.cs:218)
UnityEngine.UIElements.UIRRepaintUpdater.Update () (at C:/buildslave/unity/build/Modules/UIElements/Renderer/UIRRepaintUpdater.cs:190)
UnityEngine.UIElements.VisualTreeUpdater.UpdateVisualTree () (at C:/buildslave/unity/build/Modules/UIElements/VisualTreeUpdater.cs:70)
UnityEngine.UIElements.Panel.Repaint (UnityEngine.Event e) (at C:/buildslave/unity/build/Modules/UIElements/Panel.cs:589)
UnityEngine.UIElements.UIElementsUtility.DoDispatch (UnityEngine.UIElements.BaseVisualElementPanel panel) (at C:/buildslave/unity/build/Modules/UIElements/UIElementsUtility.cs:240)
UnityEngine.UIElements.UIElementsUtility.ProcessEvent (System.Int32 instanceID, System.IntPtr nativeEventPtr) (at C:/buildslave/unity/build/Modules/UIElements/UIElementsUtility.cs:78)
UnityEngine.GUIUtility.ProcessEvent (System.Int32 instanceID, System.IntPtr nativeEventPtr) (at C:/buildslave/unity/build/Modules/IMGUI/GUIUtility.cs:179)

2019-07-17 17:29:28.1695 [DEBUG] Scene Fusion version 1.8.2-3
2019-07-17 17:29:28.2940 [DEBUG] Play mode: True, sync in play mode: True
2019-07-17 17:37:16.4524 [DEBUG] Play mode: False
2019-07-17 17:38:06.4874 [DEBUG] Scene Fusion version 1.8.2-3
2019-07-17 17:38:06.6218 [DEBUG] Play mode: True, sync in play mode: True
2019-07-17 17:42:15.0273 [DEBUG] Play mode: False
2019-07-17 17:44:12.9335 [DEBUG] Scene Fusion version 1.8.2-3
2019-07-17 17:44:13.1284 [DEBUG] Play mode: True, sync in play mode: True
2019-07-17 17:45:12.0150 [DEBUG] Play mode: False
2019-07-17 17:45:24.5814 [DEBUG] Scene Fusion version 1.8.2-3
2019-07-17 17:45:24.7352 [DEBUG] Play mode: True, sync in play mode: True
2019-07-17 17:45:58.3386 [DEBUG] Play mode: False
2019-07-17 17:46:21.3571 [DEBUG] Scene Fusion version 1.8.2-3
2019-07-17 17:46:21.5119 [DEBUG] Play mode: True, sync in play mode: True
2019-07-17 17:46:33.4205 [DEBUG] Play mode: False
2019-07-17 17:46:43.9094 [DEBUG] Scene Fusion version 1.8.2-3
2019-07-17 17:46:44.0940 [DEBUG] Play mode: True, sync in play mode: True
2019-07-17 17:46:47.7302 [DEBUG] Play mode: False
2019-07-17 17:46:52.1882 [DEBUG] Scene Fusion version 1.8.2-3
2019-07-17 17:46:52.3831 [DEBUG] Play mode: True, sync in play mode: True
2019-07-17 17:47:01.8870 [DEBUG] Play mode: False
2019-07-17 17:47:07.1125 [DEBUG] Scene Fusion version 1.8.2-3
2019-07-17 17:47:07.2538 [DEBUG] Play mode: True, sync in play mode: True
2019-07-17 17:48:09.8076 [DEBUG] Play mode: False
2019-07-17 17:48:17.0410 [DEBUG] Scene Fusion version 1.8.2-3
2019-07-17 17:48:17.1848 [DEBUG] Play mode: True, sync in play mode: True
2019-07-17 17:48:53.8105 [DEBUG] Play mode: False
2019-07-17 17:49:23.2741 [DEBUG] Scene Fusion version 1.8.2-3
2019-07-17 17:49:23.4284 [DEBUG] Play mode: True, sync in play mode: True
2019-07-17 17:49:33.0545 [DEBUG] Play mode: False
2019-07-17 17:49:43.5303 [DEBUG] Scene Fusion version 1.8.2-3
2019-07-17 17:49:43.6855 [DEBUG] Play mode: True, sync in play mode: True
2019-07-17 17:50:00.8244 [DEBUG] Play mode: False
2019-07-17 17:50:12.5869 [DEBUG] Scene Fusion version 1.8.2-3
2019-07-17 17:50:12.7347 [DEBUG] Play mode: True, sync in play mode: True
2019-07-17 17:51:15.4226 [DEBUG] Play mode: False
2019-07-17 17:52:58.7405 [DEBUG] Scene Fusion version 1.8.2-3
2019-07-17 18:06:21.7793 [DEBUG] Scene Fusion version 1.8.2-3
2019-07-17 18:06:21.9058 [DEBUG] Play mode: True, sync in play mode: True
2019-07-17 18:12:02.2799 [DEBUG] Play mode: False
2019-07-17 18:53:46.8364 [DEBUG] Scene Fusion version 1.8.2-3
2019-07-17 14:31:29.3256 [DEBUG] Scene Fusion version 1.8.2-3
2019-07-17 15:46:56.1561 [DEBUG] Scene Fusion version 1.8.2-3
2019-07-17 15:46:56.4957 [DEBUG] Play mode: True, sync in play mode: True
2019-07-17 15:52:53.6008 [DEBUG] Play mode: False
2019-07-17 15:52:56.8302 [DEBUG] Scene Fusion version 1.8.2-3
2019-07-17 15:52:57.1016 [DEBUG] Play mode: True, sync in play mode: True
2019-07-17 15:52:58.4679 [DEBUG] Play mode: False
2019-07-17 15:59:01.7678 [DEBUG] Scene Fusion version 1.8.2-3
2019-07-17 15:59:02.0281 [DEBUG] Play mode: True, sync in play mode: True
2019-07-17 15:59:04.3367 [DEBUG] Play mode: False
2019-07-17 16:08:08.3182 [DEBUG] Scene Fusion version 1.8.2-3
2019-07-17 16:08:08.5575 [DEBUG] Play mode: True, sync in play mode: True
2019-07-17 16:09:11.5619 [DEBUG] Play mode: False
2019-07-17 16:18:20.0910 [DEBUG] Scene Fusion version 1.8.2-3
2019-07-17 16:18:20.3154 [DEBUG] Play mode: True, sync in play mode: True
2019-07-17 16:19:42.7493 [DEBUG] Play mode: False
2019-07-17 16:21:42.4740 [DEBUG] Scene Fusion version 1.8.2-3
2019-07-17 16:21:42.7134 [DEBUG] Play mode: True, sync in play mode: True
2019-07-17 16:23:14.8051 [DEBUG] Play mode: False
2019-07-17 16:26:27.9514 [DEBUG] Scene Fusion version 1.8.2-3
2019-07-17 16:26:28.2122 [DEBUG] Play mode: True, sync in play mode: True
2019-07-17 16:29:32.6202 [DEBUG] Play mode: False
2019-07-17 16:31:50.6468 [DEBUG] Scene Fusion version 1.8.2-3
2019-07-17 16:31:50.8967 [DEBUG] Play mode: True, sync in play mode: True
2019-07-17 16:33:37.3715 [DEBUG] Play mode: False
2019-07-17 16:36:54.2675 [DEBUG] Scene Fusion version 1.8.2-3
2019-07-17 16:36:54.5126 [DEBUG] Play mode: True, sync in play mode: True
2019-07-17 16:37:46.9681 [DEBUG] Play mode: False
2019-07-17 16:38:04.5086 [DEBUG] Scene Fusion version 1.8.2-3
2019-07-17 16:38:04.7849 [DEBUG] Play mode: True, sync in play mode: True
2019-07-17 16:39:57.8565 [DEBUG] Play mode: False
2019-07-17 20:24:56.6173 [DEBUG] Scene Fusion version 1.8.2-3
2019-07-17 20:39:18.4400 [DEBUG] Refresh token (IijDCgwjlEQQK1Xx5jP4Ntn8t6ZyzFmKBJtxNCilERiDaT6e5zQT9BzjaOuSFr3Wbo9xETmIelWBmuQXsZ0pszNeC9Lca0ba1UzS4n5wRqDm4oawcxUjBZBNiwGdUrprAu8oyZ7KUqPcZd91kaa9zehCwNNX6sp24UkoDHyp9X84EJuPdJBieu6xrw9iPk1TchsnmQTmdJA1fO7FZu8Agrs7T8p57XiwkIJazOXerlw9F6ScgmgSUG7R4rdd4tQ) error: {"err":"Error: NameResolutionFailure"}
2019-07-17 21:59:44.7907 [DEBUG] Scene Fusion version 1.8.2-3
2019-07-17 21:59:45.0750 [DEBUG] Play mode: True, sync in play mode: True
2019-07-17 22:04:42.3723 [DEBUG] Play mode: False
2019-07-17 23:10:40.5941 [DEBUG] Scene Fusion version 1.8.2-3
2019-07-17 23:20:52.2825 [DEBUG] Scene Fusion version 1.8.2-3
2019-07-17 23:20:52.5567 [DEBUG] Play mode: True, sync in play mode: True
2019-07-17 23:20:54.7739 [DEBUG] Play mode: False
2019-07-17 23:26:22.0305 [DEBUG] Scene Fusion version 1.8.2-3
2019-07-17 23:26:22.3082 [DEBUG] Play mode: True, sync in play mode: True
2019-07-17 23:34:49.5434 [DEBUG] Play mode: False
2019-07-17 23:45:59.2730 [DEBUG] Scene Fusion version 1.8.2-3
2019-07-17 23:45:59.5147 [DEBUG] Play mode: True, sync in play mode: True
2019-07-17 23:46:26.7855 [DEBUG] Play mode: False
2019-07-17 23:47:04.5102 [DEBUG] Scene Fusion version 1.8.2-3
2019-07-17 23:47:04.7929 [DEBUG] Play mode: True, sync in play mode: True
2019-07-17 23:49:08.3284 [DEBUG] Play mode: False
2019-07-17 23:50:11.7012 [DEBUG] Scene Fusion version 1.8.2-3
2019-07-17 23:50:11.9915 [DEBUG] Play mode: True, sync in play mode: True
2019-07-17 23:50:19.8905 [DEBUG] Play mode: False
2019-07-17 23:51:06.0425 [DEBUG] Scene Fusion version 1.8.2-3
2019-07-17 23:51:06.2930 [DEBUG] Play mode: True, sync in play mode: True
2019-07-17 23:53:41.5597 [DEBUG] Play mode: False
2019-07-17 23:55:53.7915 [DEBUG] Scene Fusion version 1.8.2-3
2019-07-17 23:55:54.0419 [DEBUG] Play mode: True, sync in play mode: True
2019-07-17 23:58:31.0131 [DEBUG] Play mode: False
2019-07-17 23:58:52.2003 [DEBUG] Scene Fusion version 1.8.2-3
2019-07-17 23:58:52.4718 [DEBUG] Play mode: True, sync in play mode: True
