2019-07-20 08:55:44.3758 [DEBUG] Scene Fusion version 1.8.2-3
2019-07-20 08:55:47.2959 [DEBUG] Play mode: True, sync in play mode: True
2019-07-20 08:55:54.6859 [DEBUG] Play mode: False
2019-07-20 08:56:36.5641 [DEBUG] Scene Fusion version 1.8.2-3
2019-07-20 08:56:36.7605 [DEBUG] Play mode: True, sync in play mode: True
2019-07-20 08:56:40.4092 [DEBUG] Play mode: False
2019-07-20 09:03:02.4153 [DEBUG] Scene Fusion version 1.8.2-3
2019-07-20 09:03:02.5492 [DEBUG] Play mode: True, sync in play mode: True
2019-07-20 09:03:03.3135 [DEBUG] Play mode: False
2019-07-20 09:03:10.0422 [DEBUG] Scene Fusion version 1.8.2-3
2019-07-20 09:03:10.1904 [DEBUG] Play mode: True, sync in play mode: True
2019-07-20 09:03:10.8625 [DEBUG] Play mode: False
2019-07-20 09:03:56.4492 [DEBUG] Scene Fusion version 1.8.2-3
2019-07-20 09:03:56.5856 [DEBUG] Play mode: True, sync in play mode: True
2019-07-20 09:03:57.4899 [DEBUG] Play mode: False
2019-07-20 09:09:53.4377 [DEBUG] Scene Fusion version 1.8.2-3
2019-07-20 09:11:55.8974 [ERROR] NullReferenceException: Object reference not set to an instance of an object
UnityEditor.GameObjectInspector.ClearPreviewCache () (at C:/buildslave/unity/build/Editor/Mono/Inspector/GameObjectInspector.cs:203)
UnityEditor.GameObjectInspector.OnDisable () (at C:/buildslave/unity/build/Editor/Mono/Inspector/GameObjectInspector.cs:191)

2019-07-20 09:11:55.9098 [ERROR] NullReferenceException: Object reference not set to an instance of an object
UnityEditor.GameObjectInspector.ClearPreviewCache () (at C:/buildslave/unity/build/Editor/Mono/Inspector/GameObjectInspector.cs:203)
UnityEditor.GameObjectInspector.OnDisable () (at C:/buildslave/unity/build/Editor/Mono/Inspector/GameObjectInspector.cs:191)

2019-07-20 09:11:58.2454 [DEBUG] Scene Fusion version 1.8.2-3
2019-07-20 09:11:58.4255 [DEBUG] Play mode: True, sync in play mode: True
2019-07-20 09:12:08.0732 [DEBUG] Play mode: False
2019-07-20 10:01:11.5392 [DEBUG] Scene Fusion version 1.8.2-3
2019-07-20 10:02:47.0517 [ERROR] NullReferenceException: Object reference not set to an instance of an object
UnityEditor.GameObjectInspector.ClearPreviewCache () (at C:/buildslave/unity/build/Editor/Mono/Inspector/GameObjectInspector.cs:203)
UnityEditor.GameObjectInspector.OnDisable () (at C:/buildslave/unity/build/Editor/Mono/Inspector/GameObjectInspector.cs:191)

2019-07-20 10:02:47.0582 [ERROR] NullReferenceException: Object reference not set to an instance of an object
UnityEditor.GameObjectInspector.ClearPreviewCache () (at C:/buildslave/unity/build/Editor/Mono/Inspector/GameObjectInspector.cs:203)
UnityEditor.GameObjectInspector.OnDisable () (at C:/buildslave/unity/build/Editor/Mono/Inspector/GameObjectInspector.cs:191)

2019-07-20 10:02:49.0342 [DEBUG] Scene Fusion version 1.8.2-3
2019-07-20 10:03:02.0720 [ERROR] NullReferenceException: Object reference not set to an instance of an object
UnityEditor.GameObjectInspector.ClearPreviewCache () (at C:/buildslave/unity/build/Editor/Mono/Inspector/GameObjectInspector.cs:203)
UnityEditor.GameObjectInspector.OnDisable () (at C:/buildslave/unity/build/Editor/Mono/Inspector/GameObjectInspector.cs:191)

2019-07-20 10:03:02.0805 [ERROR] NullReferenceException: Object reference not set to an instance of an object
UnityEditor.GameObjectInspector.ClearPreviewCache () (at C:/buildslave/unity/build/Editor/Mono/Inspector/GameObjectInspector.cs:203)
UnityEditor.GameObjectInspector.OnDisable () (at C:/buildslave/unity/build/Editor/Mono/Inspector/GameObjectInspector.cs:191)

2019-07-20 10:03:04.0288 [DEBUG] Scene Fusion version 1.8.2-3
2019-07-20 10:14:03.8540 [ERROR] NullReferenceException: Object reference not set to an instance of an object
UnityEditor.GameObjectInspector.ClearPreviewCache () (at C:/buildslave/unity/build/Editor/Mono/Inspector/GameObjectInspector.cs:203)
UnityEditor.GameObjectInspector.OnDisable () (at C:/buildslave/unity/build/Editor/Mono/Inspector/GameObjectInspector.cs:191)

2019-07-20 10:14:03.8669 [ERROR] NullReferenceException: Object reference not set to an instance of an object
UnityEditor.GameObjectInspector.ClearPreviewCache () (at C:/buildslave/unity/build/Editor/Mono/Inspector/GameObjectInspector.cs:203)
UnityEditor.GameObjectInspector.OnDisable () (at C:/buildslave/unity/build/Editor/Mono/Inspector/GameObjectInspector.cs:191)

2019-07-20 10:14:05.8098 [DEBUG] Scene Fusion version 1.8.2-3
2019-07-20 10:15:28.0072 [ERROR] NullReferenceException: Object reference not set to an instance of an object
UnityEditor.GameObjectInspector.ClearPreviewCache () (at C:/buildslave/unity/build/Editor/Mono/Inspector/GameObjectInspector.cs:203)
UnityEditor.GameObjectInspector.OnDisable () (at C:/buildslave/unity/build/Editor/Mono/Inspector/GameObjectInspector.cs:191)

2019-07-20 10:15:28.0211 [ERROR] NullReferenceException: Object reference not set to an instance of an object
UnityEditor.GameObjectInspector.ClearPreviewCache () (at C:/buildslave/unity/build/Editor/Mono/Inspector/GameObjectInspector.cs:203)
UnityEditor.GameObjectInspector.OnDisable () (at C:/buildslave/unity/build/Editor/Mono/Inspector/GameObjectInspector.cs:191)

2019-07-20 10:15:29.9654 [DEBUG] Scene Fusion version 1.8.2-3
2019-07-20 10:17:16.8448 [ERROR] NullReferenceException: Object reference not set to an instance of an object
UnityEditor.GameObjectInspector.ClearPreviewCache () (at C:/buildslave/unity/build/Editor/Mono/Inspector/GameObjectInspector.cs:203)
UnityEditor.GameObjectInspector.OnDisable () (at C:/buildslave/unity/build/Editor/Mono/Inspector/GameObjectInspector.cs:191)

2019-07-20 10:17:16.8498 [ERROR] NullReferenceException: Object reference not set to an instance of an object
UnityEditor.GameObjectInspector.ClearPreviewCache () (at C:/buildslave/unity/build/Editor/Mono/Inspector/GameObjectInspector.cs:203)
UnityEditor.GameObjectInspector.OnDisable () (at C:/buildslave/unity/build/Editor/Mono/Inspector/GameObjectInspector.cs:191)

2019-07-20 10:17:16.8627 [ERROR] NullReferenceException: Object reference not set to an instance of an object
UnityEditor.GameObjectInspector.ClearPreviewCache () (at C:/buildslave/unity/build/Editor/Mono/Inspector/GameObjectInspector.cs:203)
UnityEditor.GameObjectInspector.OnDisable () (at C:/buildslave/unity/build/Editor/Mono/Inspector/GameObjectInspector.cs:191)

2019-07-20 10:17:18.7757 [DEBUG] Scene Fusion version 1.8.2-3
2019-07-20 10:17:20.1481 [ERROR] NullReferenceException: Object reference not set to an instance of an object
UnityEditor.GameObjectInspector.ClearPreviewCache () (at C:/buildslave/unity/build/Editor/Mono/Inspector/GameObjectInspector.cs:203)
UnityEditor.GameObjectInspector.OnDisable () (at C:/buildslave/unity/build/Editor/Mono/Inspector/GameObjectInspector.cs:191)

2019-07-20 10:17:20.1501 [ERROR] NullReferenceException: Object reference not set to an instance of an object
UnityEditor.GameObjectInspector.ClearPreviewCache () (at C:/buildslave/unity/build/Editor/Mono/Inspector/GameObjectInspector.cs:203)
UnityEditor.GameObjectInspector.OnDisable () (at C:/buildslave/unity/build/Editor/Mono/Inspector/GameObjectInspector.cs:191)

2019-07-20 10:17:20.1605 [ERROR] NullReferenceException: Object reference not set to an instance of an object
UnityEditor.GameObjectInspector.ClearPreviewCache () (at C:/buildslave/unity/build/Editor/Mono/Inspector/GameObjectInspector.cs:203)
UnityEditor.GameObjectInspector.OnDisable () (at C:/buildslave/unity/build/Editor/Mono/Inspector/GameObjectInspector.cs:191)

2019-07-20 10:17:22.5894 [DEBUG] Scene Fusion version 1.8.2-3
2019-07-20 10:17:22.7120 [DEBUG] Play mode: True, sync in play mode: True
2019-07-20 10:18:33.7141 [DEBUG] Play mode: False
2019-07-20 10:19:27.9712 [DEBUG] Scene Fusion version 1.8.2-3
2019-07-20 10:19:31.2038 [ERROR] NullReferenceException: Object reference not set to an instance of an object
UnityEditor.GameObjectInspector.ClearPreviewCache () (at C:/buildslave/unity/build/Editor/Mono/Inspector/GameObjectInspector.cs:203)
UnityEditor.GameObjectInspector.OnDisable () (at C:/buildslave/unity/build/Editor/Mono/Inspector/GameObjectInspector.cs:191)

2019-07-20 10:19:31.2098 [ERROR] NullReferenceException: Object reference not set to an instance of an object
UnityEditor.GameObjectInspector.ClearPreviewCache () (at C:/buildslave/unity/build/Editor/Mono/Inspector/GameObjectInspector.cs:203)
UnityEditor.GameObjectInspector.OnDisable () (at C:/buildslave/unity/build/Editor/Mono/Inspector/GameObjectInspector.cs:191)

2019-07-20 10:19:31.2187 [ERROR] NullReferenceException: Object reference not set to an instance of an object
UnityEditor.GameObjectInspector.ClearPreviewCache () (at C:/buildslave/unity/build/Editor/Mono/Inspector/GameObjectInspector.cs:203)
UnityEditor.GameObjectInspector.OnDisable () (at C:/buildslave/unity/build/Editor/Mono/Inspector/GameObjectInspector.cs:191)

2019-07-20 10:19:34.1010 [DEBUG] Scene Fusion version 1.8.2-3
2019-07-20 10:19:34.2304 [DEBUG] Play mode: True, sync in play mode: True
2019-07-20 10:20:07.3111 [DEBUG] Play mode: False
2019-07-20 10:21:12.6999 [DEBUG] Scene Fusion version 1.8.2-3
2019-07-20 10:21:15.0088 [ERROR] NullReferenceException: Object reference not set to an instance of an object
UnityEditor.GameObjectInspector.ClearPreviewCache () (at C:/buildslave/unity/build/Editor/Mono/Inspector/GameObjectInspector.cs:203)
UnityEditor.GameObjectInspector.OnDisable () (at C:/buildslave/unity/build/Editor/Mono/Inspector/GameObjectInspector.cs:191)

2019-07-20 10:21:15.0148 [ERROR] NullReferenceException: Object reference not set to an instance of an object
UnityEditor.GameObjectInspector.ClearPreviewCache () (at C:/buildslave/unity/build/Editor/Mono/Inspector/GameObjectInspector.cs:203)
UnityEditor.GameObjectInspector.OnDisable () (at C:/buildslave/unity/build/Editor/Mono/Inspector/GameObjectInspector.cs:191)

2019-07-20 10:21:15.0242 [ERROR] NullReferenceException: Object reference not set to an instance of an object
UnityEditor.GameObjectInspector.ClearPreviewCache () (at C:/buildslave/unity/build/Editor/Mono/Inspector/GameObjectInspector.cs:203)
UnityEditor.GameObjectInspector.OnDisable () (at C:/buildslave/unity/build/Editor/Mono/Inspector/GameObjectInspector.cs:191)

2019-07-20 10:21:17.9015 [DEBUG] Scene Fusion version 1.8.2-3
2019-07-20 10:21:18.0369 [DEBUG] Play mode: True, sync in play mode: True
2019-07-20 10:22:03.0734 [DEBUG] Play mode: False
2019-07-20 10:22:41.6278 [DEBUG] Scene Fusion version 1.8.2-3
2019-07-20 10:22:41.7652 [DEBUG] Play mode: True, sync in play mode: True
2019-07-20 10:22:43.7358 [DEBUG] Play mode: False
2019-07-20 10:24:30.5837 [DEBUG] Scene Fusion version 1.8.2-3
2019-07-20 10:24:30.7528 [DEBUG] Play mode: True, sync in play mode: True
2019-07-20 10:24:32.3916 [DEBUG] Play mode: False
2019-07-20 10:24:41.2180 [DEBUG] Scene Fusion version 1.8.2-3
2019-07-20 10:24:41.3613 [DEBUG] Play mode: True, sync in play mode: True
2019-07-20 10:24:57.9083 [DEBUG] Play mode: False
2019-07-20 10:25:30.8106 [DEBUG] Scene Fusion version 1.8.2-3
2019-07-20 10:25:30.9515 [DEBUG] Play mode: True, sync in play mode: True
2019-07-20 10:26:45.2787 [DEBUG] Play mode: False
2019-07-20 10:27:16.0614 [DEBUG] Scene Fusion version 1.8.2-3
2019-07-20 10:27:50.3190 [ERROR] NullReferenceException: Object reference not set to an instance of an object
UnityEditor.GameObjectInspector.ClearPreviewCache () (at C:/buildslave/unity/build/Editor/Mono/Inspector/GameObjectInspector.cs:203)
UnityEditor.GameObjectInspector.OnDisable () (at C:/buildslave/unity/build/Editor/Mono/Inspector/GameObjectInspector.cs:191)

2019-07-20 10:27:50.3235 [ERROR] NullReferenceException: Object reference not set to an instance of an object
UnityEditor.GameObjectInspector.ClearPreviewCache () (at C:/buildslave/unity/build/Editor/Mono/Inspector/GameObjectInspector.cs:203)
UnityEditor.GameObjectInspector.OnDisable () (at C:/buildslave/unity/build/Editor/Mono/Inspector/GameObjectInspector.cs:191)

2019-07-20 10:27:50.3344 [ERROR] NullReferenceException: Object reference not set to an instance of an object
UnityEditor.GameObjectInspector.ClearPreviewCache () (at C:/buildslave/unity/build/Editor/Mono/Inspector/GameObjectInspector.cs:203)
UnityEditor.GameObjectInspector.OnDisable () (at C:/buildslave/unity/build/Editor/Mono/Inspector/GameObjectInspector.cs:191)

2019-07-20 10:27:50.3373 [ERROR] NullReferenceException: Object reference not set to an instance of an object
UnityEditor.GameObjectInspector.ClearPreviewCache () (at C:/buildslave/unity/build/Editor/Mono/Inspector/GameObjectInspector.cs:203)
UnityEditor.GameObjectInspector.OnDisable () (at C:/buildslave/unity/build/Editor/Mono/Inspector/GameObjectInspector.cs:191)

2019-07-20 10:27:50.3393 [ERROR] NullReferenceException: Object reference not set to an instance of an object
UnityEditor.GameObjectInspector.ClearPreviewCache () (at C:/buildslave/unity/build/Editor/Mono/Inspector/GameObjectInspector.cs:203)
UnityEditor.GameObjectInspector.OnDisable () (at C:/buildslave/unity/build/Editor/Mono/Inspector/GameObjectInspector.cs:191)

2019-07-20 10:27:50.3403 [ERROR] NullReferenceException: Object reference not set to an instance of an object
UnityEditor.GameObjectInspector.ClearPreviewCache () (at C:/buildslave/unity/build/Editor/Mono/Inspector/GameObjectInspector.cs:203)
UnityEditor.GameObjectInspector.OnDisable () (at C:/buildslave/unity/build/Editor/Mono/Inspector/GameObjectInspector.cs:191)

2019-07-20 10:27:52.8298 [DEBUG] Scene Fusion version 1.8.2-3
2019-07-20 10:27:52.9707 [DEBUG] Play mode: True, sync in play mode: True
2019-07-20 10:28:23.9141 [DEBUG] Play mode: False
2019-07-20 10:28:38.8202 [DEBUG] Scene Fusion version 1.8.2-3
2019-07-20 10:28:46.1853 [ERROR] NullReferenceException: Object reference not set to an instance of an object
UnityEditor.GameObjectInspector.ClearPreviewCache () (at C:/buildslave/unity/build/Editor/Mono/Inspector/GameObjectInspector.cs:203)
UnityEditor.GameObjectInspector.OnDisable () (at C:/buildslave/unity/build/Editor/Mono/Inspector/GameObjectInspector.cs:191)

2019-07-20 10:28:46.1873 [ERROR] NullReferenceException: Object reference not set to an instance of an object
UnityEditor.GameObjectInspector.ClearPreviewCache () (at C:/buildslave/unity/build/Editor/Mono/Inspector/GameObjectInspector.cs:203)
UnityEditor.GameObjectInspector.OnDisable () (at C:/buildslave/unity/build/Editor/Mono/Inspector/GameObjectInspector.cs:191)

2019-07-20 10:28:46.1932 [ERROR] NullReferenceException: Object reference not set to an instance of an object
UnityEditor.GameObjectInspector.ClearPreviewCache () (at C:/buildslave/unity/build/Editor/Mono/Inspector/GameObjectInspector.cs:203)
UnityEditor.GameObjectInspector.OnDisable () (at C:/buildslave/unity/build/Editor/Mono/Inspector/GameObjectInspector.cs:191)

2019-07-20 10:28:46.1987 [ERROR] NullReferenceException: Object reference not set to an instance of an object
UnityEditor.GameObjectInspector.ClearPreviewCache () (at C:/buildslave/unity/build/Editor/Mono/Inspector/GameObjectInspector.cs:203)
UnityEditor.GameObjectInspector.OnDisable () (at C:/buildslave/unity/build/Editor/Mono/Inspector/GameObjectInspector.cs:191)

2019-07-20 10:28:46.2012 [ERROR] NullReferenceException: Object reference not set to an instance of an object
UnityEditor.GameObjectInspector.ClearPreviewCache () (at C:/buildslave/unity/build/Editor/Mono/Inspector/GameObjectInspector.cs:203)
UnityEditor.GameObjectInspector.OnDisable () (at C:/buildslave/unity/build/Editor/Mono/Inspector/GameObjectInspector.cs:191)

2019-07-20 10:28:46.2026 [ERROR] NullReferenceException: Object reference not set to an instance of an object
UnityEditor.GameObjectInspector.ClearPreviewCache () (at C:/buildslave/unity/build/Editor/Mono/Inspector/GameObjectInspector.cs:203)
UnityEditor.GameObjectInspector.OnDisable () (at C:/buildslave/unity/build/Editor/Mono/Inspector/GameObjectInspector.cs:191)

2019-07-20 10:28:48.2893 [DEBUG] Scene Fusion version 1.8.2-3
2019-07-20 10:30:42.4230 [ERROR] NullReferenceException: Object reference not set to an instance of an object
UnityEditor.GameObjectInspector.ClearPreviewCache () (at C:/buildslave/unity/build/Editor/Mono/Inspector/GameObjectInspector.cs:203)
UnityEditor.GameObjectInspector.OnDisable () (at C:/buildslave/unity/build/Editor/Mono/Inspector/GameObjectInspector.cs:191)

2019-07-20 10:30:42.4275 [ERROR] NullReferenceException: Object reference not set to an instance of an object
UnityEditor.GameObjectInspector.ClearPreviewCache () (at C:/buildslave/unity/build/Editor/Mono/Inspector/GameObjectInspector.cs:203)
UnityEditor.GameObjectInspector.OnDisable () (at C:/buildslave/unity/build/Editor/Mono/Inspector/GameObjectInspector.cs:191)

2019-07-20 10:30:42.4340 [ERROR] NullReferenceException: Object reference not set to an instance of an object
UnityEditor.GameObjectInspector.ClearPreviewCache () (at C:/buildslave/unity/build/Editor/Mono/Inspector/GameObjectInspector.cs:203)
UnityEditor.GameObjectInspector.OnDisable () (at C:/buildslave/unity/build/Editor/Mono/Inspector/GameObjectInspector.cs:191)

2019-07-20 10:30:42.4364 [ERROR] NullReferenceException: Object reference not set to an instance of an object
UnityEditor.GameObjectInspector.ClearPreviewCache () (at C:/buildslave/unity/build/Editor/Mono/Inspector/GameObjectInspector.cs:203)
UnityEditor.GameObjectInspector.OnDisable () (at C:/buildslave/unity/build/Editor/Mono/Inspector/GameObjectInspector.cs:191)

2019-07-20 10:30:42.4394 [ERROR] NullReferenceException: Object reference not set to an instance of an object
UnityEditor.GameObjectInspector.ClearPreviewCache () (at C:/buildslave/unity/build/Editor/Mono/Inspector/GameObjectInspector.cs:203)
UnityEditor.GameObjectInspector.OnDisable () (at C:/buildslave/unity/build/Editor/Mono/Inspector/GameObjectInspector.cs:191)

2019-07-20 10:30:42.4434 [ERROR] NullReferenceException: Object reference not set to an instance of an object
UnityEditor.GameObjectInspector.ClearPreviewCache () (at C:/buildslave/unity/build/Editor/Mono/Inspector/GameObjectInspector.cs:203)
UnityEditor.GameObjectInspector.OnDisable () (at C:/buildslave/unity/build/Editor/Mono/Inspector/GameObjectInspector.cs:191)

2019-07-20 10:30:45.0543 [DEBUG] Scene Fusion version 1.8.2-3
2019-07-20 10:30:45.1847 [DEBUG] Play mode: True, sync in play mode: True
2019-07-20 10:31:52.4342 [DEBUG] Play mode: False
2019-07-20 10:33:23.7270 [DEBUG] Scene Fusion version 1.8.2-3
2019-07-20 10:33:32.0076 [ERROR] NullReferenceException: Object reference not set to an instance of an object
UnityEditor.GameObjectInspector.ClearPreviewCache () (at C:/buildslave/unity/build/Editor/Mono/Inspector/GameObjectInspector.cs:203)
UnityEditor.GameObjectInspector.OnDisable () (at C:/buildslave/unity/build/Editor/Mono/Inspector/GameObjectInspector.cs:191)

2019-07-20 10:33:32.0125 [ERROR] NullReferenceException: Object reference not set to an instance of an object
UnityEditor.GameObjectInspector.ClearPreviewCache () (at C:/buildslave/unity/build/Editor/Mono/Inspector/GameObjectInspector.cs:203)
UnityEditor.GameObjectInspector.OnDisable () (at C:/buildslave/unity/build/Editor/Mono/Inspector/GameObjectInspector.cs:191)

2019-07-20 10:33:32.0210 [ERROR] NullReferenceException: Object reference not set to an instance of an object
UnityEditor.GameObjectInspector.ClearPreviewCache () (at C:/buildslave/unity/build/Editor/Mono/Inspector/GameObjectInspector.cs:203)
UnityEditor.GameObjectInspector.OnDisable () (at C:/buildslave/unity/build/Editor/Mono/Inspector/GameObjectInspector.cs:191)

2019-07-20 10:33:32.0240 [ERROR] NullReferenceException: Object reference not set to an instance of an object
UnityEditor.GameObjectInspector.ClearPreviewCache () (at C:/buildslave/unity/build/Editor/Mono/Inspector/GameObjectInspector.cs:203)
UnityEditor.GameObjectInspector.OnDisable () (at C:/buildslave/unity/build/Editor/Mono/Inspector/GameObjectInspector.cs:191)

2019-07-20 10:33:32.0264 [ERROR] NullReferenceException: Object reference not set to an instance of an object
UnityEditor.GameObjectInspector.ClearPreviewCache () (at C:/buildslave/unity/build/Editor/Mono/Inspector/GameObjectInspector.cs:203)
UnityEditor.GameObjectInspector.OnDisable () (at C:/buildslave/unity/build/Editor/Mono/Inspector/GameObjectInspector.cs:191)

2019-07-20 10:33:32.0269 [ERROR] NullReferenceException: Object reference not set to an instance of an object
UnityEditor.GameObjectInspector.ClearPreviewCache () (at C:/buildslave/unity/build/Editor/Mono/Inspector/GameObjectInspector.cs:203)
UnityEditor.GameObjectInspector.OnDisable () (at C:/buildslave/unity/build/Editor/Mono/Inspector/GameObjectInspector.cs:191)

2019-07-20 10:33:34.5055 [DEBUG] Scene Fusion version 1.8.2-3
2019-07-20 10:33:34.6250 [DEBUG] Play mode: True, sync in play mode: True
2019-07-20 10:33:41.9761 [ERROR] MissingReferenceException: The object of type 'GameObject' has been destroyed but you are still trying to access it.
Your script should either check if it is null or you should not destroy the object.
LevelTransition+<loadAndSetStartPos>d__11.MoveNext () (at Assets/LevelTransition.cs:68)
UnityEngine.SetupCoroutine.InvokeMoveNext (System.Collections.IEnumerator enumerator, System.IntPtr returnValueAddress) (at C:/buildslave/unity/build/Runtime/Export/Scripting/Coroutines.cs:17)

2019-07-20 10:33:48.8675 [DEBUG] Play mode: False
2019-07-20 10:34:38.8957 [DEBUG] Scene Fusion version 1.8.2-3
2019-07-20 10:34:39.0450 [DEBUG] Play mode: True, sync in play mode: True
2019-07-20 10:34:49.2912 [ERROR] MissingReferenceException: The object of type 'GameObject' has been destroyed but you are still trying to access it.
Your script should either check if it is null or you should not destroy the object.
LevelTransition+<loadAndSetStartPos>d__11.MoveNext () (at Assets/LevelTransition.cs:70)
UnityEngine.SetupCoroutine.InvokeMoveNext (System.Collections.IEnumerator enumerator, System.IntPtr returnValueAddress) (at C:/buildslave/unity/build/Runtime/Export/Scripting/Coroutines.cs:17)

2019-07-20 10:34:56.8167 [DEBUG] Play mode: False
2019-07-20 10:36:06.7464 [DEBUG] Scene Fusion version 1.8.2-3
2019-07-20 10:36:06.8872 [DEBUG] Play mode: True, sync in play mode: True
2019-07-20 10:37:09.2755 [ERROR] MissingReferenceException: The object of type 'GameObject' has been destroyed but you are still trying to access it.
Your script should either check if it is null or you should not destroy the object.
LevelTransition+<loadAndSetStartPos>d__11.MoveNext () (at Assets/LevelTransition.cs:70)
UnityEngine.SetupCoroutine.InvokeMoveNext (System.Collections.IEnumerator enumerator, System.IntPtr returnValueAddress) (at C:/buildslave/unity/build/Runtime/Export/Scripting/Coroutines.cs:17)

2019-07-20 10:37:11.2213 [DEBUG] Play mode: False
2019-07-20 11:18:41.3308 [DEBUG] Scene Fusion version 1.8.2-3
2019-07-20 11:18:41.4707 [DEBUG] Play mode: True, sync in play mode: True
2019-07-20 11:19:21.1989 [DEBUG] Play mode: False
2019-07-20 11:19:27.2937 [DEBUG] Scene Fusion version 1.8.2-3
2019-07-20 11:19:27.4346 [DEBUG] Play mode: True, sync in play mode: True
2019-07-20 11:19:35.8427 [ERROR] MissingReferenceException: The object of type 'GameObject' has been destroyed but you are still trying to access it.
Your script should either check if it is null or you should not destroy the object.
LevelTransition+<loadAndSetStartPos>d__11.MoveNext () (at Assets/LevelTransition.cs:70)
UnityEngine.SetupCoroutine.InvokeMoveNext (System.Collections.IEnumerator enumerator, System.IntPtr returnValueAddress) (at C:/buildslave/unity/build/Runtime/Export/Scripting/Coroutines.cs:17)

2019-07-20 11:20:01.0674 [ERROR] MissingReferenceException: The object of type 'GameObject' has been destroyed but you are still trying to access it.
Your script should either check if it is null or you should not destroy the object.
LevelTransition+<loadAndSetStartPos>d__11.MoveNext () (at Assets/LevelTransition.cs:70)
UnityEngine.SetupCoroutine.InvokeMoveNext (System.Collections.IEnumerator enumerator, System.IntPtr returnValueAddress) (at C:/buildslave/unity/build/Runtime/Export/Scripting/Coroutines.cs:17)

2019-07-20 11:20:06.2154 [DEBUG] Play mode: False
2019-07-20 11:22:00.0349 [DEBUG] Scene Fusion version 1.8.2-3
2019-07-20 11:22:00.1777 [DEBUG] Play mode: True, sync in play mode: True
2019-07-20 11:22:12.4063 [ERROR] NullReferenceException: Object reference not set to an instance of an object
LevelTransition+<loadAndSetStartPos>d__11.MoveNext () (at Assets/LevelTransition.cs:75)
UnityEngine.SetupCoroutine.InvokeMoveNext (System.Collections.IEnumerator enumerator, System.IntPtr returnValueAddress) (at C:/buildslave/unity/build/Runtime/Export/Scripting/Coroutines.cs:17)

2019-07-20 11:22:50.2959 [ERROR] NullReferenceException: Object reference not set to an instance of an object
LevelTransition+<loadAndSetStartPos>d__11.MoveNext () (at Assets/LevelTransition.cs:75)
UnityEngine.SetupCoroutine.InvokeMoveNext (System.Collections.IEnumerator enumerator, System.IntPtr returnValueAddress) (at C:/buildslave/unity/build/Runtime/Export/Scripting/Coroutines.cs:17)

2019-07-20 11:22:50.2964 [ERROR] NullReferenceException: Object reference not set to an instance of an object
LevelTransition+<loadAndSetStartPos>d__11.MoveNext () (at Assets/LevelTransition.cs:75)
UnityEngine.SetupCoroutine.InvokeMoveNext (System.Collections.IEnumerator enumerator, System.IntPtr returnValueAddress) (at C:/buildslave/unity/build/Runtime/Export/Scripting/Coroutines.cs:17)

2019-07-20 11:23:20.8452 [ERROR] NullReferenceException: Object reference not set to an instance of an object
LevelTransition+<loadAndSetStartPos>d__11.MoveNext () (at Assets/LevelTransition.cs:75)
UnityEngine.SetupCoroutine.InvokeMoveNext (System.Collections.IEnumerator enumerator, System.IntPtr returnValueAddress) (at C:/buildslave/unity/build/Runtime/Export/Scripting/Coroutines.cs:17)

2019-07-20 11:23:20.8462 [ERROR] NullReferenceException: Object reference not set to an instance of an object
LevelTransition+<loadAndSetStartPos>d__11.MoveNext () (at Assets/LevelTransition.cs:75)
UnityEngine.SetupCoroutine.InvokeMoveNext (System.Collections.IEnumerator enumerator, System.IntPtr returnValueAddress) (at C:/buildslave/unity/build/Runtime/Export/Scripting/Coroutines.cs:17)

2019-07-20 11:23:20.8462 [ERROR] NullReferenceException: Object reference not set to an instance of an object
LevelTransition+<loadAndSetStartPos>d__11.MoveNext () (at Assets/LevelTransition.cs:75)
UnityEngine.SetupCoroutine.InvokeMoveNext (System.Collections.IEnumerator enumerator, System.IntPtr returnValueAddress) (at C:/buildslave/unity/build/Runtime/Export/Scripting/Coroutines.cs:17)

2019-07-20 11:23:27.4351 [DEBUG] Play mode: False
2019-07-20 11:29:27.0049 [DEBUG] Scene Fusion version 1.8.2-3
2019-07-20 11:29:27.1542 [DEBUG] Play mode: True, sync in play mode: True
2019-07-20 11:29:57.3521 [ERROR] NullReferenceException: Object reference not set to an instance of an object
LevelTransition+<loadAndSetStartPos>d__11.MoveNext () (at Assets/LevelTransition.cs:75)
UnityEngine.SetupCoroutine.InvokeMoveNext (System.Collections.IEnumerator enumerator, System.IntPtr returnValueAddress) (at C:/buildslave/unity/build/Runtime/Export/Scripting/Coroutines.cs:17)

2019-07-20 11:30:22.9762 [ERROR] NullReferenceException: Object reference not set to an instance of an object
LevelTransition+<loadAndSetStartPos>d__11.MoveNext () (at Assets/LevelTransition.cs:75)
UnityEngine.SetupCoroutine.InvokeMoveNext (System.Collections.IEnumerator enumerator, System.IntPtr returnValueAddress) (at C:/buildslave/unity/build/Runtime/Export/Scripting/Coroutines.cs:17)

2019-07-20 11:30:53.9615 [ERROR] NullReferenceException: Object reference not set to an instance of an object
LevelTransition+<loadAndSetStartPos>d__11.MoveNext () (at Assets/LevelTransition.cs:75)
UnityEngine.SetupCoroutine.InvokeMoveNext (System.Collections.IEnumerator enumerator, System.IntPtr returnValueAddress) (at C:/buildslave/unity/build/Runtime/Export/Scripting/Coroutines.cs:17)

2019-07-20 11:34:27.9671 [DEBUG] Play mode: False
2019-07-20 11:45:28.5656 [DEBUG] Scene Fusion version 1.8.2-3
2019-07-20 11:45:28.7119 [DEBUG] Play mode: True, sync in play mode: True
2019-07-20 11:45:48.2166 [ERROR] NullReferenceException: Object reference not set to an instance of an object
LevelTransition+<loadAndSetStartPos>d__11.MoveNext () (at Assets/LevelTransition.cs:81)
UnityEngine.SetupCoroutine.InvokeMoveNext (System.Collections.IEnumerator enumerator, System.IntPtr returnValueAddress) (at C:/buildslave/unity/build/Runtime/Export/Scripting/Coroutines.cs:17)

2019-07-20 11:45:48.2934 [ERROR] ArgumentException: Gameobject is not a root in a scene
UnityEngine.SceneManagement.SceneManager.MoveGameObjectToScene (UnityEngine.GameObject go, UnityEngine.SceneManagement.Scene scene) <0x26e0d50d370 + 0x0005a> in <c0ef81e1639b423ab35ce0e4c08b5b7a>:0
LevelTransition+<loadAndSetStartPos>d__11.MoveNext () (at Assets/LevelTransition.cs:62)
UnityEngine.SetupCoroutine.InvokeMoveNext (System.Collections.IEnumerator enumerator, System.IntPtr returnValueAddress) (at C:/buildslave/unity/build/Runtime/Export/Scripting/Coroutines.cs:17)
UnityEngine.MonoBehaviour:StartCoroutine(IEnumerator)
LevelTransition:LoadEndLevel() (at Assets/LevelTransition.cs:49)
UnityEngine.Events.UnityEvent:Invoke()
TransitionTrigger:OnTriggerEnter(Collider) (at Assets/TransitionTrigger.cs:14)

2019-07-20 11:46:20.2107 [DEBUG] Play mode: False
2019-07-20 11:46:31.3230 [DEBUG] Scene Fusion version 1.8.2-3
2019-07-20 11:46:54.2846 [ERROR] NullReferenceException: Object reference not set to an instance of an object
UnityEditor.GameObjectInspector.ClearPreviewCache () (at C:/buildslave/unity/build/Editor/Mono/Inspector/GameObjectInspector.cs:203)
UnityEditor.GameObjectInspector.OnDisable () (at C:/buildslave/unity/build/Editor/Mono/Inspector/GameObjectInspector.cs:191)

2019-07-20 11:46:54.2901 [ERROR] NullReferenceException: Object reference not set to an instance of an object
UnityEditor.GameObjectInspector.ClearPreviewCache () (at C:/buildslave/unity/build/Editor/Mono/Inspector/GameObjectInspector.cs:203)
UnityEditor.GameObjectInspector.OnDisable () (at C:/buildslave/unity/build/Editor/Mono/Inspector/GameObjectInspector.cs:191)

2019-07-20 11:46:54.2975 [ERROR] NullReferenceException: Object reference not set to an instance of an object
UnityEditor.GameObjectInspector.ClearPreviewCache () (at C:/buildslave/unity/build/Editor/Mono/Inspector/GameObjectInspector.cs:203)
UnityEditor.GameObjectInspector.OnDisable () (at C:/buildslave/unity/build/Editor/Mono/Inspector/GameObjectInspector.cs:191)

2019-07-20 11:46:54.3005 [ERROR] NullReferenceException: Object reference not set to an instance of an object
UnityEditor.GameObjectInspector.ClearPreviewCache () (at C:/buildslave/unity/build/Editor/Mono/Inspector/GameObjectInspector.cs:203)
UnityEditor.GameObjectInspector.OnDisable () (at C:/buildslave/unity/build/Editor/Mono/Inspector/GameObjectInspector.cs:191)

2019-07-20 11:46:54.3050 [ERROR] NullReferenceException: Object reference not set to an instance of an object
UnityEditor.GameObjectInspector.ClearPreviewCache () (at C:/buildslave/unity/build/Editor/Mono/Inspector/GameObjectInspector.cs:203)
UnityEditor.GameObjectInspector.OnDisable () (at C:/buildslave/unity/build/Editor/Mono/Inspector/GameObjectInspector.cs:191)

2019-07-20 11:46:54.3060 [ERROR] NullReferenceException: Object reference not set to an instance of an object
UnityEditor.GameObjectInspector.ClearPreviewCache () (at C:/buildslave/unity/build/Editor/Mono/Inspector/GameObjectInspector.cs:203)
UnityEditor.GameObjectInspector.OnDisable () (at C:/buildslave/unity/build/Editor/Mono/Inspector/GameObjectInspector.cs:191)

2019-07-20 11:46:56.7785 [DEBUG] Scene Fusion version 1.8.2-3
2019-07-20 11:46:56.8990 [DEBUG] Play mode: True, sync in play mode: True
2019-07-20 11:47:05.2163 [ERROR] NullReferenceException: Object reference not set to an instance of an object
LevelTransition+<loadAndSetStartPos>d__11.MoveNext () (at Assets/LevelTransition.cs:79)
UnityEngine.SetupCoroutine.InvokeMoveNext (System.Collections.IEnumerator enumerator, System.IntPtr returnValueAddress) (at C:/buildslave/unity/build/Runtime/Export/Scripting/Coroutines.cs:17)

2019-07-20 11:47:05.2892 [ERROR] ArgumentException: Gameobject is not a root in a scene
UnityEngine.SceneManagement.SceneManager.MoveGameObjectToScene (UnityEngine.GameObject go, UnityEngine.SceneManagement.Scene scene) <0x26e0d54c5b0 + 0x0005a> in <c0ef81e1639b423ab35ce0e4c08b5b7a>:0
LevelTransition+<loadAndSetStartPos>d__11.MoveNext () (at Assets/LevelTransition.cs:60)
UnityEngine.SetupCoroutine.InvokeMoveNext (System.Collections.IEnumerator enumerator, System.IntPtr returnValueAddress) (at C:/buildslave/unity/build/Runtime/Export/Scripting/Coroutines.cs:17)
UnityEngine.MonoBehaviour:StartCoroutine(IEnumerator)
LevelTransition:LoadEndLevel() (at Assets/LevelTransition.cs:49)
UnityEngine.Events.UnityEvent:Invoke()
TransitionTrigger:OnTriggerEnter(Collider) (at Assets/TransitionTrigger.cs:14)

2019-07-20 11:47:23.7804 [DEBUG] Play mode: False
2019-07-20 15:50:07.7637 [DEBUG] Scene Fusion version 1.8.2-3
2019-07-20 15:51:49.6250 [ERROR] NullReferenceException: Object reference not set to an instance of an object
UnityEditor.GameObjectInspector.ClearPreviewCache () (at C:/buildslave/unity/build/Editor/Mono/Inspector/GameObjectInspector.cs:203)
UnityEditor.GameObjectInspector.OnDisable () (at C:/buildslave/unity/build/Editor/Mono/Inspector/GameObjectInspector.cs:191)

2019-07-20 15:51:49.6295 [ERROR] NullReferenceException: Object reference not set to an instance of an object
UnityEditor.GameObjectInspector.ClearPreviewCache () (at C:/buildslave/unity/build/Editor/Mono/Inspector/GameObjectInspector.cs:203)
UnityEditor.GameObjectInspector.OnDisable () (at C:/buildslave/unity/build/Editor/Mono/Inspector/GameObjectInspector.cs:191)

2019-07-20 15:51:49.6399 [ERROR] NullReferenceException: Object reference not set to an instance of an object
UnityEditor.GameObjectInspector.ClearPreviewCache () (at C:/buildslave/unity/build/Editor/Mono/Inspector/GameObjectInspector.cs:203)
UnityEditor.GameObjectInspector.OnDisable () (at C:/buildslave/unity/build/Editor/Mono/Inspector/GameObjectInspector.cs:191)

2019-07-20 15:51:49.6444 [ERROR] NullReferenceException: Object reference not set to an instance of an object
UnityEditor.GameObjectInspector.ClearPreviewCache () (at C:/buildslave/unity/build/Editor/Mono/Inspector/GameObjectInspector.cs:203)
UnityEditor.GameObjectInspector.OnDisable () (at C:/buildslave/unity/build/Editor/Mono/Inspector/GameObjectInspector.cs:191)

2019-07-20 15:51:49.6469 [ERROR] NullReferenceException: Object reference not set to an instance of an object
UnityEditor.GameObjectInspector.ClearPreviewCache () (at C:/buildslave/unity/build/Editor/Mono/Inspector/GameObjectInspector.cs:203)
UnityEditor.GameObjectInspector.OnDisable () (at C:/buildslave/unity/build/Editor/Mono/Inspector/GameObjectInspector.cs:191)

2019-07-20 15:51:49.6484 [ERROR] NullReferenceException: Object reference not set to an instance of an object
UnityEditor.GameObjectInspector.ClearPreviewCache () (at C:/buildslave/unity/build/Editor/Mono/Inspector/GameObjectInspector.cs:203)
UnityEditor.GameObjectInspector.OnDisable () (at C:/buildslave/unity/build/Editor/Mono/Inspector/GameObjectInspector.cs:191)

2019-07-20 15:51:52.6462 [DEBUG] Scene Fusion version 1.8.2-3
2019-07-20 15:51:52.7821 [DEBUG] Play mode: True, sync in play mode: True
2019-07-20 15:52:12.7797 [DEBUG] Play mode: False
2019-07-20 15:52:15.5430 [DEBUG] Scene Fusion version 1.8.2-3
2019-07-20 15:52:15.6903 [DEBUG] Play mode: True, sync in play mode: True
2019-07-20 15:52:25.0206 [ERROR] ArgumentException: SceneManager.SetActiveScene failed; scene 'Starting Scene' is not loaded and therefore cannot be set active
UnityEngine.SceneManagement.SceneManager.SetActiveScene (UnityEngine.SceneManagement.Scene scene) <0x26e1294a980 + 0x00052> in <c0ef81e1639b423ab35ce0e4c08b5b7a>:0
LevelTransition+<loadAndSetStartPos>d__11.MoveNext () (at Assets/LevelTransition.cs:69)
UnityEngine.SetupCoroutine.InvokeMoveNext (System.Collections.IEnumerator enumerator, System.IntPtr returnValueAddress) (at C:/buildslave/unity/build/Runtime/Export/Scripting/Coroutines.cs:17)

2019-07-20 15:52:25.1932 [ERROR] ArgumentException: SceneManager.SetActiveScene failed; scene 'Starting Scene' is not loaded and therefore cannot be set active
UnityEngine.SceneManagement.SceneManager.SetActiveScene (UnityEngine.SceneManagement.Scene scene) <0x26e1294a980 + 0x00052> in <c0ef81e1639b423ab35ce0e4c08b5b7a>:0
LevelTransition+<loadAndSetStartPos>d__11.MoveNext () (at Assets/LevelTransition.cs:69)
UnityEngine.SetupCoroutine.InvokeMoveNext (System.Collections.IEnumerator enumerator, System.IntPtr returnValueAddress) (at C:/buildslave/unity/build/Runtime/Export/Scripting/Coroutines.cs:17)

2019-07-20 15:52:25.3604 [ERROR] ArgumentException: SceneManager.SetActiveScene failed; scene 'Starting Scene' is not loaded and therefore cannot be set active
UnityEngine.SceneManagement.SceneManager.SetActiveScene (UnityEngine.SceneManagement.Scene scene) <0x26e1294a980 + 0x00052> in <c0ef81e1639b423ab35ce0e4c08b5b7a>:0
LevelTransition+<loadAndSetStartPos>d__11.MoveNext () (at Assets/LevelTransition.cs:69)
UnityEngine.SetupCoroutine.InvokeMoveNext (System.Collections.IEnumerator enumerator, System.IntPtr returnValueAddress) (at C:/buildslave/unity/build/Runtime/Export/Scripting/Coroutines.cs:17)

2019-07-20 15:52:25.5598 [ERROR] ArgumentException: SceneManager.SetActiveScene failed; scene 'Starting Scene' is not loaded and therefore cannot be set active
UnityEngine.SceneManagement.SceneManager.SetActiveScene (UnityEngine.SceneManagement.Scene scene) <0x26e1294a980 + 0x00052> in <c0ef81e1639b423ab35ce0e4c08b5b7a>:0
LevelTransition+<loadAndSetStartPos>d__11.MoveNext () (at Assets/LevelTransition.cs:69)
UnityEngine.SetupCoroutine.InvokeMoveNext (System.Collections.IEnumerator enumerator, System.IntPtr returnValueAddress) (at C:/buildslave/unity/build/Runtime/Export/Scripting/Coroutines.cs:17)

2019-07-20 15:52:25.7606 [ERROR] ArgumentException: SceneManager.SetActiveScene failed; scene 'Starting Scene' is not loaded and therefore cannot be set active
UnityEngine.SceneManagement.SceneManager.SetActiveScene (UnityEngine.SceneManagement.Scene scene) <0x26e1294a980 + 0x00052> in <c0ef81e1639b423ab35ce0e4c08b5b7a>:0
LevelTransition+<loadAndSetStartPos>d__11.MoveNext () (at Assets/LevelTransition.cs:69)
UnityEngine.SetupCoroutine.InvokeMoveNext (System.Collections.IEnumerator enumerator, System.IntPtr returnValueAddress) (at C:/buildslave/unity/build/Runtime/Export/Scripting/Coroutines.cs:17)

2019-07-20 15:52:25.9630 [ERROR] ArgumentException: SceneManager.SetActiveScene failed; scene 'Starting Scene' is not loaded and therefore cannot be set active
UnityEngine.SceneManagement.SceneManager.SetActiveScene (UnityEngine.SceneManagement.Scene scene) <0x26e1294a980 + 0x00052> in <c0ef81e1639b423ab35ce0e4c08b5b7a>:0
LevelTransition+<loadAndSetStartPos>d__11.MoveNext () (at Assets/LevelTransition.cs:69)
UnityEngine.SetupCoroutine.InvokeMoveNext (System.Collections.IEnumerator enumerator, System.IntPtr returnValueAddress) (at C:/buildslave/unity/build/Runtime/Export/Scripting/Coroutines.cs:17)

2019-07-20 15:52:26.1654 [ERROR] ArgumentException: SceneManager.SetActiveScene failed; scene 'Starting Scene' is not loaded and therefore cannot be set active
UnityEngine.SceneManagement.SceneManager.SetActiveScene (UnityEngine.SceneManagement.Scene scene) <0x26e1294a980 + 0x00052> in <c0ef81e1639b423ab35ce0e4c08b5b7a>:0
LevelTransition+<loadAndSetStartPos>d__11.MoveNext () (at Assets/LevelTransition.cs:69)
UnityEngine.SetupCoroutine.InvokeMoveNext (System.Collections.IEnumerator enumerator, System.IntPtr returnValueAddress) (at C:/buildslave/unity/build/Runtime/Export/Scripting/Coroutines.cs:17)

2019-07-20 15:52:26.3641 [ERROR] ArgumentException: SceneManager.SetActiveScene failed; scene 'Starting Scene' is not loaded and therefore cannot be set active
UnityEngine.SceneManagement.SceneManager.SetActiveScene (UnityEngine.SceneManagement.Scene scene) <0x26e1294a980 + 0x00052> in <c0ef81e1639b423ab35ce0e4c08b5b7a>:0
LevelTransition+<loadAndSetStartPos>d__11.MoveNext () (at Assets/LevelTransition.cs:69)
UnityEngine.SetupCoroutine.InvokeMoveNext (System.Collections.IEnumerator enumerator, System.IntPtr returnValueAddress) (at C:/buildslave/unity/build/Runtime/Export/Scripting/Coroutines.cs:17)

2019-07-20 15:52:26.5664 [ERROR] ArgumentException: SceneManager.SetActiveScene failed; scene 'Starting Scene' is not loaded and therefore cannot be set active
UnityEngine.SceneManagement.SceneManager.SetActiveScene (UnityEngine.SceneManagement.Scene scene) <0x26e1294a980 + 0x00052> in <c0ef81e1639b423ab35ce0e4c08b5b7a>:0
LevelTransition+<loadAndSetStartPos>d__11.MoveNext () (at Assets/LevelTransition.cs:69)
UnityEngine.SetupCoroutine.InvokeMoveNext (System.Collections.IEnumerator enumerator, System.IntPtr returnValueAddress) (at C:/buildslave/unity/build/Runtime/Export/Scripting/Coroutines.cs:17)

2019-07-20 15:53:03.8736 [DEBUG] Play mode: False
2019-07-20 15:53:25.0825 [DEBUG] Scene Fusion version 1.8.2-3
2019-07-20 15:53:25.2333 [DEBUG] Play mode: True, sync in play mode: True
2019-07-20 15:53:43.0446 [ERROR] ArgumentException: SceneManager.SetActiveScene failed; scene 'Starting Scene' is not loaded and therefore cannot be set active
UnityEngine.SceneManagement.SceneManager.SetActiveScene (UnityEngine.SceneManagement.Scene scene) <0x26e129826e0 + 0x00052> in <c0ef81e1639b423ab35ce0e4c08b5b7a>:0
LevelTransition+<loadAndSetStartPos>d__11.MoveNext () (at Assets/LevelTransition.cs:71)
UnityEngine.SetupCoroutine.InvokeMoveNext (System.Collections.IEnumerator enumerator, System.IntPtr returnValueAddress) (at C:/buildslave/unity/build/Runtime/Export/Scripting/Coroutines.cs:17)

2019-07-20 15:53:43.2212 [ERROR] ArgumentException: SceneManager.SetActiveScene failed; scene 'Starting Scene' is not loaded and therefore cannot be set active
UnityEngine.SceneManagement.SceneManager.SetActiveScene (UnityEngine.SceneManagement.Scene scene) <0x26e129826e0 + 0x00052> in <c0ef81e1639b423ab35ce0e4c08b5b7a>:0
LevelTransition+<loadAndSetStartPos>d__11.MoveNext () (at Assets/LevelTransition.cs:71)
UnityEngine.SetupCoroutine.InvokeMoveNext (System.Collections.IEnumerator enumerator, System.IntPtr returnValueAddress) (at C:/buildslave/unity/build/Runtime/Export/Scripting/Coroutines.cs:17)

2019-07-20 15:53:43.3997 [ERROR] ArgumentException: SceneManager.SetActiveScene failed; scene 'Starting Scene' is not loaded and therefore cannot be set active
UnityEngine.SceneManagement.SceneManager.SetActiveScene (UnityEngine.SceneManagement.Scene scene) <0x26e129826e0 + 0x00052> in <c0ef81e1639b423ab35ce0e4c08b5b7a>:0
LevelTransition+<loadAndSetStartPos>d__11.MoveNext () (at Assets/LevelTransition.cs:71)
UnityEngine.SetupCoroutine.InvokeMoveNext (System.Collections.IEnumerator enumerator, System.IntPtr returnValueAddress) (at C:/buildslave/unity/build/Runtime/Export/Scripting/Coroutines.cs:17)

2019-07-20 15:53:43.5897 [ERROR] ArgumentException: SceneManager.SetActiveScene failed; scene 'Starting Scene' is not loaded and therefore cannot be set active
UnityEngine.SceneManagement.SceneManager.SetActiveScene (UnityEngine.SceneManagement.Scene scene) <0x26e129826e0 + 0x00052> in <c0ef81e1639b423ab35ce0e4c08b5b7a>:0
LevelTransition+<loadAndSetStartPos>d__11.MoveNext () (at Assets/LevelTransition.cs:71)
UnityEngine.SetupCoroutine.InvokeMoveNext (System.Collections.IEnumerator enumerator, System.IntPtr returnValueAddress) (at C:/buildslave/unity/build/Runtime/Export/Scripting/Coroutines.cs:17)

2019-07-20 15:53:43.7906 [ERROR] ArgumentException: SceneManager.SetActiveScene failed; scene 'Starting Scene' is not loaded and therefore cannot be set active
UnityEngine.SceneManagement.SceneManager.SetActiveScene (UnityEngine.SceneManagement.Scene scene) <0x26e129826e0 + 0x00052> in <c0ef81e1639b423ab35ce0e4c08b5b7a>:0
LevelTransition+<loadAndSetStartPos>d__11.MoveNext () (at Assets/LevelTransition.cs:71)
UnityEngine.SetupCoroutine.InvokeMoveNext (System.Collections.IEnumerator enumerator, System.IntPtr returnValueAddress) (at C:/buildslave/unity/build/Runtime/Export/Scripting/Coroutines.cs:17)

2019-07-20 15:53:43.9920 [ERROR] ArgumentException: SceneManager.SetActiveScene failed; scene 'Starting Scene' is not loaded and therefore cannot be set active
UnityEngine.SceneManagement.SceneManager.SetActiveScene (UnityEngine.SceneManagement.Scene scene) <0x26e129826e0 + 0x00052> in <c0ef81e1639b423ab35ce0e4c08b5b7a>:0
LevelTransition+<loadAndSetStartPos>d__11.MoveNext () (at Assets/LevelTransition.cs:71)
UnityEngine.SetupCoroutine.InvokeMoveNext (System.Collections.IEnumerator enumerator, System.IntPtr returnValueAddress) (at C:/buildslave/unity/build/Runtime/Export/Scripting/Coroutines.cs:17)

2019-07-20 15:53:44.1939 [ERROR] ArgumentException: SceneManager.SetActiveScene failed; scene 'Starting Scene' is not loaded and therefore cannot be set active
UnityEngine.SceneManagement.SceneManager.SetActiveScene (UnityEngine.SceneManagement.Scene scene) <0x26e129826e0 + 0x00052> in <c0ef81e1639b423ab35ce0e4c08b5b7a>:0
LevelTransition+<loadAndSetStartPos>d__11.MoveNext () (at Assets/LevelTransition.cs:71)
UnityEngine.SetupCoroutine.InvokeMoveNext (System.Collections.IEnumerator enumerator, System.IntPtr returnValueAddress) (at C:/buildslave/unity/build/Runtime/Export/Scripting/Coroutines.cs:17)

2019-07-20 15:53:44.3933 [ERROR] ArgumentException: SceneManager.SetActiveScene failed; scene 'Starting Scene' is not loaded and therefore cannot be set active
UnityEngine.SceneManagement.SceneManager.SetActiveScene (UnityEngine.SceneManagement.Scene scene) <0x26e129826e0 + 0x00052> in <c0ef81e1639b423ab35ce0e4c08b5b7a>:0
LevelTransition+<loadAndSetStartPos>d__11.MoveNext () (at Assets/LevelTransition.cs:71)
UnityEngine.SetupCoroutine.InvokeMoveNext (System.Collections.IEnumerator enumerator, System.IntPtr returnValueAddress) (at C:/buildslave/unity/build/Runtime/Export/Scripting/Coroutines.cs:17)

2019-07-20 15:53:44.5941 [ERROR] ArgumentException: SceneManager.SetActiveScene failed; scene 'Starting Scene' is not loaded and therefore cannot be set active
UnityEngine.SceneManagement.SceneManager.SetActiveScene (UnityEngine.SceneManagement.Scene scene) <0x26e129826e0 + 0x00052> in <c0ef81e1639b423ab35ce0e4c08b5b7a>:0
LevelTransition+<loadAndSetStartPos>d__11.MoveNext () (at Assets/LevelTransition.cs:71)
UnityEngine.SetupCoroutine.InvokeMoveNext (System.Collections.IEnumerator enumerator, System.IntPtr returnValueAddress) (at C:/buildslave/unity/build/Runtime/Export/Scripting/Coroutines.cs:17)

2019-07-20 15:53:44.7950 [ERROR] ArgumentException: SceneManager.SetActiveScene failed; scene 'Starting Scene' is not loaded and therefore cannot be set active
UnityEngine.SceneManagement.SceneManager.SetActiveScene (UnityEngine.SceneManagement.Scene scene) <0x26e129826e0 + 0x00052> in <c0ef81e1639b423ab35ce0e4c08b5b7a>:0
LevelTransition+<loadAndSetStartPos>d__11.MoveNext () (at Assets/LevelTransition.cs:71)
UnityEngine.SetupCoroutine.InvokeMoveNext (System.Collections.IEnumerator enumerator, System.IntPtr returnValueAddress) (at C:/buildslave/unity/build/Runtime/Export/Scripting/Coroutines.cs:17)

2019-07-20 15:53:44.9959 [ERROR] ArgumentException: SceneManager.SetActiveScene failed; scene 'Starting Scene' is not loaded and therefore cannot be set active
UnityEngine.SceneManagement.SceneManager.SetActiveScene (UnityEngine.SceneManagement.Scene scene) <0x26e129826e0 + 0x00052> in <c0ef81e1639b423ab35ce0e4c08b5b7a>:0
LevelTransition+<loadAndSetStartPos>d__11.MoveNext () (at Assets/LevelTransition.cs:71)
UnityEngine.SetupCoroutine.InvokeMoveNext (System.Collections.IEnumerator enumerator, System.IntPtr returnValueAddress) (at C:/buildslave/unity/build/Runtime/Export/Scripting/Coroutines.cs:17)

2019-07-20 15:53:45.1973 [ERROR] ArgumentException: SceneManager.SetActiveScene failed; scene 'Starting Scene' is not loaded and therefore cannot be set active
UnityEngine.SceneManagement.SceneManager.SetActiveScene (UnityEngine.SceneManagement.Scene scene) <0x26e129826e0 + 0x00052> in <c0ef81e1639b423ab35ce0e4c08b5b7a>:0
LevelTransition+<loadAndSetStartPos>d__11.MoveNext () (at Assets/LevelTransition.cs:71)
UnityEngine.SetupCoroutine.InvokeMoveNext (System.Collections.IEnumerator enumerator, System.IntPtr returnValueAddress) (at C:/buildslave/unity/build/Runtime/Export/Scripting/Coroutines.cs:17)

2019-07-20 15:53:45.3972 [ERROR] ArgumentException: SceneManager.SetActiveScene failed; scene 'Starting Scene' is not loaded and therefore cannot be set active
UnityEngine.SceneManagement.SceneManager.SetActiveScene (UnityEngine.SceneManagement.Scene scene) <0x26e129826e0 + 0x00052> in <c0ef81e1639b423ab35ce0e4c08b5b7a>:0
LevelTransition+<loadAndSetStartPos>d__11.MoveNext () (at Assets/LevelTransition.cs:71)
UnityEngine.SetupCoroutine.InvokeMoveNext (System.Collections.IEnumerator enumerator, System.IntPtr returnValueAddress) (at C:/buildslave/unity/build/Runtime/Export/Scripting/Coroutines.cs:17)

2019-07-20 15:53:45.5980 [ERROR] ArgumentException: SceneManager.SetActiveScene failed; scene 'Starting Scene' is not loaded and therefore cannot be set active
UnityEngine.SceneManagement.SceneManager.SetActiveScene (UnityEngine.SceneManagement.Scene scene) <0x26e129826e0 + 0x00052> in <c0ef81e1639b423ab35ce0e4c08b5b7a>:0
LevelTransition+<loadAndSetStartPos>d__11.MoveNext () (at Assets/LevelTransition.cs:71)
UnityEngine.SetupCoroutine.InvokeMoveNext (System.Collections.IEnumerator enumerator, System.IntPtr returnValueAddress) (at C:/buildslave/unity/build/Runtime/Export/Scripting/Coroutines.cs:17)

2019-07-20 15:53:45.7186 [ERROR] ArgumentException: SceneManager.SetActiveScene failed; scene 'Transition' is not loaded and therefore cannot be set active
UnityEngine.SceneManagement.SceneManager.SetActiveScene (UnityEngine.SceneManagement.Scene scene) <0x26e129826e0 + 0x00052> in <c0ef81e1639b423ab35ce0e4c08b5b7a>:0
LevelTransition+<loadAndSetStartPos>d__11.MoveNext () (at Assets/LevelTransition.cs:58)
UnityEngine.SetupCoroutine.InvokeMoveNext (System.Collections.IEnumerator enumerator, System.IntPtr returnValueAddress) (at C:/buildslave/unity/build/Runtime/Export/Scripting/Coroutines.cs:17)
UnityEngine.MonoBehaviour:StartCoroutine(IEnumerator)
LevelTransition:LoadEndLevel() (at Assets/LevelTransition.cs:49)
UnityEngine.Events.UnityEvent:Invoke()
TransitionTrigger:OnTriggerEnter(Collider) (at Assets/TransitionTrigger.cs:14)

2019-07-20 15:53:45.7662 [ERROR] ArgumentException: SceneManager.SetActiveScene failed; scene 'Starting Scene' is not loaded and therefore cannot be set active
UnityEngine.SceneManagement.SceneManager.SetActiveScene (UnityEngine.SceneManagement.Scene scene) <0x26e129826e0 + 0x00052> in <c0ef81e1639b423ab35ce0e4c08b5b7a>:0
LevelTransition+<loadAndSetStartPos>d__11.MoveNext () (at Assets/LevelTransition.cs:71)
UnityEngine.SetupCoroutine.InvokeMoveNext (System.Collections.IEnumerator enumerator, System.IntPtr returnValueAddress) (at C:/buildslave/unity/build/Runtime/Export/Scripting/Coroutines.cs:17)

2019-07-20 15:53:45.8808 [ERROR] ArgumentException: SceneManager.SetActiveScene failed; scene 'Transition' is not loaded and therefore cannot be set active
UnityEngine.SceneManagement.SceneManager.SetActiveScene (UnityEngine.SceneManagement.Scene scene) <0x26e129826e0 + 0x00052> in <c0ef81e1639b423ab35ce0e4c08b5b7a>:0
LevelTransition+<loadAndSetStartPos>d__11.MoveNext () (at Assets/LevelTransition.cs:58)
UnityEngine.SetupCoroutine.InvokeMoveNext (System.Collections.IEnumerator enumerator, System.IntPtr returnValueAddress) (at C:/buildslave/unity/build/Runtime/Export/Scripting/Coroutines.cs:17)
UnityEngine.MonoBehaviour:StartCoroutine(IEnumerator)
LevelTransition:LoadEndLevel() (at Assets/LevelTransition.cs:49)
UnityEngine.Events.UnityEvent:Invoke()
TransitionTrigger:OnTriggerEnter(Collider) (at Assets/TransitionTrigger.cs:14)

2019-07-20 15:53:45.9333 [ERROR] ArgumentException: SceneManager.SetActiveScene failed; scene 'Starting Scene' is not loaded and therefore cannot be set active
UnityEngine.SceneManagement.SceneManager.SetActiveScene (UnityEngine.SceneManagement.Scene scene) <0x26e129826e0 + 0x00052> in <c0ef81e1639b423ab35ce0e4c08b5b7a>:0
LevelTransition+<loadAndSetStartPos>d__11.MoveNext () (at Assets/LevelTransition.cs:71)
UnityEngine.SetupCoroutine.InvokeMoveNext (System.Collections.IEnumerator enumerator, System.IntPtr returnValueAddress) (at C:/buildslave/unity/build/Runtime/Export/Scripting/Coroutines.cs:17)

2019-07-20 15:53:46.0464 [ERROR] ArgumentException: SceneManager.SetActiveScene failed; scene 'Transition' is not loaded and therefore cannot be set active
UnityEngine.SceneManagement.SceneManager.SetActiveScene (UnityEngine.SceneManagement.Scene scene) <0x26e129826e0 + 0x00052> in <c0ef81e1639b423ab35ce0e4c08b5b7a>:0
LevelTransition+<loadAndSetStartPos>d__11.MoveNext () (at Assets/LevelTransition.cs:58)
UnityEngine.SetupCoroutine.InvokeMoveNext (System.Collections.IEnumerator enumerator, System.IntPtr returnValueAddress) (at C:/buildslave/unity/build/Runtime/Export/Scripting/Coroutines.cs:17)
UnityEngine.MonoBehaviour:StartCoroutine(IEnumerator)
LevelTransition:LoadEndLevel() (at Assets/LevelTransition.cs:49)
UnityEngine.Events.UnityEvent:Invoke()
TransitionTrigger:OnTriggerEnter(Collider) (at Assets/TransitionTrigger.cs:14)

2019-07-20 15:53:46.1020 [ERROR] ArgumentException: SceneManager.SetActiveScene failed; scene 'Starting Scene' is not loaded and therefore cannot be set active
UnityEngine.SceneManagement.SceneManager.SetActiveScene (UnityEngine.SceneManagement.Scene scene) <0x26e129826e0 + 0x00052> in <c0ef81e1639b423ab35ce0e4c08b5b7a>:0
LevelTransition+<loadAndSetStartPos>d__11.MoveNext () (at Assets/LevelTransition.cs:71)
UnityEngine.SetupCoroutine.InvokeMoveNext (System.Collections.IEnumerator enumerator, System.IntPtr returnValueAddress) (at C:/buildslave/unity/build/Runtime/Export/Scripting/Coroutines.cs:17)

2019-07-20 15:53:46.2156 [ERROR] ArgumentException: SceneManager.SetActiveScene failed; scene 'Transition' is not loaded and therefore cannot be set active
UnityEngine.SceneManagement.SceneManager.SetActiveScene (UnityEngine.SceneManagement.Scene scene) <0x26e129826e0 + 0x00052> in <c0ef81e1639b423ab35ce0e4c08b5b7a>:0
LevelTransition+<loadAndSetStartPos>d__11.MoveNext () (at Assets/LevelTransition.cs:58)
UnityEngine.SetupCoroutine.InvokeMoveNext (System.Collections.IEnumerator enumerator, System.IntPtr returnValueAddress) (at C:/buildslave/unity/build/Runtime/Export/Scripting/Coroutines.cs:17)
UnityEngine.MonoBehaviour:StartCoroutine(IEnumerator)
LevelTransition:LoadEndLevel() (at Assets/LevelTransition.cs:49)
UnityEngine.Events.UnityEvent:Invoke()
TransitionTrigger:OnTriggerEnter(Collider) (at Assets/TransitionTrigger.cs:14)

2019-07-20 15:53:46.2701 [ERROR] ArgumentException: SceneManager.SetActiveScene failed; scene 'Starting Scene' is not loaded and therefore cannot be set active
UnityEngine.SceneManagement.SceneManager.SetActiveScene (UnityEngine.SceneManagement.Scene scene) <0x26e129826e0 + 0x00052> in <c0ef81e1639b423ab35ce0e4c08b5b7a>:0
LevelTransition+<loadAndSetStartPos>d__11.MoveNext () (at Assets/LevelTransition.cs:71)
UnityEngine.SetupCoroutine.InvokeMoveNext (System.Collections.IEnumerator enumerator, System.IntPtr returnValueAddress) (at C:/buildslave/unity/build/Runtime/Export/Scripting/Coroutines.cs:17)

2019-07-20 15:53:51.6730 [DEBUG] Play mode: False
2019-07-20 15:55:30.5516 [DEBUG] Scene Fusion version 1.8.2-3
2019-07-20 15:55:30.6985 [DEBUG] Play mode: True, sync in play mode: True
2019-07-20 15:55:40.5528 [ERROR] ArgumentException: SceneManager.SetActiveScene failed; invalid scene
UnityEngine.SceneManagement.SceneManager.SetActiveScene (UnityEngine.SceneManagement.Scene scene) <0x26e12955890 + 0x00052> in <c0ef81e1639b423ab35ce0e4c08b5b7a>:0
LevelTransition+<loadAndSetStartPos>d__11.MoveNext () (at Assets/LevelTransition.cs:72)
UnityEngine.SetupCoroutine.InvokeMoveNext (System.Collections.IEnumerator enumerator, System.IntPtr returnValueAddress) (at C:/buildslave/unity/build/Runtime/Export/Scripting/Coroutines.cs:17)

2019-07-20 15:55:48.2303 [DEBUG] Play mode: False
2019-07-20 16:01:08.5348 [DEBUG] Scene Fusion version 1.8.2-3
2019-07-20 16:01:10.1627 [DEBUG] Play mode: True, sync in play mode: True
2019-07-20 16:01:23.8380 [ERROR] ArgumentException: SceneManager.SetActiveScene failed; invalid scene
UnityEngine.SceneManagement.SceneManager.SetActiveScene (UnityEngine.SceneManagement.Scene scene) <0x26e12a04640 + 0x00052> in <c0ef81e1639b423ab35ce0e4c08b5b7a>:0
LevelTransition+<loadAndSetStartPos>d__11.MoveNext () (at Assets/LevelTransition.cs:72)
UnityEngine.SetupCoroutine.InvokeMoveNext (System.Collections.IEnumerator enumerator, System.IntPtr returnValueAddress) (at C:/buildslave/unity/build/Runtime/Export/Scripting/Coroutines.cs:17)

2019-07-20 16:01:32.0869 [DEBUG] Play mode: False
2019-07-20 16:02:41.4153 [DEBUG] Scene Fusion version 1.8.2-3
2019-07-20 16:02:41.5646 [DEBUG] Play mode: True, sync in play mode: True
2019-07-20 16:03:07.4921 [DEBUG] Play mode: False
2019-07-20 16:03:53.3653 [DEBUG] Scene Fusion version 1.8.2-3
2019-07-20 16:03:53.5056 [DEBUG] Play mode: True, sync in play mode: True
2019-07-20 16:05:50.5536 [DEBUG] Play mode: False
2019-07-20 16:08:42.0744 [DEBUG] Scene Fusion version 1.8.2-3
2019-07-20 16:08:42.2153 [DEBUG] Play mode: True, sync in play mode: True
2019-07-20 16:10:42.5279 [ERROR] NullReferenceException: Object reference not set to an instance of an object
LevelTransition+<loadAndSetStartPos>d__11.MoveNext () (at Assets/LevelTransition.cs:68)
UnityEngine.SetupCoroutine.InvokeMoveNext (System.Collections.IEnumerator enumerator, System.IntPtr returnValueAddress) (at C:/buildslave/unity/build/Runtime/Export/Scripting/Coroutines.cs:17)

2019-07-20 16:11:13.9927 [DEBUG] Play mode: False
2019-07-20 16:11:51.4349 [DEBUG] Scene Fusion version 1.8.2-3
2019-07-20 16:11:51.5783 [DEBUG] Play mode: True, sync in play mode: True
2019-07-20 16:14:14.8709 [DEBUG] Play mode: False
2019-07-20 16:55:16.6461 [DEBUG] Scene Fusion version 1.8.2-3
2019-07-20 17:10:40.6392 [ERROR] NullReferenceException: Object reference not set to an instance of an object
UnityEditor.GameObjectInspector.ClearPreviewCache () (at C:/buildslave/unity/build/Editor/Mono/Inspector/GameObjectInspector.cs:203)
UnityEditor.GameObjectInspector.OnDisable () (at C:/buildslave/unity/build/Editor/Mono/Inspector/GameObjectInspector.cs:191)

2019-07-20 17:10:40.6407 [ERROR] NullReferenceException: Object reference not set to an instance of an object
UnityEditor.GameObjectInspector.ClearPreviewCache () (at C:/buildslave/unity/build/Editor/Mono/Inspector/GameObjectInspector.cs:203)
UnityEditor.GameObjectInspector.OnDisable () (at C:/buildslave/unity/build/Editor/Mono/Inspector/GameObjectInspector.cs:191)

2019-07-20 17:10:40.6417 [ERROR] NullReferenceException: Object reference not set to an instance of an object
UnityEditor.GameObjectInspector.ClearPreviewCache () (at C:/buildslave/unity/build/Editor/Mono/Inspector/GameObjectInspector.cs:203)
UnityEditor.GameObjectInspector.OnDisable () (at C:/buildslave/unity/build/Editor/Mono/Inspector/GameObjectInspector.cs:191)

2019-07-20 17:10:40.6422 [ERROR] NullReferenceException: Object reference not set to an instance of an object
UnityEditor.GameObjectInspector.ClearPreviewCache () (at C:/buildslave/unity/build/Editor/Mono/Inspector/GameObjectInspector.cs:203)
UnityEditor.GameObjectInspector.OnDisable () (at C:/buildslave/unity/build/Editor/Mono/Inspector/GameObjectInspector.cs:191)

2019-07-20 17:10:40.6556 [ERROR] NullReferenceException: Object reference not set to an instance of an object
UnityEditor.GameObjectInspector.ClearPreviewCache () (at C:/buildslave/unity/build/Editor/Mono/Inspector/GameObjectInspector.cs:203)
UnityEditor.GameObjectInspector.OnDisable () (at C:/buildslave/unity/build/Editor/Mono/Inspector/GameObjectInspector.cs:191)

2019-07-20 17:10:40.6621 [ERROR] NullReferenceException: Object reference not set to an instance of an object
UnityEditor.GameObjectInspector.ClearPreviewCache () (at C:/buildslave/unity/build/Editor/Mono/Inspector/GameObjectInspector.cs:203)
UnityEditor.GameObjectInspector.OnDisable () (at C:/buildslave/unity/build/Editor/Mono/Inspector/GameObjectInspector.cs:191)

2019-07-20 17:10:40.6645 [ERROR] NullReferenceException: Object reference not set to an instance of an object
UnityEditor.GameObjectInspector.ClearPreviewCache () (at C:/buildslave/unity/build/Editor/Mono/Inspector/GameObjectInspector.cs:203)
UnityEditor.GameObjectInspector.OnDisable () (at C:/buildslave/unity/build/Editor/Mono/Inspector/GameObjectInspector.cs:191)

2019-07-20 17:10:40.6734 [ERROR] NullReferenceException: Object reference not set to an instance of an object
UnityEditor.GameObjectInspector.ClearPreviewCache () (at C:/buildslave/unity/build/Editor/Mono/Inspector/GameObjectInspector.cs:203)
UnityEditor.GameObjectInspector.OnDisable () (at C:/buildslave/unity/build/Editor/Mono/Inspector/GameObjectInspector.cs:191)

2019-07-20 17:10:40.6804 [ERROR] NullReferenceException: Object reference not set to an instance of an object
UnityEditor.GameObjectInspector.ClearPreviewCache () (at C:/buildslave/unity/build/Editor/Mono/Inspector/GameObjectInspector.cs:203)
UnityEditor.GameObjectInspector.OnDisable () (at C:/buildslave/unity/build/Editor/Mono/Inspector/GameObjectInspector.cs:191)

2019-07-20 19:24:13.5313 [DEBUG] Scene Fusion version 1.8.2-3
