2019-07-18 06:11:30.1094 [DEBUG] Scene Fusion version 1.8.2-3
2019-07-18 06:17:04.5093 [INFO] Launching Session: Greece Scene
2019-07-18 06:17:05.4308 [DEBUG] Connecting
2019-07-18 06:17:05.4611 [DEBUG] Connecting to room (99893:SceneFusion:SceneFusion) via TCP at roommanager-ec2-35-164-71-216.kinematicsoup.com:21312
2019-07-18 07:23:03.0230 [DEBUG] Sent D:/Git/Unity/Peak/KSEditorLogs/SessionLogs/session.99893-636990274255231420.log
2019-07-18 00:05:04.7238 [DEBUG] Scene Fusion version 1.8.2-3
2019-07-18 00:05:04.9791 [DEBUG] Play mode: True, sync in play mode: True
2019-07-18 00:05:29.5839 [DEBUG] Play mode: False
2019-07-18 00:07:43.9488 [DEBUG] Scene Fusion version 1.8.2-3
2019-07-18 00:07:44.2210 [DEBUG] Play mode: True, sync in play mode: True
2019-07-18 00:14:56.2936 [DEBUG] Play mode: False
2019-07-18 01:53:33.0976 [DEBUG] Scene Fusion version 1.8.2-3
2019-07-18 01:53:33.3490 [DEBUG] Play mode: True, sync in play mode: True
2019-07-18 01:56:36.6018 [DEBUG] Play mode: False
<<<<<<< Updated upstream
2019-07-18 17:44:28.7791 [DEBUG] Scene Fusion version 1.8.2-3
2019-07-18 17:45:16.4301 [INFO] Launching Session: Greece Scene
2019-07-18 17:45:20.0935 [DEBUG] Connecting
2019-07-18 17:45:20.1153 [DEBUG] Connecting to room (99931:SceneFusion:SceneFusion) via TCP at roommanager-ec2-18-228-191-46.kinematicsoup.com:21312
2019-07-18 17:52:24.3791 [DEBUG] Sent D:/Git/Unity/Peak/KSEditorLogs/SessionLogs/session.99931-636990687202397015.log
2019-07-18 17:58:50.1052 [DEBUG] Scene Fusion version 1.8.2-3
2019-07-18 17:58:50.2733 [DEBUG] Play mode: True, sync in play mode: True
2019-07-18 17:59:02.6872 [DEBUG] Play mode: False
2019-07-18 17:59:25.6540 [DEBUG] Scene Fusion version 1.8.2-3
2019-07-18 17:59:25.8033 [DEBUG] Play mode: True, sync in play mode: True
2019-07-18 18:11:18.4187 [DEBUG] Play mode: False
2019-07-18 18:11:40.4723 [DEBUG] Scene Fusion version 1.8.2-3
2019-07-18 18:11:40.6399 [DEBUG] Play mode: True, sync in play mode: True
2019-07-18 18:17:18.4847 [DEBUG] Play mode: False
2019-07-18 18:59:40.7390 [DEBUG] Scene Fusion version 1.8.2-3
2019-07-18 18:59:48.6927 [INFO] Launching Session: Greece Scene
2019-07-18 18:59:54.5256 [DEBUG] Connecting
2019-07-18 18:59:54.5460 [DEBUG] Connecting to room (99949:SceneFusion:SceneFusion) via TCP at roommanager-vps669840.kinematicsoup.com:21312
2019-07-18 18:59:59.9231 [DEBUG] Sent D:/Git/Unity/Peak/KSEditorLogs/SessionLogs/session.99949-636990731945990829.log
2019-07-18 18:59:59.9236 [DEBUG] Connection failed. (99949:SceneFusion:SceneFusion)
2019-07-18 19:00:03.0266 [INFO] Launching Session: Greece Scene
2019-07-18 19:00:06.0937 [DEBUG] Connecting
2019-07-18 19:00:06.1040 [DEBUG] Connecting to room (99950:SceneFusion:SceneFusion) via TCP at roommanager-vps230018.kinematicsoup.com:21312
2019-07-18 19:10:45.9147 [DEBUG] Scene Fusion version 1.8.2-3
2019-07-18 19:30:02.9855 [DEBUG] Scene Fusion version 1.8.2-3
2019-07-18 19:30:03.1402 [DEBUG] Play mode: True, sync in play mode: True
2019-07-18 19:30:05.8702 [DEBUG] Play mode: False
2019-07-18 19:30:17.8987 [DEBUG] Scene Fusion version 1.8.2-3
2019-07-18 19:30:18.0495 [DEBUG] Play mode: True, sync in play mode: True
2019-07-18 19:30:20.2522 [DEBUG] Play mode: False
2019-07-18 19:30:27.1362 [DEBUG] Scene Fusion version 1.8.2-3
2019-07-18 19:30:27.2999 [DEBUG] Play mode: True, sync in play mode: True
2019-07-18 19:30:59.6971 [DEBUG] Play mode: False
2019-07-18 19:33:03.0729 [DEBUG] Scene Fusion version 1.8.2-3
2019-07-18 19:33:03.2252 [DEBUG] Play mode: True, sync in play mode: True
2019-07-18 19:33:45.9259 [DEBUG] Play mode: False
2019-07-18 19:35:28.9716 [DEBUG] Scene Fusion version 1.8.2-3
2019-07-18 19:35:29.1179 [DEBUG] Play mode: True, sync in play mode: True
2019-07-18 19:37:03.8454 [DEBUG] Play mode: False
<<<<<<< Updated upstream
2019-07-18 21:32:34.9202 [INFO] Launching Session: Greece Scene
2019-07-18 21:32:35.7876 [DEBUG] Connecting
2019-07-18 21:32:35.8108 [DEBUG] Connecting to room (99957:SceneFusion:SceneFusion) via TCP at roommanager-ec2-35-164-71-216.kinematicsoup.com:21312
2019-07-18 22:07:29.3856 [DEBUG] Sent D:/Git/Unity/Peak/KSEditorLogs/SessionLogs/session.99957-636990823558679284.log
2019-07-18 22:31:21.2815 [DEBUG] Sent D:/Git/Unity/Peak/KSEditorLogs/SessionLogs/session.99960-636990852348406410.log
=======
=======
2019-07-18 17:45:03.6900 [DEBUG] Scene Fusion version 1.8.2-3
2019-07-18 17:45:45.4357 [DEBUG] Connecting
2019-07-18 17:45:45.4646 [DEBUG] Connecting to room (99931:SceneFusion:SceneFusion) via TCP at roommanager-ec2-18-228-191-46.kinematicsoup.com:21312
2019-07-18 17:52:05.5077 [DEBUG] Sent C:/Users/Jason/Documents/Git/Peak/KSEditorLogs/SessionLogs/session.99931-636990687456815316.log
2019-07-18 17:52:55.4878 [DEBUG] Scene Fusion version 1.8.2-3
2019-07-18 21:29:49.0342 [DEBUG] Scene Fusion version 1.8.2-3
>>>>>>> Stashed changes
2019-07-18 21:35:21.6577 [DEBUG] Scene Fusion version 1.8.2-3
2019-07-18 21:35:23.8885 [DEBUG] Invalid token sent as part of a web request token. Token = zc4T3t9E7gecUUJptDYC33wjX0KsdtiJ7t8KpTrntTE9gFwWMWabRFodxxdguueoBTPxmKgBFylDEDGWxWbWBlCY4daMg73sdY6sfHUAELXHKksdjWJeMmpaiuTcN9zXIby4a0XrHE3rRkpQmR25kampbkQfcL4bnjTrbuEHWTsdRtwYoDPGlr54gKN4LxCh6acw3x7gOl89RjhXnnS7ume2b2dOnegSsp9sgz7Zg6U4Ha0eKMb9GNyhXH1M0Bh
2019-07-18 21:35:46.8759 [DEBUG] Connecting
2019-07-18 21:35:46.9058 [DEBUG] Connecting to room (99957:SceneFusion:SceneFusion) via TCP at roommanager-ec2-35-164-71-216.kinematicsoup.com:21312
>>>>>>> Stashed changes
